2021-10-31 21:05:27,197 p=37563 u=rob n=ansible | PLAY [prepare node and Lab] ******************************************************************************************************************************************************
2021-10-31 21:05:27,212 p=37563 u=rob n=ansible | TASK [eve-ng-create-node : fail] *************************************************************************************************************************************************
2021-10-31 21:05:27,224 p=37563 u=rob n=ansible | skipping: [eveng]
2021-10-31 21:05:27,229 p=37563 u=rob n=ansible | skipping: [vyos-oobm]
2021-10-31 21:05:27,234 p=37563 u=rob n=ansible | skipping: [PE1]
2021-10-31 21:05:27,236 p=37563 u=rob n=ansible | skipping: [PE2]
2021-10-31 21:05:27,238 p=37563 u=rob n=ansible | skipping: [PE3]
2021-10-31 21:05:27,240 p=37563 u=rob n=ansible | TASK [eve-ng-create-node : fail] *************************************************************************************************************************************************
2021-10-31 21:05:27,252 p=37563 u=rob n=ansible | skipping: [eveng]
2021-10-31 21:05:27,257 p=37563 u=rob n=ansible | skipping: [vyos-oobm]
2021-10-31 21:05:27,263 p=37563 u=rob n=ansible | skipping: [PE1]
2021-10-31 21:05:27,264 p=37563 u=rob n=ansible | skipping: [PE2]
2021-10-31 21:05:27,267 p=37563 u=rob n=ansible | skipping: [PE3]
2021-10-31 21:05:27,270 p=37563 u=rob n=ansible | TASK [eve-ng-create-node : Login to EVE-NG and get Cookie] ***********************************************************************************************************************
2021-10-31 21:05:27,287 p=37563 u=rob n=ansible | skipping: [vyos-oobm]
2021-10-31 21:05:27,292 p=37563 u=rob n=ansible | skipping: [PE1]
2021-10-31 21:05:27,294 p=37563 u=rob n=ansible | skipping: [PE2]
2021-10-31 21:05:27,296 p=37563 u=rob n=ansible | skipping: [PE3]
2021-10-31 21:05:28,375 p=37563 u=rob n=ansible | ok: [eveng]
2021-10-31 21:05:28,383 p=37563 u=rob n=ansible | TASK [eve-ng-create-node : get template facts] ***********************************************************************************************************************************
2021-10-31 21:05:28,411 p=37563 u=rob n=ansible | skipping: [vyos-oobm]
2021-10-31 21:05:28,418 p=37563 u=rob n=ansible | skipping: [PE1]
2021-10-31 21:05:28,420 p=37563 u=rob n=ansible | skipping: [PE2]
2021-10-31 21:05:28,424 p=37563 u=rob n=ansible | skipping: [PE3]
2021-10-31 21:05:28,893 p=37563 u=rob n=ansible | ok: [eveng]
2021-10-31 21:05:28,901 p=37563 u=rob n=ansible | TASK [eve-ng-create-node : Register path status] *********************************************************************************************************************************
2021-10-31 21:05:28,929 p=37563 u=rob n=ansible | skipping: [vyos-oobm]
2021-10-31 21:05:28,965 p=37563 u=rob n=ansible | skipping: [PE1]
2021-10-31 21:05:28,965 p=37563 u=rob n=ansible | skipping: [PE2]
2021-10-31 21:05:28,968 p=37563 u=rob n=ansible | skipping: [PE3]
2021-10-31 21:05:29,257 p=37563 u=rob n=ansible | ok: [eveng]
2021-10-31 21:05:29,261 p=37563 u=rob n=ansible | TASK [eve-ng-create-node : create path] ******************************************************************************************************************************************
2021-10-31 21:05:29,279 p=37563 u=rob n=ansible | skipping: [eveng]
2021-10-31 21:05:29,286 p=37563 u=rob n=ansible | skipping: [vyos-oobm]
2021-10-31 21:05:29,292 p=37563 u=rob n=ansible | skipping: [PE1]
2021-10-31 21:05:29,309 p=37563 u=rob n=ansible | skipping: [PE2]
2021-10-31 21:05:29,309 p=37563 u=rob n=ansible | skipping: [PE3]
2021-10-31 21:05:29,312 p=37563 u=rob n=ansible | TASK [eve-ng-create-node : Download iso] *****************************************************************************************************************************************
2021-10-31 21:05:29,324 p=37563 u=rob n=ansible | skipping: [eveng]
2021-10-31 21:05:29,330 p=37563 u=rob n=ansible | skipping: [vyos-oobm]
2021-10-31 21:05:29,335 p=37563 u=rob n=ansible | skipping: [PE1]
2021-10-31 21:05:29,337 p=37563 u=rob n=ansible | skipping: [PE2]
2021-10-31 21:05:29,340 p=37563 u=rob n=ansible | skipping: [PE3]
2021-10-31 21:05:29,342 p=37563 u=rob n=ansible | TASK [eve-ng-create-node : create virtioa.qcow2 file] ****************************************************************************************************************************
2021-10-31 21:05:29,356 p=37563 u=rob n=ansible | skipping: [eveng]
2021-10-31 21:05:29,361 p=37563 u=rob n=ansible | skipping: [vyos-oobm]
2021-10-31 21:05:29,366 p=37563 u=rob n=ansible | skipping: [PE1]
2021-10-31 21:05:29,368 p=37563 u=rob n=ansible | skipping: [PE2]
2021-10-31 21:05:29,371 p=37563 u=rob n=ansible | skipping: [PE3]
2021-10-31 21:05:29,373 p=37563 u=rob n=ansible | TASK [eve-ng-create-node : Login to EVE-NG and get Cookie] ***********************************************************************************************************************
2021-10-31 21:05:29,385 p=37563 u=rob n=ansible | skipping: [eveng]
2021-10-31 21:05:29,390 p=37563 u=rob n=ansible | skipping: [vyos-oobm]
2021-10-31 21:05:29,395 p=37563 u=rob n=ansible | skipping: [PE1]
2021-10-31 21:05:29,397 p=37563 u=rob n=ansible | skipping: [PE2]
2021-10-31 21:05:29,400 p=37563 u=rob n=ansible | skipping: [PE3]
2021-10-31 21:05:29,402 p=37563 u=rob n=ansible | TASK [eve-ng-create-node : create lab for node install] **************************************************************************************************************************
2021-10-31 21:05:29,414 p=37563 u=rob n=ansible | skipping: [eveng]
2021-10-31 21:05:29,419 p=37563 u=rob n=ansible | skipping: [vyos-oobm]
2021-10-31 21:05:29,425 p=37563 u=rob n=ansible | skipping: [PE1]
2021-10-31 21:05:29,426 p=37563 u=rob n=ansible | skipping: [PE2]
2021-10-31 21:05:29,429 p=37563 u=rob n=ansible | skipping: [PE3]
2021-10-31 21:05:29,431 p=37563 u=rob n=ansible | TASK [eve-ng-create-node : open lab] *********************************************************************************************************************************************
2021-10-31 21:05:29,443 p=37563 u=rob n=ansible | skipping: [eveng]
2021-10-31 21:05:29,448 p=37563 u=rob n=ansible | skipping: [vyos-oobm]
2021-10-31 21:05:29,454 p=37563 u=rob n=ansible | skipping: [PE1]
2021-10-31 21:05:29,456 p=37563 u=rob n=ansible | skipping: [PE2]
2021-10-31 21:05:29,458 p=37563 u=rob n=ansible | skipping: [PE3]
2021-10-31 21:05:29,462 p=37563 u=rob n=ansible | TASK [eve-ng-create-node : set_fact] *********************************************************************************************************************************************
2021-10-31 21:05:29,473 p=37563 u=rob n=ansible | skipping: [eveng]
2021-10-31 21:05:29,478 p=37563 u=rob n=ansible | skipping: [vyos-oobm]
2021-10-31 21:05:29,484 p=37563 u=rob n=ansible | skipping: [PE1]
2021-10-31 21:05:29,486 p=37563 u=rob n=ansible | skipping: [PE2]
2021-10-31 21:05:29,488 p=37563 u=rob n=ansible | skipping: [PE3]
2021-10-31 21:05:29,490 p=37563 u=rob n=ansible | TASK [eve-ng-create-node : add node to lab] **************************************************************************************************************************************
2021-10-31 21:05:29,502 p=37563 u=rob n=ansible | skipping: [eveng]
2021-10-31 21:05:29,507 p=37563 u=rob n=ansible | skipping: [vyos-oobm]
2021-10-31 21:05:29,513 p=37563 u=rob n=ansible | skipping: [PE1]
2021-10-31 21:05:29,514 p=37563 u=rob n=ansible | skipping: [PE2]
2021-10-31 21:05:29,517 p=37563 u=rob n=ansible | skipping: [PE3]
2021-10-31 21:05:29,519 p=37563 u=rob n=ansible | TASK [eve-ng-create-node : start node] *******************************************************************************************************************************************
2021-10-31 21:05:29,530 p=37563 u=rob n=ansible | skipping: [eveng]
2021-10-31 21:05:29,536 p=37563 u=rob n=ansible | skipping: [vyos-oobm]
2021-10-31 21:05:29,541 p=37563 u=rob n=ansible | skipping: [PE1]
2021-10-31 21:05:29,543 p=37563 u=rob n=ansible | skipping: [PE2]
2021-10-31 21:05:29,546 p=37563 u=rob n=ansible | skipping: [PE3]
2021-10-31 21:05:29,548 p=37563 u=rob n=ansible | TASK [eve-ng-create-node : get node infos] ***************************************************************************************************************************************
2021-10-31 21:05:29,560 p=37563 u=rob n=ansible | skipping: [eveng]
2021-10-31 21:05:29,565 p=37563 u=rob n=ansible | skipping: [vyos-oobm]
2021-10-31 21:05:29,571 p=37563 u=rob n=ansible | skipping: [PE1]
2021-10-31 21:05:29,572 p=37563 u=rob n=ansible | skipping: [PE2]
2021-10-31 21:05:29,576 p=37563 u=rob n=ansible | skipping: [PE3]
2021-10-31 21:05:29,578 p=37563 u=rob n=ansible | TASK [eve-ng-create-node : set_fact] *********************************************************************************************************************************************
2021-10-31 21:05:29,589 p=37563 u=rob n=ansible | skipping: [eveng]
2021-10-31 21:05:29,594 p=37563 u=rob n=ansible | skipping: [vyos-oobm]
2021-10-31 21:05:29,600 p=37563 u=rob n=ansible | skipping: [PE1]
2021-10-31 21:05:29,601 p=37563 u=rob n=ansible | skipping: [PE2]
2021-10-31 21:05:29,605 p=37563 u=rob n=ansible | skipping: [PE3]
2021-10-31 21:05:29,607 p=37563 u=rob n=ansible | TASK [eve-ng-create-node : copy file] ********************************************************************************************************************************************
2021-10-31 21:05:29,618 p=37563 u=rob n=ansible | skipping: [eveng]
2021-10-31 21:05:29,624 p=37563 u=rob n=ansible | skipping: [vyos-oobm]
2021-10-31 21:05:29,629 p=37563 u=rob n=ansible | skipping: [PE1]
2021-10-31 21:05:29,631 p=37563 u=rob n=ansible | skipping: [PE2]
2021-10-31 21:05:29,634 p=37563 u=rob n=ansible | skipping: [PE3]
2021-10-31 21:05:29,636 p=37563 u=rob n=ansible | TASK [eve-ng-create-node : run expect script] ************************************************************************************************************************************
2021-10-31 21:05:29,647 p=37563 u=rob n=ansible | skipping: [eveng]
2021-10-31 21:05:29,652 p=37563 u=rob n=ansible | skipping: [vyos-oobm]
2021-10-31 21:05:29,659 p=37563 u=rob n=ansible | skipping: [PE1]
2021-10-31 21:05:29,661 p=37563 u=rob n=ansible | skipping: [PE2]
2021-10-31 21:05:29,663 p=37563 u=rob n=ansible | skipping: [PE3]
2021-10-31 21:05:29,665 p=37563 u=rob n=ansible | TASK [eve-ng-create-node : Login to EVE-NG and get Cookie (due timeout)] *********************************************************************************************************
2021-10-31 21:05:29,677 p=37563 u=rob n=ansible | skipping: [eveng]
2021-10-31 21:05:29,682 p=37563 u=rob n=ansible | skipping: [vyos-oobm]
2021-10-31 21:05:29,688 p=37563 u=rob n=ansible | skipping: [PE1]
2021-10-31 21:05:29,689 p=37563 u=rob n=ansible | skipping: [PE2]
2021-10-31 21:05:29,692 p=37563 u=rob n=ansible | skipping: [PE3]
2021-10-31 21:05:29,694 p=37563 u=rob n=ansible | TASK [eve-ng-create-node : stop node] ********************************************************************************************************************************************
2021-10-31 21:05:29,705 p=37563 u=rob n=ansible | skipping: [eveng]
2021-10-31 21:05:29,711 p=37563 u=rob n=ansible | skipping: [vyos-oobm]
2021-10-31 21:05:29,717 p=37563 u=rob n=ansible | skipping: [PE1]
2021-10-31 21:05:29,717 p=37563 u=rob n=ansible | skipping: [PE2]
2021-10-31 21:05:29,721 p=37563 u=rob n=ansible | skipping: [PE3]
2021-10-31 21:05:29,724 p=37563 u=rob n=ansible | TASK [eve-ng-create-node : Pause to wait node is shutdown] ***********************************************************************************************************************
2021-10-31 21:05:29,731 p=37563 u=rob n=ansible | skipping: [eveng]
2021-10-31 21:05:29,733 p=37563 u=rob n=ansible | TASK [eve-ng-create-node : delete iso] *******************************************************************************************************************************************
2021-10-31 21:05:29,745 p=37563 u=rob n=ansible | skipping: [eveng]
2021-10-31 21:05:29,751 p=37563 u=rob n=ansible | skipping: [vyos-oobm]
2021-10-31 21:05:29,756 p=37563 u=rob n=ansible | skipping: [PE1]
2021-10-31 21:05:29,758 p=37563 u=rob n=ansible | skipping: [PE2]
2021-10-31 21:05:29,760 p=37563 u=rob n=ansible | skipping: [PE3]
2021-10-31 21:05:29,762 p=37563 u=rob n=ansible | TASK [eve-ng-create-node : commit virtioa.qcow2] *********************************************************************************************************************************
2021-10-31 21:05:29,774 p=37563 u=rob n=ansible | skipping: [eveng]
2021-10-31 21:05:29,780 p=37563 u=rob n=ansible | skipping: [vyos-oobm]
2021-10-31 21:05:29,785 p=37563 u=rob n=ansible | skipping: [PE1]
2021-10-31 21:05:29,787 p=37563 u=rob n=ansible | skipping: [PE2]
2021-10-31 21:05:29,790 p=37563 u=rob n=ansible | skipping: [PE3]
2021-10-31 21:05:29,792 p=37563 u=rob n=ansible | TASK [eve-ng-create-node : delete lab for node install] **************************************************************************************************************************
2021-10-31 21:05:29,804 p=37563 u=rob n=ansible | skipping: [eveng]
2021-10-31 21:05:29,809 p=37563 u=rob n=ansible | skipping: [vyos-oobm]
2021-10-31 21:05:29,815 p=37563 u=rob n=ansible | skipping: [PE1]
2021-10-31 21:05:29,817 p=37563 u=rob n=ansible | skipping: [PE2]
2021-10-31 21:05:29,819 p=37563 u=rob n=ansible | skipping: [PE3]
2021-10-31 21:05:29,827 p=37563 u=rob n=ansible | TASK [eve-ng-lab-test : fail] ****************************************************************************************************************************************************
2021-10-31 21:05:29,839 p=37563 u=rob n=ansible | skipping: [eveng]
2021-10-31 21:05:29,844 p=37563 u=rob n=ansible | skipping: [vyos-oobm]
2021-10-31 21:05:29,849 p=37563 u=rob n=ansible | skipping: [PE1]
2021-10-31 21:05:29,851 p=37563 u=rob n=ansible | skipping: [PE2]
2021-10-31 21:05:29,853 p=37563 u=rob n=ansible | skipping: [PE3]
2021-10-31 21:05:29,856 p=37563 u=rob n=ansible | TASK [eve-ng-lab-test : Login to EVE-NG and get Cookie] **************************************************************************************************************************
2021-10-31 21:05:29,873 p=37563 u=rob n=ansible | skipping: [vyos-oobm]
2021-10-31 21:05:29,879 p=37563 u=rob n=ansible | skipping: [PE1]
2021-10-31 21:05:29,881 p=37563 u=rob n=ansible | skipping: [PE2]
2021-10-31 21:05:29,883 p=37563 u=rob n=ansible | skipping: [PE3]
2021-10-31 21:05:30,514 p=37563 u=rob n=ansible | ok: [eveng]
2021-10-31 21:05:30,520 p=37563 u=rob n=ansible | TASK [eve-ng-lab-test : get running lab list] ************************************************************************************************************************************
2021-10-31 21:05:30,552 p=37563 u=rob n=ansible | skipping: [vyos-oobm]
2021-10-31 21:05:30,561 p=37563 u=rob n=ansible | skipping: [PE1]
2021-10-31 21:05:30,562 p=37563 u=rob n=ansible | skipping: [PE2]
2021-10-31 21:05:30,567 p=37563 u=rob n=ansible | skipping: [PE3]
2021-10-31 21:05:31,015 p=37563 u=rob n=ansible | ok: [eveng]
2021-10-31 21:05:31,022 p=37563 u=rob n=ansible | TASK [eve-ng-lab-test : delte existing lab] **************************************************************************************************************************************
2021-10-31 21:05:31,052 p=37563 u=rob n=ansible | skipping: [vyos-oobm]
2021-10-31 21:05:31,060 p=37563 u=rob n=ansible | skipping: [PE1]
2021-10-31 21:05:31,062 p=37563 u=rob n=ansible | skipping: [PE2]
2021-10-31 21:05:31,066 p=37563 u=rob n=ansible | skipping: [PE3]
2021-10-31 21:05:31,656 p=37563 u=rob n=ansible | ok: [eveng]
2021-10-31 21:05:31,664 p=37563 u=rob n=ansible | TASK [eve-ng-lab-test : Ensure labtest is present] *******************************************************************************************************************************
2021-10-31 21:05:31,695 p=37563 u=rob n=ansible | skipping: [vyos-oobm]
2021-10-31 21:05:31,702 p=37563 u=rob n=ansible | skipping: [PE1]
2021-10-31 21:05:31,703 p=37563 u=rob n=ansible | skipping: [PE2]
2021-10-31 21:05:31,708 p=37563 u=rob n=ansible | skipping: [PE3]
2021-10-31 21:05:32,022 p=37563 u=rob n=ansible | ok: [eveng]
2021-10-31 21:05:32,027 p=37563 u=rob n=ansible | TASK [eve-ng-lab-test : Create L3VPN_EVPN Lab] ***********************************************************************************************************************************
2021-10-31 21:05:32,052 p=37563 u=rob n=ansible | skipping: [vyos-oobm]
2021-10-31 21:05:32,058 p=37563 u=rob n=ansible | skipping: [PE1]
2021-10-31 21:05:32,059 p=37563 u=rob n=ansible | skipping: [PE2]
2021-10-31 21:05:32,063 p=37563 u=rob n=ansible | skipping: [PE3]
2021-10-31 21:05:32,741 p=37563 u=rob n=ansible | changed: [eveng]
2021-10-31 21:05:32,746 p=37563 u=rob n=ansible | TASK [eve-ng-lab-test : Login to EVE-NG and get Cookie] **************************************************************************************************************************
2021-10-31 21:05:32,770 p=37563 u=rob n=ansible | skipping: [vyos-oobm]
2021-10-31 21:05:32,777 p=37563 u=rob n=ansible | skipping: [PE1]
2021-10-31 21:05:32,778 p=37563 u=rob n=ansible | skipping: [PE2]
2021-10-31 21:05:32,782 p=37563 u=rob n=ansible | skipping: [PE3]
2021-10-31 21:05:33,420 p=37563 u=rob n=ansible | ok: [eveng]
2021-10-31 21:05:33,427 p=37563 u=rob n=ansible | TASK [eve-ng-lab-test : start vyos-oobm] *****************************************************************************************************************************************
2021-10-31 21:05:33,457 p=37563 u=rob n=ansible | skipping: [vyos-oobm]
2021-10-31 21:05:33,464 p=37563 u=rob n=ansible | skipping: [PE1]
2021-10-31 21:05:33,466 p=37563 u=rob n=ansible | skipping: [PE2]
2021-10-31 21:05:33,470 p=37563 u=rob n=ansible | skipping: [PE3]
2021-10-31 21:05:34,463 p=37563 u=rob n=ansible | ok: [eveng]
2021-10-31 21:05:34,470 p=37563 u=rob n=ansible | TASK [eve-ng-lab-test : Wait for vyos-oobm] **************************************************************************************************************************************
2021-10-31 21:05:34,493 p=37563 u=rob n=ansible | skipping: [eveng]
2021-10-31 21:05:34,508 p=37563 u=rob n=ansible | skipping: [PE1]
2021-10-31 21:05:34,509 p=37563 u=rob n=ansible | skipping: [PE2]
2021-10-31 21:05:34,514 p=37563 u=rob n=ansible | skipping: [PE3]
2021-10-31 21:06:21,606 p=37563 u=rob n=ansible | ok: [vyos-oobm]
2021-10-31 21:06:21,614 p=37563 u=rob n=ansible | TASK [eve-ng-lab-test : Login to EVE-NG and get Cookie] **************************************************************************************************************************
2021-10-31 21:06:21,644 p=37563 u=rob n=ansible | skipping: [vyos-oobm]
2021-10-31 21:06:21,651 p=37563 u=rob n=ansible | skipping: [PE1]
2021-10-31 21:06:21,653 p=37563 u=rob n=ansible | skipping: [PE2]
2021-10-31 21:06:21,657 p=37563 u=rob n=ansible | skipping: [PE3]
2021-10-31 21:06:22,283 p=37563 u=rob n=ansible | ok: [eveng]
2021-10-31 21:06:22,289 p=37563 u=rob n=ansible | TASK [eve-ng-lab-test : get lab status] ******************************************************************************************************************************************
2021-10-31 21:06:22,319 p=37563 u=rob n=ansible | skipping: [vyos-oobm]
2021-10-31 21:06:22,326 p=37563 u=rob n=ansible | skipping: [PE1]
2021-10-31 21:06:22,328 p=37563 u=rob n=ansible | skipping: [PE2]
2021-10-31 21:06:22,333 p=37563 u=rob n=ansible | skipping: [PE3]
2021-10-31 21:06:22,811 p=37563 u=rob n=ansible | ok: [eveng]
2021-10-31 21:06:22,818 p=37563 u=rob n=ansible | TASK [eve-ng-lab-test : start all nodes] *****************************************************************************************************************************************
2021-10-31 21:06:22,846 p=37563 u=rob n=ansible | skipping: [vyos-oobm]
2021-10-31 21:06:22,853 p=37563 u=rob n=ansible | skipping: [PE1]
2021-10-31 21:06:22,855 p=37563 u=rob n=ansible | skipping: [PE2]
2021-10-31 21:06:22,860 p=37563 u=rob n=ansible | skipping: [PE3]
2021-10-31 21:06:23,971 p=37563 u=rob n=ansible | ok: [eveng] => (item=2)
2021-10-31 21:06:25,294 p=37563 u=rob n=ansible | ok: [eveng] => (item=3)
2021-10-31 21:06:26,796 p=37563 u=rob n=ansible | ok: [eveng] => (item=4)
2021-10-31 21:06:27,833 p=37563 u=rob n=ansible | ok: [eveng] => (item=5)
2021-10-31 21:06:28,682 p=37563 u=rob n=ansible | ok: [eveng] => (item=6)
2021-10-31 21:06:29,653 p=37563 u=rob n=ansible | ok: [eveng] => (item=7)
2021-10-31 21:06:30,530 p=37563 u=rob n=ansible | ok: [eveng] => (item=8)
2021-10-31 21:06:31,448 p=37563 u=rob n=ansible | ok: [eveng] => (item=9)
2021-10-31 21:06:32,423 p=37563 u=rob n=ansible | ok: [eveng] => (item=10)
2021-10-31 21:06:33,381 p=37563 u=rob n=ansible | ok: [eveng] => (item=11)
2021-10-31 21:06:34,012 p=37563 u=rob n=ansible | ok: [eveng] => (item=1)
2021-10-31 21:06:34,022 p=37563 u=rob n=ansible | TASK [eve-ng-lab-test : Wait for vyos nodes] *************************************************************************************************************************************
2021-10-31 21:06:34,043 p=37563 u=rob n=ansible | skipping: [eveng]
2021-10-31 21:06:34,051 p=37563 u=rob n=ansible | skipping: [vyos-oobm]
2021-10-31 21:06:35,020 p=38106 u=rob n=ansible | network_os is set to vyos
2021-10-31 21:06:35,020 p=38108 u=rob n=ansible | network_os is set to vyos
2021-10-31 21:06:35,020 p=38107 u=rob n=ansible | network_os is set to vyos
2021-10-31 21:06:50,052 p=38108 u=rob n=p=38108 u=rob | paramiko [PE3] | Exception: Error reading SSH protocol banner
2021-10-31 21:06:50,055 p=38108 u=rob n=p=38108 u=rob | paramiko [PE3] | Traceback (most recent call last):
2021-10-31 21:06:50,055 p=38108 u=rob n=p=38108 u=rob | paramiko [PE3] |   File "/Users/rob/.local/share/virtualenvs/vyos-eveng-b9X2mBdh/lib/python3.9/site-packages/paramiko/transport.py", line 2211, in _check_banner
2021-10-31 21:06:50,056 p=38108 u=rob n=p=38108 u=rob | paramiko [PE3] |     buf = self.packetizer.readline(timeout)
2021-10-31 21:06:50,056 p=38108 u=rob n=p=38108 u=rob | paramiko [PE3] |   File "/Users/rob/.local/share/virtualenvs/vyos-eveng-b9X2mBdh/lib/python3.9/site-packages/paramiko/packet.py", line 380, in readline
2021-10-31 21:06:50,056 p=38108 u=rob n=p=38108 u=rob | paramiko [PE3] |     buf += self._read_timeout(timeout)
2021-10-31 21:06:50,056 p=38108 u=rob n=p=38108 u=rob | paramiko [PE3] |   File "/Users/rob/.local/share/virtualenvs/vyos-eveng-b9X2mBdh/lib/python3.9/site-packages/paramiko/packet.py", line 622, in _read_timeout
2021-10-31 21:06:50,056 p=38108 u=rob n=p=38108 u=rob | paramiko [PE3] |     raise socket.timeout()
2021-10-31 21:06:50,056 p=38108 u=rob n=p=38108 u=rob | paramiko [PE3] | socket.timeout
2021-10-31 21:06:50,056 p=38108 u=rob n=p=38108 u=rob | paramiko [PE3] | 
2021-10-31 21:06:50,057 p=38108 u=rob n=p=38108 u=rob | paramiko [PE3] | During handling of the above exception, another exception occurred:
2021-10-31 21:06:50,057 p=38108 u=rob n=p=38108 u=rob | paramiko [PE3] | 
2021-10-31 21:06:50,057 p=38108 u=rob n=p=38108 u=rob | paramiko [PE3] | Traceback (most recent call last):
2021-10-31 21:06:50,057 p=38108 u=rob n=p=38108 u=rob | paramiko [PE3] |   File "/Users/rob/.local/share/virtualenvs/vyos-eveng-b9X2mBdh/lib/python3.9/site-packages/paramiko/transport.py", line 2039, in run
2021-10-31 21:06:50,057 p=38108 u=rob n=p=38108 u=rob | paramiko [PE3] |     self._check_banner()
2021-10-31 21:06:50,057 p=38108 u=rob n=p=38108 u=rob | paramiko [PE3] |   File "/Users/rob/.local/share/virtualenvs/vyos-eveng-b9X2mBdh/lib/python3.9/site-packages/paramiko/transport.py", line 2215, in _check_banner
2021-10-31 21:06:50,057 p=38108 u=rob n=p=38108 u=rob | paramiko [PE3] |     raise SSHException(
2021-10-31 21:06:50,058 p=38108 u=rob n=p=38108 u=rob | paramiko [PE3] | paramiko.ssh_exception.SSHException: Error reading SSH protocol banner
2021-10-31 21:06:50,058 p=38108 u=rob n=p=38108 u=rob | paramiko [PE3] | 
2021-10-31 21:06:50,065 p=38106 u=rob n=p=38106 u=rob | paramiko [PE1] | Exception: Error reading SSH protocol banner
2021-10-31 21:06:50,066 p=38106 u=rob n=p=38106 u=rob | paramiko [PE1] | Traceback (most recent call last):
2021-10-31 21:06:50,066 p=38106 u=rob n=p=38106 u=rob | paramiko [PE1] |   File "/Users/rob/.local/share/virtualenvs/vyos-eveng-b9X2mBdh/lib/python3.9/site-packages/paramiko/transport.py", line 2211, in _check_banner
2021-10-31 21:06:50,066 p=38106 u=rob n=p=38106 u=rob | paramiko [PE1] |     buf = self.packetizer.readline(timeout)
2021-10-31 21:06:50,066 p=38106 u=rob n=p=38106 u=rob | paramiko [PE1] |   File "/Users/rob/.local/share/virtualenvs/vyos-eveng-b9X2mBdh/lib/python3.9/site-packages/paramiko/packet.py", line 380, in readline
2021-10-31 21:06:50,067 p=38106 u=rob n=p=38106 u=rob | paramiko [PE1] |     buf += self._read_timeout(timeout)
2021-10-31 21:06:50,067 p=38106 u=rob n=p=38106 u=rob | paramiko [PE1] |   File "/Users/rob/.local/share/virtualenvs/vyos-eveng-b9X2mBdh/lib/python3.9/site-packages/paramiko/packet.py", line 622, in _read_timeout
2021-10-31 21:06:50,067 p=38106 u=rob n=p=38106 u=rob | paramiko [PE1] |     raise socket.timeout()
2021-10-31 21:06:50,067 p=38106 u=rob n=p=38106 u=rob | paramiko [PE1] | socket.timeout
2021-10-31 21:06:50,067 p=38106 u=rob n=p=38106 u=rob | paramiko [PE1] | 
2021-10-31 21:06:50,067 p=38106 u=rob n=p=38106 u=rob | paramiko [PE1] | During handling of the above exception, another exception occurred:
2021-10-31 21:06:50,067 p=38106 u=rob n=p=38106 u=rob | paramiko [PE1] | 
2021-10-31 21:06:50,068 p=38106 u=rob n=p=38106 u=rob | paramiko [PE1] | Traceback (most recent call last):
2021-10-31 21:06:50,068 p=38106 u=rob n=p=38106 u=rob | paramiko [PE1] |   File "/Users/rob/.local/share/virtualenvs/vyos-eveng-b9X2mBdh/lib/python3.9/site-packages/paramiko/transport.py", line 2039, in run
2021-10-31 21:06:50,068 p=38107 u=rob n=p=38107 u=rob | paramiko [PE2] | Exception: Error reading SSH protocol banner
2021-10-31 21:06:50,068 p=38106 u=rob n=p=38106 u=rob | paramiko [PE1] |     self._check_banner()
2021-10-31 21:06:50,068 p=38106 u=rob n=p=38106 u=rob | paramiko [PE1] |   File "/Users/rob/.local/share/virtualenvs/vyos-eveng-b9X2mBdh/lib/python3.9/site-packages/paramiko/transport.py", line 2215, in _check_banner
2021-10-31 21:06:50,068 p=38106 u=rob n=p=38106 u=rob | paramiko [PE1] |     raise SSHException(
2021-10-31 21:06:50,068 p=38106 u=rob n=p=38106 u=rob | paramiko [PE1] | paramiko.ssh_exception.SSHException: Error reading SSH protocol banner
2021-10-31 21:06:50,068 p=38106 u=rob n=p=38106 u=rob | paramiko [PE1] | 
2021-10-31 21:06:50,068 p=38107 u=rob n=p=38107 u=rob | paramiko [PE2] | Traceback (most recent call last):
2021-10-31 21:06:50,069 p=38107 u=rob n=p=38107 u=rob | paramiko [PE2] |   File "/Users/rob/.local/share/virtualenvs/vyos-eveng-b9X2mBdh/lib/python3.9/site-packages/paramiko/transport.py", line 2211, in _check_banner
2021-10-31 21:06:50,069 p=38107 u=rob n=p=38107 u=rob | paramiko [PE2] |     buf = self.packetizer.readline(timeout)
2021-10-31 21:06:50,069 p=38107 u=rob n=p=38107 u=rob | paramiko [PE2] |   File "/Users/rob/.local/share/virtualenvs/vyos-eveng-b9X2mBdh/lib/python3.9/site-packages/paramiko/packet.py", line 380, in readline
2021-10-31 21:06:50,069 p=38107 u=rob n=p=38107 u=rob | paramiko [PE2] |     buf += self._read_timeout(timeout)
2021-10-31 21:06:50,069 p=38107 u=rob n=p=38107 u=rob | paramiko [PE2] |   File "/Users/rob/.local/share/virtualenvs/vyos-eveng-b9X2mBdh/lib/python3.9/site-packages/paramiko/packet.py", line 622, in _read_timeout
2021-10-31 21:06:50,069 p=38107 u=rob n=p=38107 u=rob | paramiko [PE2] |     raise socket.timeout()
2021-10-31 21:06:50,069 p=38107 u=rob n=p=38107 u=rob | paramiko [PE2] | socket.timeout
2021-10-31 21:06:50,070 p=38107 u=rob n=p=38107 u=rob | paramiko [PE2] | 
2021-10-31 21:06:50,070 p=38107 u=rob n=p=38107 u=rob | paramiko [PE2] | During handling of the above exception, another exception occurred:
2021-10-31 21:06:50,070 p=38107 u=rob n=p=38107 u=rob | paramiko [PE2] | 
2021-10-31 21:06:50,070 p=38107 u=rob n=p=38107 u=rob | paramiko [PE2] | Traceback (most recent call last):
2021-10-31 21:06:50,070 p=38107 u=rob n=p=38107 u=rob | paramiko [PE2] |   File "/Users/rob/.local/share/virtualenvs/vyos-eveng-b9X2mBdh/lib/python3.9/site-packages/paramiko/transport.py", line 2039, in run
2021-10-31 21:06:50,070 p=38107 u=rob n=p=38107 u=rob | paramiko [PE2] |     self._check_banner()
2021-10-31 21:06:50,070 p=38107 u=rob n=p=38107 u=rob | paramiko [PE2] |   File "/Users/rob/.local/share/virtualenvs/vyos-eveng-b9X2mBdh/lib/python3.9/site-packages/paramiko/transport.py", line 2215, in _check_banner
2021-10-31 21:06:50,070 p=38107 u=rob n=p=38107 u=rob | paramiko [PE2] |     raise SSHException(
2021-10-31 21:06:50,071 p=38107 u=rob n=p=38107 u=rob | paramiko [PE2] | paramiko.ssh_exception.SSHException: Error reading SSH protocol banner
2021-10-31 21:06:50,071 p=38107 u=rob n=p=38107 u=rob | paramiko [PE2] | 
2021-10-31 21:07:06,099 p=38108 u=rob n=p=38108 u=rob | paramiko [PE3] | Exception: Error reading SSH protocol banner
2021-10-31 21:07:06,100 p=38108 u=rob n=p=38108 u=rob | paramiko [PE3] | Traceback (most recent call last):
2021-10-31 21:07:06,100 p=38108 u=rob n=p=38108 u=rob | paramiko [PE3] |   File "/Users/rob/.local/share/virtualenvs/vyos-eveng-b9X2mBdh/lib/python3.9/site-packages/paramiko/transport.py", line 2211, in _check_banner
2021-10-31 21:07:06,100 p=38108 u=rob n=p=38108 u=rob | paramiko [PE3] |     buf = self.packetizer.readline(timeout)
2021-10-31 21:07:06,101 p=38108 u=rob n=p=38108 u=rob | paramiko [PE3] |   File "/Users/rob/.local/share/virtualenvs/vyos-eveng-b9X2mBdh/lib/python3.9/site-packages/paramiko/packet.py", line 380, in readline
2021-10-31 21:07:06,101 p=38108 u=rob n=p=38108 u=rob | paramiko [PE3] |     buf += self._read_timeout(timeout)
2021-10-31 21:07:06,101 p=38108 u=rob n=p=38108 u=rob | paramiko [PE3] |   File "/Users/rob/.local/share/virtualenvs/vyos-eveng-b9X2mBdh/lib/python3.9/site-packages/paramiko/packet.py", line 622, in _read_timeout
2021-10-31 21:07:06,101 p=38108 u=rob n=p=38108 u=rob | paramiko [PE3] |     raise socket.timeout()
2021-10-31 21:07:06,101 p=38108 u=rob n=p=38108 u=rob | paramiko [PE3] | socket.timeout
2021-10-31 21:07:06,101 p=38108 u=rob n=p=38108 u=rob | paramiko [PE3] | 
2021-10-31 21:07:06,101 p=38108 u=rob n=p=38108 u=rob | paramiko [PE3] | During handling of the above exception, another exception occurred:
2021-10-31 21:07:06,102 p=38108 u=rob n=p=38108 u=rob | paramiko [PE3] | 
2021-10-31 21:07:06,102 p=38108 u=rob n=p=38108 u=rob | paramiko [PE3] | Traceback (most recent call last):
2021-10-31 21:07:06,102 p=38108 u=rob n=p=38108 u=rob | paramiko [PE3] |   File "/Users/rob/.local/share/virtualenvs/vyos-eveng-b9X2mBdh/lib/python3.9/site-packages/paramiko/transport.py", line 2039, in run
2021-10-31 21:07:06,102 p=38108 u=rob n=p=38108 u=rob | paramiko [PE3] |     self._check_banner()
2021-10-31 21:07:06,102 p=38108 u=rob n=p=38108 u=rob | paramiko [PE3] |   File "/Users/rob/.local/share/virtualenvs/vyos-eveng-b9X2mBdh/lib/python3.9/site-packages/paramiko/transport.py", line 2215, in _check_banner
2021-10-31 21:07:06,102 p=38108 u=rob n=p=38108 u=rob | paramiko [PE3] |     raise SSHException(
2021-10-31 21:07:06,102 p=38108 u=rob n=p=38108 u=rob | paramiko [PE3] | paramiko.ssh_exception.SSHException: Error reading SSH protocol banner
2021-10-31 21:07:06,103 p=38108 u=rob n=p=38108 u=rob | paramiko [PE3] | 
2021-10-31 21:07:06,111 p=38107 u=rob n=p=38107 u=rob | paramiko [PE2] | Exception: Error reading SSH protocol banner
2021-10-31 21:07:06,112 p=38107 u=rob n=p=38107 u=rob | paramiko [PE2] | Traceback (most recent call last):
2021-10-31 21:07:06,112 p=38107 u=rob n=p=38107 u=rob | paramiko [PE2] |   File "/Users/rob/.local/share/virtualenvs/vyos-eveng-b9X2mBdh/lib/python3.9/site-packages/paramiko/transport.py", line 2211, in _check_banner
2021-10-31 21:07:06,112 p=38107 u=rob n=p=38107 u=rob | paramiko [PE2] |     buf = self.packetizer.readline(timeout)
2021-10-31 21:07:06,112 p=38107 u=rob n=p=38107 u=rob | paramiko [PE2] |   File "/Users/rob/.local/share/virtualenvs/vyos-eveng-b9X2mBdh/lib/python3.9/site-packages/paramiko/packet.py", line 380, in readline
2021-10-31 21:07:06,112 p=38107 u=rob n=p=38107 u=rob | paramiko [PE2] |     buf += self._read_timeout(timeout)
2021-10-31 21:07:06,113 p=38107 u=rob n=p=38107 u=rob | paramiko [PE2] |   File "/Users/rob/.local/share/virtualenvs/vyos-eveng-b9X2mBdh/lib/python3.9/site-packages/paramiko/packet.py", line 622, in _read_timeout
2021-10-31 21:07:06,113 p=38106 u=rob n=p=38106 u=rob | paramiko [PE1] | Exception: Error reading SSH protocol banner
2021-10-31 21:07:06,113 p=38107 u=rob n=p=38107 u=rob | paramiko [PE2] |     raise socket.timeout()
2021-10-31 21:07:06,113 p=38107 u=rob n=p=38107 u=rob | paramiko [PE2] | socket.timeout
2021-10-31 21:07:06,113 p=38106 u=rob n=p=38106 u=rob | paramiko [PE1] | Traceback (most recent call last):
2021-10-31 21:07:06,113 p=38107 u=rob n=p=38107 u=rob | paramiko [PE2] | 
2021-10-31 21:07:06,113 p=38106 u=rob n=p=38106 u=rob | paramiko [PE1] |   File "/Users/rob/.local/share/virtualenvs/vyos-eveng-b9X2mBdh/lib/python3.9/site-packages/paramiko/transport.py", line 2211, in _check_banner
2021-10-31 21:07:06,113 p=38107 u=rob n=p=38107 u=rob | paramiko [PE2] | During handling of the above exception, another exception occurred:
2021-10-31 21:07:06,113 p=38106 u=rob n=p=38106 u=rob | paramiko [PE1] |     buf = self.packetizer.readline(timeout)
2021-10-31 21:07:06,113 p=38107 u=rob n=p=38107 u=rob | paramiko [PE2] | 
2021-10-31 21:07:06,113 p=38106 u=rob n=p=38106 u=rob | paramiko [PE1] |   File "/Users/rob/.local/share/virtualenvs/vyos-eveng-b9X2mBdh/lib/python3.9/site-packages/paramiko/packet.py", line 380, in readline
2021-10-31 21:07:06,113 p=38107 u=rob n=p=38107 u=rob | paramiko [PE2] | Traceback (most recent call last):
2021-10-31 21:07:06,114 p=38106 u=rob n=p=38106 u=rob | paramiko [PE1] |     buf += self._read_timeout(timeout)
2021-10-31 21:07:06,114 p=38107 u=rob n=p=38107 u=rob | paramiko [PE2] |   File "/Users/rob/.local/share/virtualenvs/vyos-eveng-b9X2mBdh/lib/python3.9/site-packages/paramiko/transport.py", line 2039, in run
2021-10-31 21:07:06,114 p=38106 u=rob n=p=38106 u=rob | paramiko [PE1] |   File "/Users/rob/.local/share/virtualenvs/vyos-eveng-b9X2mBdh/lib/python3.9/site-packages/paramiko/packet.py", line 622, in _read_timeout
2021-10-31 21:07:06,114 p=38107 u=rob n=p=38107 u=rob | paramiko [PE2] |     self._check_banner()
2021-10-31 21:07:06,114 p=38106 u=rob n=p=38106 u=rob | paramiko [PE1] |     raise socket.timeout()
2021-10-31 21:07:06,114 p=38107 u=rob n=p=38107 u=rob | paramiko [PE2] |   File "/Users/rob/.local/share/virtualenvs/vyos-eveng-b9X2mBdh/lib/python3.9/site-packages/paramiko/transport.py", line 2215, in _check_banner
2021-10-31 21:07:06,114 p=38106 u=rob n=p=38106 u=rob | paramiko [PE1] | socket.timeout
2021-10-31 21:07:06,114 p=38107 u=rob n=p=38107 u=rob | paramiko [PE2] |     raise SSHException(
2021-10-31 21:07:06,114 p=38106 u=rob n=p=38106 u=rob | paramiko [PE1] | 
2021-10-31 21:07:06,114 p=38107 u=rob n=p=38107 u=rob | paramiko [PE2] | paramiko.ssh_exception.SSHException: Error reading SSH protocol banner
2021-10-31 21:07:06,114 p=38106 u=rob n=p=38106 u=rob | paramiko [PE1] | During handling of the above exception, another exception occurred:
2021-10-31 21:07:06,114 p=38107 u=rob n=p=38107 u=rob | paramiko [PE2] | 
2021-10-31 21:07:06,114 p=38106 u=rob n=p=38106 u=rob | paramiko [PE1] | 
2021-10-31 21:07:06,115 p=38106 u=rob n=p=38106 u=rob | paramiko [PE1] | Traceback (most recent call last):
2021-10-31 21:07:06,115 p=38106 u=rob n=p=38106 u=rob | paramiko [PE1] |   File "/Users/rob/.local/share/virtualenvs/vyos-eveng-b9X2mBdh/lib/python3.9/site-packages/paramiko/transport.py", line 2039, in run
2021-10-31 21:07:06,115 p=38106 u=rob n=p=38106 u=rob | paramiko [PE1] |     self._check_banner()
2021-10-31 21:07:06,115 p=38106 u=rob n=p=38106 u=rob | paramiko [PE1] |   File "/Users/rob/.local/share/virtualenvs/vyos-eveng-b9X2mBdh/lib/python3.9/site-packages/paramiko/transport.py", line 2215, in _check_banner
2021-10-31 21:07:06,115 p=38106 u=rob n=p=38106 u=rob | paramiko [PE1] |     raise SSHException(
2021-10-31 21:07:06,115 p=38106 u=rob n=p=38106 u=rob | paramiko [PE1] | paramiko.ssh_exception.SSHException: Error reading SSH protocol banner
2021-10-31 21:07:06,115 p=38106 u=rob n=p=38106 u=rob | paramiko [PE1] | 
2021-10-31 21:07:22,140 p=38108 u=rob n=p=38108 u=rob | paramiko [PE3] | Exception: Error reading SSH protocol banner
2021-10-31 21:07:22,141 p=38108 u=rob n=p=38108 u=rob | paramiko [PE3] | Traceback (most recent call last):
2021-10-31 21:07:22,141 p=38108 u=rob n=p=38108 u=rob | paramiko [PE3] |   File "/Users/rob/.local/share/virtualenvs/vyos-eveng-b9X2mBdh/lib/python3.9/site-packages/paramiko/transport.py", line 2211, in _check_banner
2021-10-31 21:07:22,141 p=38108 u=rob n=p=38108 u=rob | paramiko [PE3] |     buf = self.packetizer.readline(timeout)
2021-10-31 21:07:22,141 p=38108 u=rob n=p=38108 u=rob | paramiko [PE3] |   File "/Users/rob/.local/share/virtualenvs/vyos-eveng-b9X2mBdh/lib/python3.9/site-packages/paramiko/packet.py", line 380, in readline
2021-10-31 21:07:22,142 p=38108 u=rob n=p=38108 u=rob | paramiko [PE3] |     buf += self._read_timeout(timeout)
2021-10-31 21:07:22,141 p=38106 u=rob n=p=38106 u=rob | paramiko [PE1] | Exception: Error reading SSH protocol banner
2021-10-31 21:07:22,142 p=38108 u=rob n=p=38108 u=rob | paramiko [PE3] |   File "/Users/rob/.local/share/virtualenvs/vyos-eveng-b9X2mBdh/lib/python3.9/site-packages/paramiko/packet.py", line 622, in _read_timeout
2021-10-31 21:07:22,142 p=38108 u=rob n=p=38108 u=rob | paramiko [PE3] |     raise socket.timeout()
2021-10-31 21:07:22,142 p=38106 u=rob n=p=38106 u=rob | paramiko [PE1] | Traceback (most recent call last):
2021-10-31 21:07:22,142 p=38108 u=rob n=p=38108 u=rob | paramiko [PE3] | socket.timeout
2021-10-31 21:07:22,142 p=38106 u=rob n=p=38106 u=rob | paramiko [PE1] |   File "/Users/rob/.local/share/virtualenvs/vyos-eveng-b9X2mBdh/lib/python3.9/site-packages/paramiko/transport.py", line 2211, in _check_banner
2021-10-31 21:07:22,142 p=38108 u=rob n=p=38108 u=rob | paramiko [PE3] | 
2021-10-31 21:07:22,142 p=38106 u=rob n=p=38106 u=rob | paramiko [PE1] |     buf = self.packetizer.readline(timeout)
2021-10-31 21:07:22,142 p=38108 u=rob n=p=38108 u=rob | paramiko [PE3] | During handling of the above exception, another exception occurred:
2021-10-31 21:07:22,142 p=38106 u=rob n=p=38106 u=rob | paramiko [PE1] |   File "/Users/rob/.local/share/virtualenvs/vyos-eveng-b9X2mBdh/lib/python3.9/site-packages/paramiko/packet.py", line 380, in readline
2021-10-31 21:07:22,143 p=38108 u=rob n=p=38108 u=rob | paramiko [PE3] | 
2021-10-31 21:07:22,143 p=38106 u=rob n=p=38106 u=rob | paramiko [PE1] |     buf += self._read_timeout(timeout)
2021-10-31 21:07:22,143 p=38108 u=rob n=p=38108 u=rob | paramiko [PE3] | Traceback (most recent call last):
2021-10-31 21:07:22,143 p=38106 u=rob n=p=38106 u=rob | paramiko [PE1] |   File "/Users/rob/.local/share/virtualenvs/vyos-eveng-b9X2mBdh/lib/python3.9/site-packages/paramiko/packet.py", line 622, in _read_timeout
2021-10-31 21:07:22,143 p=38108 u=rob n=p=38108 u=rob | paramiko [PE3] |   File "/Users/rob/.local/share/virtualenvs/vyos-eveng-b9X2mBdh/lib/python3.9/site-packages/paramiko/transport.py", line 2039, in run
2021-10-31 21:07:22,143 p=38106 u=rob n=p=38106 u=rob | paramiko [PE1] |     raise socket.timeout()
2021-10-31 21:07:22,143 p=38108 u=rob n=p=38108 u=rob | paramiko [PE3] |     self._check_banner()
2021-10-31 21:07:22,143 p=38106 u=rob n=p=38106 u=rob | paramiko [PE1] | socket.timeout
2021-10-31 21:07:22,143 p=38108 u=rob n=p=38108 u=rob | paramiko [PE3] |   File "/Users/rob/.local/share/virtualenvs/vyos-eveng-b9X2mBdh/lib/python3.9/site-packages/paramiko/transport.py", line 2215, in _check_banner
2021-10-31 21:07:22,143 p=38106 u=rob n=p=38106 u=rob | paramiko [PE1] | 
2021-10-31 21:07:22,143 p=38108 u=rob n=p=38108 u=rob | paramiko [PE3] |     raise SSHException(
2021-10-31 21:07:22,143 p=38106 u=rob n=p=38106 u=rob | paramiko [PE1] | During handling of the above exception, another exception occurred:
2021-10-31 21:07:22,143 p=38108 u=rob n=p=38108 u=rob | paramiko [PE3] | paramiko.ssh_exception.SSHException: Error reading SSH protocol banner
2021-10-31 21:07:22,144 p=38106 u=rob n=p=38106 u=rob | paramiko [PE1] | 
2021-10-31 21:07:22,144 p=38106 u=rob n=p=38106 u=rob | paramiko [PE1] | Traceback (most recent call last):
2021-10-31 21:07:22,144 p=38108 u=rob n=p=38108 u=rob | paramiko [PE3] | 
2021-10-31 21:07:22,144 p=38106 u=rob n=p=38106 u=rob | paramiko [PE1] |   File "/Users/rob/.local/share/virtualenvs/vyos-eveng-b9X2mBdh/lib/python3.9/site-packages/paramiko/transport.py", line 2039, in run
2021-10-31 21:07:22,144 p=38106 u=rob n=p=38106 u=rob | paramiko [PE1] |     self._check_banner()
2021-10-31 21:07:22,144 p=38106 u=rob n=p=38106 u=rob | paramiko [PE1] |   File "/Users/rob/.local/share/virtualenvs/vyos-eveng-b9X2mBdh/lib/python3.9/site-packages/paramiko/transport.py", line 2215, in _check_banner
2021-10-31 21:07:22,144 p=38106 u=rob n=p=38106 u=rob | paramiko [PE1] |     raise SSHException(
2021-10-31 21:07:22,144 p=38106 u=rob n=p=38106 u=rob | paramiko [PE1] | paramiko.ssh_exception.SSHException: Error reading SSH protocol banner
2021-10-31 21:07:22,145 p=38106 u=rob n=p=38106 u=rob | paramiko [PE1] | 
2021-10-31 21:07:22,154 p=38107 u=rob n=p=38107 u=rob | paramiko [PE2] | Exception: Error reading SSH protocol banner
2021-10-31 21:07:22,154 p=38107 u=rob n=p=38107 u=rob | paramiko [PE2] | Traceback (most recent call last):
2021-10-31 21:07:22,154 p=38107 u=rob n=p=38107 u=rob | paramiko [PE2] |   File "/Users/rob/.local/share/virtualenvs/vyos-eveng-b9X2mBdh/lib/python3.9/site-packages/paramiko/transport.py", line 2211, in _check_banner
2021-10-31 21:07:22,155 p=38107 u=rob n=p=38107 u=rob | paramiko [PE2] |     buf = self.packetizer.readline(timeout)
2021-10-31 21:07:22,155 p=38107 u=rob n=p=38107 u=rob | paramiko [PE2] |   File "/Users/rob/.local/share/virtualenvs/vyos-eveng-b9X2mBdh/lib/python3.9/site-packages/paramiko/packet.py", line 380, in readline
2021-10-31 21:07:22,155 p=38107 u=rob n=p=38107 u=rob | paramiko [PE2] |     buf += self._read_timeout(timeout)
2021-10-31 21:07:22,155 p=38107 u=rob n=p=38107 u=rob | paramiko [PE2] |   File "/Users/rob/.local/share/virtualenvs/vyos-eveng-b9X2mBdh/lib/python3.9/site-packages/paramiko/packet.py", line 622, in _read_timeout
2021-10-31 21:07:22,155 p=38107 u=rob n=p=38107 u=rob | paramiko [PE2] |     raise socket.timeout()
2021-10-31 21:07:22,155 p=38107 u=rob n=p=38107 u=rob | paramiko [PE2] | socket.timeout
2021-10-31 21:07:22,155 p=38107 u=rob n=p=38107 u=rob | paramiko [PE2] | 
2021-10-31 21:07:22,156 p=38107 u=rob n=p=38107 u=rob | paramiko [PE2] | During handling of the above exception, another exception occurred:
2021-10-31 21:07:22,156 p=38107 u=rob n=p=38107 u=rob | paramiko [PE2] | 
2021-10-31 21:07:22,156 p=38107 u=rob n=p=38107 u=rob | paramiko [PE2] | Traceback (most recent call last):
2021-10-31 21:07:22,156 p=38107 u=rob n=p=38107 u=rob | paramiko [PE2] |   File "/Users/rob/.local/share/virtualenvs/vyos-eveng-b9X2mBdh/lib/python3.9/site-packages/paramiko/transport.py", line 2039, in run
2021-10-31 21:07:22,156 p=38107 u=rob n=p=38107 u=rob | paramiko [PE2] |     self._check_banner()
2021-10-31 21:07:22,156 p=38107 u=rob n=p=38107 u=rob | paramiko [PE2] |   File "/Users/rob/.local/share/virtualenvs/vyos-eveng-b9X2mBdh/lib/python3.9/site-packages/paramiko/transport.py", line 2215, in _check_banner
2021-10-31 21:07:22,156 p=38107 u=rob n=p=38107 u=rob | paramiko [PE2] |     raise SSHException(
2021-10-31 21:07:22,156 p=38107 u=rob n=p=38107 u=rob | paramiko [PE2] | paramiko.ssh_exception.SSHException: Error reading SSH protocol banner
2021-10-31 21:07:22,157 p=38107 u=rob n=p=38107 u=rob | paramiko [PE2] | 
2021-10-31 21:07:34,378 p=38119 u=rob n=ansible | persistent connection idle timeout triggered, timeout value is 60 secs.
See the timeout setting options in the Network Debug and Troubleshooting Guide.
2021-10-31 21:07:34,378 p=38120 u=rob n=ansible | persistent connection idle timeout triggered, timeout value is 60 secs.
See the timeout setting options in the Network Debug and Troubleshooting Guide.
2021-10-31 21:07:34,378 p=38118 u=rob n=ansible | persistent connection idle timeout triggered, timeout value is 60 secs.
See the timeout setting options in the Network Debug and Troubleshooting Guide.
2021-10-31 21:07:34,482 p=38119 u=rob n=ansible | shutdown complete
2021-10-31 21:07:34,482 p=38118 u=rob n=ansible | shutdown complete
2021-10-31 21:07:34,482 p=38120 u=rob n=ansible | shutdown complete
2021-10-31 21:07:38,181 p=38108 u=rob n=p=38108 u=rob | paramiko [PE3] | Exception: Error reading SSH protocol banner
2021-10-31 21:07:38,182 p=38108 u=rob n=p=38108 u=rob | paramiko [PE3] | Traceback (most recent call last):
2021-10-31 21:07:38,182 p=38108 u=rob n=p=38108 u=rob | paramiko [PE3] |   File "/Users/rob/.local/share/virtualenvs/vyos-eveng-b9X2mBdh/lib/python3.9/site-packages/paramiko/transport.py", line 2211, in _check_banner
2021-10-31 21:07:38,182 p=38108 u=rob n=p=38108 u=rob | paramiko [PE3] |     buf = self.packetizer.readline(timeout)
2021-10-31 21:07:38,183 p=38108 u=rob n=p=38108 u=rob | paramiko [PE3] |   File "/Users/rob/.local/share/virtualenvs/vyos-eveng-b9X2mBdh/lib/python3.9/site-packages/paramiko/packet.py", line 380, in readline
2021-10-31 21:07:38,183 p=38108 u=rob n=p=38108 u=rob | paramiko [PE3] |     buf += self._read_timeout(timeout)
2021-10-31 21:07:38,183 p=38108 u=rob n=p=38108 u=rob | paramiko [PE3] |   File "/Users/rob/.local/share/virtualenvs/vyos-eveng-b9X2mBdh/lib/python3.9/site-packages/paramiko/packet.py", line 622, in _read_timeout
2021-10-31 21:07:38,183 p=38108 u=rob n=p=38108 u=rob | paramiko [PE3] |     raise socket.timeout()
2021-10-31 21:07:38,183 p=38108 u=rob n=p=38108 u=rob | paramiko [PE3] | socket.timeout
2021-10-31 21:07:38,183 p=38108 u=rob n=p=38108 u=rob | paramiko [PE3] | 
2021-10-31 21:07:38,184 p=38108 u=rob n=p=38108 u=rob | paramiko [PE3] | During handling of the above exception, another exception occurred:
2021-10-31 21:07:38,184 p=38108 u=rob n=p=38108 u=rob | paramiko [PE3] | 
2021-10-31 21:07:38,184 p=38108 u=rob n=p=38108 u=rob | paramiko [PE3] | Traceback (most recent call last):
2021-10-31 21:07:38,184 p=38108 u=rob n=p=38108 u=rob | paramiko [PE3] |   File "/Users/rob/.local/share/virtualenvs/vyos-eveng-b9X2mBdh/lib/python3.9/site-packages/paramiko/transport.py", line 2039, in run
2021-10-31 21:07:38,184 p=38108 u=rob n=p=38108 u=rob | paramiko [PE3] |     self._check_banner()
2021-10-31 21:07:38,184 p=38108 u=rob n=p=38108 u=rob | paramiko [PE3] |   File "/Users/rob/.local/share/virtualenvs/vyos-eveng-b9X2mBdh/lib/python3.9/site-packages/paramiko/transport.py", line 2215, in _check_banner
2021-10-31 21:07:38,184 p=38108 u=rob n=p=38108 u=rob | paramiko [PE3] |     raise SSHException(
2021-10-31 21:07:38,185 p=38108 u=rob n=p=38108 u=rob | paramiko [PE3] | paramiko.ssh_exception.SSHException: Error reading SSH protocol banner
2021-10-31 21:07:38,185 p=38108 u=rob n=p=38108 u=rob | paramiko [PE3] | 
2021-10-31 21:07:38,196 p=38107 u=rob n=p=38107 u=rob | paramiko [PE2] | Exception: Error reading SSH protocol banner
2021-10-31 21:07:38,197 p=38107 u=rob n=p=38107 u=rob | paramiko [PE2] | Traceback (most recent call last):
2021-10-31 21:07:38,197 p=38107 u=rob n=p=38107 u=rob | paramiko [PE2] |   File "/Users/rob/.local/share/virtualenvs/vyos-eveng-b9X2mBdh/lib/python3.9/site-packages/paramiko/transport.py", line 2211, in _check_banner
2021-10-31 21:07:38,197 p=38107 u=rob n=p=38107 u=rob | paramiko [PE2] |     buf = self.packetizer.readline(timeout)
2021-10-31 21:07:38,197 p=38107 u=rob n=p=38107 u=rob | paramiko [PE2] |   File "/Users/rob/.local/share/virtualenvs/vyos-eveng-b9X2mBdh/lib/python3.9/site-packages/paramiko/packet.py", line 380, in readline
2021-10-31 21:07:38,197 p=38107 u=rob n=p=38107 u=rob | paramiko [PE2] |     buf += self._read_timeout(timeout)
2021-10-31 21:07:38,197 p=38107 u=rob n=p=38107 u=rob | paramiko [PE2] |   File "/Users/rob/.local/share/virtualenvs/vyos-eveng-b9X2mBdh/lib/python3.9/site-packages/paramiko/packet.py", line 622, in _read_timeout
2021-10-31 21:07:38,198 p=38107 u=rob n=p=38107 u=rob | paramiko [PE2] |     raise socket.timeout()
2021-10-31 21:07:38,198 p=38107 u=rob n=p=38107 u=rob | paramiko [PE2] | socket.timeout
2021-10-31 21:07:38,198 p=38107 u=rob n=p=38107 u=rob | paramiko [PE2] | 
2021-10-31 21:07:38,198 p=38107 u=rob n=p=38107 u=rob | paramiko [PE2] | During handling of the above exception, another exception occurred:
2021-10-31 21:07:38,198 p=38106 u=rob n=p=38106 u=rob | paramiko [PE1] | Exception: Error reading SSH protocol banner
2021-10-31 21:07:38,198 p=38107 u=rob n=p=38107 u=rob | paramiko [PE2] | 
2021-10-31 21:07:38,198 p=38107 u=rob n=p=38107 u=rob | paramiko [PE2] | Traceback (most recent call last):
2021-10-31 21:07:38,198 p=38106 u=rob n=p=38106 u=rob | paramiko [PE1] | Traceback (most recent call last):
2021-10-31 21:07:38,198 p=38107 u=rob n=p=38107 u=rob | paramiko [PE2] |   File "/Users/rob/.local/share/virtualenvs/vyos-eveng-b9X2mBdh/lib/python3.9/site-packages/paramiko/transport.py", line 2039, in run
2021-10-31 21:07:38,198 p=38106 u=rob n=p=38106 u=rob | paramiko [PE1] |   File "/Users/rob/.local/share/virtualenvs/vyos-eveng-b9X2mBdh/lib/python3.9/site-packages/paramiko/transport.py", line 2211, in _check_banner
2021-10-31 21:07:38,199 p=38107 u=rob n=p=38107 u=rob | paramiko [PE2] |     self._check_banner()
2021-10-31 21:07:38,199 p=38106 u=rob n=p=38106 u=rob | paramiko [PE1] |     buf = self.packetizer.readline(timeout)
2021-10-31 21:07:38,199 p=38107 u=rob n=p=38107 u=rob | paramiko [PE2] |   File "/Users/rob/.local/share/virtualenvs/vyos-eveng-b9X2mBdh/lib/python3.9/site-packages/paramiko/transport.py", line 2215, in _check_banner
2021-10-31 21:07:38,199 p=38106 u=rob n=p=38106 u=rob | paramiko [PE1] |   File "/Users/rob/.local/share/virtualenvs/vyos-eveng-b9X2mBdh/lib/python3.9/site-packages/paramiko/packet.py", line 380, in readline
2021-10-31 21:07:38,199 p=38106 u=rob n=p=38106 u=rob | paramiko [PE1] |     buf += self._read_timeout(timeout)
2021-10-31 21:07:38,199 p=38107 u=rob n=p=38107 u=rob | paramiko [PE2] |     raise SSHException(
2021-10-31 21:07:38,199 p=38106 u=rob n=p=38106 u=rob | paramiko [PE1] |   File "/Users/rob/.local/share/virtualenvs/vyos-eveng-b9X2mBdh/lib/python3.9/site-packages/paramiko/packet.py", line 622, in _read_timeout
2021-10-31 21:07:38,199 p=38107 u=rob n=p=38107 u=rob | paramiko [PE2] | paramiko.ssh_exception.SSHException: Error reading SSH protocol banner
2021-10-31 21:07:38,199 p=38106 u=rob n=p=38106 u=rob | paramiko [PE1] |     raise socket.timeout()
2021-10-31 21:07:38,199 p=38107 u=rob n=p=38107 u=rob | paramiko [PE2] | 
2021-10-31 21:07:38,199 p=38106 u=rob n=p=38106 u=rob | paramiko [PE1] | socket.timeout
2021-10-31 21:07:38,199 p=38106 u=rob n=p=38106 u=rob | paramiko [PE1] | 
2021-10-31 21:07:38,200 p=38106 u=rob n=p=38106 u=rob | paramiko [PE1] | During handling of the above exception, another exception occurred:
2021-10-31 21:07:38,200 p=38106 u=rob n=p=38106 u=rob | paramiko [PE1] | 
2021-10-31 21:07:38,200 p=38106 u=rob n=p=38106 u=rob | paramiko [PE1] | Traceback (most recent call last):
2021-10-31 21:07:38,200 p=38106 u=rob n=p=38106 u=rob | paramiko [PE1] |   File "/Users/rob/.local/share/virtualenvs/vyos-eveng-b9X2mBdh/lib/python3.9/site-packages/paramiko/transport.py", line 2039, in run
2021-10-31 21:07:38,200 p=38106 u=rob n=p=38106 u=rob | paramiko [PE1] |     self._check_banner()
2021-10-31 21:07:38,200 p=38106 u=rob n=p=38106 u=rob | paramiko [PE1] |   File "/Users/rob/.local/share/virtualenvs/vyos-eveng-b9X2mBdh/lib/python3.9/site-packages/paramiko/transport.py", line 2215, in _check_banner
2021-10-31 21:07:38,200 p=38106 u=rob n=p=38106 u=rob | paramiko [PE1] |     raise SSHException(
2021-10-31 21:07:38,201 p=38106 u=rob n=p=38106 u=rob | paramiko [PE1] | paramiko.ssh_exception.SSHException: Error reading SSH protocol banner
2021-10-31 21:07:38,201 p=38106 u=rob n=p=38106 u=rob | paramiko [PE1] | 
2021-10-31 21:07:40,261 p=38106 u=rob n=p=38106 u=rob | paramiko [PE1] | Connected (version 2.0, client OpenSSH_7.9p1)
2021-10-31 21:07:40,314 p=38106 u=rob n=p=38106 u=rob | paramiko [PE1] | Auth banner: b'Welcome to VyOS\n\n'
2021-10-31 21:07:40,314 p=38106 u=rob n=p=38106 u=rob | paramiko [PE1] | Authentication (publickey) successful!
2021-10-31 21:07:41,056 p=37563 u=rob n=ansible | ok: [PE1]
2021-10-31 21:07:54,209 p=38108 u=rob n=p=38108 u=rob | paramiko [PE3] | Exception: Error reading SSH protocol banner
2021-10-31 21:07:54,210 p=38108 u=rob n=p=38108 u=rob | paramiko [PE3] | Traceback (most recent call last):
2021-10-31 21:07:54,210 p=38108 u=rob n=p=38108 u=rob | paramiko [PE3] |   File "/Users/rob/.local/share/virtualenvs/vyos-eveng-b9X2mBdh/lib/python3.9/site-packages/paramiko/transport.py", line 2211, in _check_banner
2021-10-31 21:07:54,211 p=38108 u=rob n=p=38108 u=rob | paramiko [PE3] |     buf = self.packetizer.readline(timeout)
2021-10-31 21:07:54,211 p=38108 u=rob n=p=38108 u=rob | paramiko [PE3] |   File "/Users/rob/.local/share/virtualenvs/vyos-eveng-b9X2mBdh/lib/python3.9/site-packages/paramiko/packet.py", line 380, in readline
2021-10-31 21:07:54,211 p=38108 u=rob n=p=38108 u=rob | paramiko [PE3] |     buf += self._read_timeout(timeout)
2021-10-31 21:07:54,211 p=38108 u=rob n=p=38108 u=rob | paramiko [PE3] |   File "/Users/rob/.local/share/virtualenvs/vyos-eveng-b9X2mBdh/lib/python3.9/site-packages/paramiko/packet.py", line 622, in _read_timeout
2021-10-31 21:07:54,211 p=38108 u=rob n=p=38108 u=rob | paramiko [PE3] |     raise socket.timeout()
2021-10-31 21:07:54,211 p=38108 u=rob n=p=38108 u=rob | paramiko [PE3] | socket.timeout
2021-10-31 21:07:54,211 p=38108 u=rob n=p=38108 u=rob | paramiko [PE3] | 
2021-10-31 21:07:54,211 p=38108 u=rob n=p=38108 u=rob | paramiko [PE3] | During handling of the above exception, another exception occurred:
2021-10-31 21:07:54,212 p=38108 u=rob n=p=38108 u=rob | paramiko [PE3] | 
2021-10-31 21:07:54,212 p=38108 u=rob n=p=38108 u=rob | paramiko [PE3] | Traceback (most recent call last):
2021-10-31 21:07:54,212 p=38108 u=rob n=p=38108 u=rob | paramiko [PE3] |   File "/Users/rob/.local/share/virtualenvs/vyos-eveng-b9X2mBdh/lib/python3.9/site-packages/paramiko/transport.py", line 2039, in run
2021-10-31 21:07:54,212 p=38108 u=rob n=p=38108 u=rob | paramiko [PE3] |     self._check_banner()
2021-10-31 21:07:54,212 p=38108 u=rob n=p=38108 u=rob | paramiko [PE3] |   File "/Users/rob/.local/share/virtualenvs/vyos-eveng-b9X2mBdh/lib/python3.9/site-packages/paramiko/transport.py", line 2215, in _check_banner
2021-10-31 21:07:54,212 p=38108 u=rob n=p=38108 u=rob | paramiko [PE3] |     raise SSHException(
2021-10-31 21:07:54,212 p=38108 u=rob n=p=38108 u=rob | paramiko [PE3] | paramiko.ssh_exception.SSHException: Error reading SSH protocol banner
2021-10-31 21:07:54,213 p=38108 u=rob n=p=38108 u=rob | paramiko [PE3] | 
2021-10-31 21:07:54,248 p=38107 u=rob n=p=38107 u=rob | paramiko [PE2] | Exception: Error reading SSH protocol banner
2021-10-31 21:07:54,248 p=38107 u=rob n=p=38107 u=rob | paramiko [PE2] | Traceback (most recent call last):
2021-10-31 21:07:54,248 p=38107 u=rob n=p=38107 u=rob | paramiko [PE2] |   File "/Users/rob/.local/share/virtualenvs/vyos-eveng-b9X2mBdh/lib/python3.9/site-packages/paramiko/transport.py", line 2211, in _check_banner
2021-10-31 21:07:54,249 p=38107 u=rob n=p=38107 u=rob | paramiko [PE2] |     buf = self.packetizer.readline(timeout)
2021-10-31 21:07:54,249 p=38107 u=rob n=p=38107 u=rob | paramiko [PE2] |   File "/Users/rob/.local/share/virtualenvs/vyos-eveng-b9X2mBdh/lib/python3.9/site-packages/paramiko/packet.py", line 380, in readline
2021-10-31 21:07:54,249 p=38107 u=rob n=p=38107 u=rob | paramiko [PE2] |     buf += self._read_timeout(timeout)
2021-10-31 21:07:54,249 p=38107 u=rob n=p=38107 u=rob | paramiko [PE2] |   File "/Users/rob/.local/share/virtualenvs/vyos-eveng-b9X2mBdh/lib/python3.9/site-packages/paramiko/packet.py", line 622, in _read_timeout
2021-10-31 21:07:54,249 p=38107 u=rob n=p=38107 u=rob | paramiko [PE2] |     raise socket.timeout()
2021-10-31 21:07:54,249 p=38107 u=rob n=p=38107 u=rob | paramiko [PE2] | socket.timeout
2021-10-31 21:07:54,249 p=38107 u=rob n=p=38107 u=rob | paramiko [PE2] | 
2021-10-31 21:07:54,249 p=38107 u=rob n=p=38107 u=rob | paramiko [PE2] | During handling of the above exception, another exception occurred:
2021-10-31 21:07:54,250 p=38107 u=rob n=p=38107 u=rob | paramiko [PE2] | 
2021-10-31 21:07:54,250 p=38107 u=rob n=p=38107 u=rob | paramiko [PE2] | Traceback (most recent call last):
2021-10-31 21:07:54,250 p=38107 u=rob n=p=38107 u=rob | paramiko [PE2] |   File "/Users/rob/.local/share/virtualenvs/vyos-eveng-b9X2mBdh/lib/python3.9/site-packages/paramiko/transport.py", line 2039, in run
2021-10-31 21:07:54,250 p=38107 u=rob n=p=38107 u=rob | paramiko [PE2] |     self._check_banner()
2021-10-31 21:07:54,250 p=38107 u=rob n=p=38107 u=rob | paramiko [PE2] |   File "/Users/rob/.local/share/virtualenvs/vyos-eveng-b9X2mBdh/lib/python3.9/site-packages/paramiko/transport.py", line 2215, in _check_banner
2021-10-31 21:07:54,250 p=38107 u=rob n=p=38107 u=rob | paramiko [PE2] |     raise SSHException(
2021-10-31 21:07:54,250 p=38107 u=rob n=p=38107 u=rob | paramiko [PE2] | paramiko.ssh_exception.SSHException: Error reading SSH protocol banner
2021-10-31 21:07:54,251 p=38107 u=rob n=p=38107 u=rob | paramiko [PE2] | 
2021-10-31 21:07:55,626 p=38108 u=rob n=p=38108 u=rob | paramiko [PE3] | Connected (version 2.0, client OpenSSH_7.9p1)
2021-10-31 21:07:55,731 p=38108 u=rob n=p=38108 u=rob | paramiko [PE3] | Auth banner: b'Welcome to VyOS\n\n'
2021-10-31 21:07:55,732 p=38108 u=rob n=p=38108 u=rob | paramiko [PE3] | Authentication (publickey) successful!
2021-10-31 21:07:55,934 p=38107 u=rob n=p=38107 u=rob | paramiko [PE2] | Connected (version 2.0, client OpenSSH_7.9p1)
2021-10-31 21:07:56,032 p=38107 u=rob n=p=38107 u=rob | paramiko [PE2] | Auth banner: b'Welcome to VyOS\n\n'
2021-10-31 21:07:56,032 p=38107 u=rob n=p=38107 u=rob | paramiko [PE2] | Authentication (publickey) successful!
2021-10-31 21:07:56,507 p=37563 u=rob n=ansible | ok: [PE3]
2021-10-31 21:07:56,797 p=37563 u=rob n=ansible | ok: [PE2]
2021-10-31 21:07:56,800 p=37563 u=rob n=ansible | TASK [eve-ng-lab-test : include L3VPN_EVPN lab_config.yml] ***********************************************************************************************************************
2021-10-31 21:07:56,812 p=37563 u=rob n=ansible | skipping: [eveng]
2021-10-31 21:07:56,817 p=37563 u=rob n=ansible | skipping: [vyos-oobm]
2021-10-31 21:07:56,835 p=37563 u=rob n=ansible | included: /Users/rob/git/_vyos/vyos-eveng/labs/L3VPN_EVPN/lab_config.yml for PE1, PE2, PE3
2021-10-31 21:07:56,855 p=37563 u=rob n=ansible | TASK [eve-ng-lab-test : setup vyos] **********************************************************************************************************************************************
2021-10-31 21:07:57,744 p=38206 u=rob n=ansible | network_os is set to vyos
2021-10-31 21:07:57,744 p=38207 u=rob n=ansible | network_os is set to vyos
2021-10-31 21:07:57,745 p=38208 u=rob n=ansible | network_os is set to vyos
2021-10-31 21:07:58,393 p=38217 u=rob n=p=38217 u=rob | paramiko [PE1] | Connected (version 2.0, client OpenSSH_7.9p1)
2021-10-31 21:07:58,491 p=38217 u=rob n=p=38217 u=rob | paramiko [PE1] | Auth banner: b'Welcome to VyOS\n\n'
2021-10-31 21:07:58,492 p=38217 u=rob n=p=38217 u=rob | paramiko [PE1] | Authentication (publickey) successful!
2021-10-31 21:07:58,944 p=38216 u=rob n=p=38216 u=rob | paramiko [PE2] | Connected (version 2.0, client OpenSSH_7.9p1)
2021-10-31 21:07:58,944 p=38220 u=rob n=p=38220 u=rob | paramiko [PE3] | Connected (version 2.0, client OpenSSH_7.9p1)
2021-10-31 21:07:59,033 p=38220 u=rob n=p=38220 u=rob | paramiko [PE3] | Auth banner: b'Welcome to VyOS\n\n'
2021-10-31 21:07:59,033 p=38220 u=rob n=p=38220 u=rob | paramiko [PE3] | Authentication (publickey) successful!
2021-10-31 21:07:59,035 p=38216 u=rob n=p=38216 u=rob | paramiko [PE2] | Auth banner: b'Welcome to VyOS\n\n'
2021-10-31 21:07:59,036 p=38216 u=rob n=p=38216 u=rob | paramiko [PE2] | Authentication (publickey) successful!
2021-10-31 21:08:28,729 p=37563 u=rob n=ansible | [WARNING]: To ensure idempotency and correct diff the input configuration lines should be similar to how they appear if present in the running configuration on device including
the indentation

2021-10-31 21:08:28,729 p=37563 u=rob n=ansible | changed: [PE3]
2021-10-31 21:08:29,328 p=37563 u=rob n=ansible | changed: [PE2]
2021-10-31 21:08:29,723 p=37563 u=rob n=ansible | changed: [PE1]
2021-10-31 21:08:29,726 p=37563 u=rob n=ansible | TASK [eve-ng-lab-test : wait, b/c the ping often failed without a short break] ***************************************************************************************************
2021-10-31 21:08:29,736 p=38279 u=rob n=ansible | Pausing for 30 seconds
2021-10-31 21:08:29,736 p=38279 u=rob n=ansible | (ctrl+C then 'C' = continue early, ctrl+C then 'A' = abort)
2021-10-31 21:08:59,743 p=37563 u=rob n=ansible | ok: [eveng]
2021-10-31 21:08:59,754 p=37563 u=rob n=ansible | TASK [eve-ng-lab-test : do ping test] ********************************************************************************************************************************************
2021-10-31 21:08:59,784 p=37563 u=rob n=ansible | skipping: [eveng]
2021-10-31 21:08:59,792 p=37563 u=rob n=ansible | skipping: [vyos-oobm]
2021-10-31 21:09:05,204 p=37563 u=rob n=ansible | ok: [PE2] => (item=172.29.255.1)
2021-10-31 21:09:05,206 p=37563 u=rob n=ansible | ok: [PE1] => (item=172.29.255.2)
2021-10-31 21:09:05,224 p=37563 u=rob n=ansible | ok: [PE3] => (item=172.29.255.2)
2021-10-31 21:09:09,566 p=37563 u=rob n=ansible | ok: [PE2] => (item=172.29.255.3)
2021-10-31 21:09:09,595 p=37563 u=rob n=ansible | ok: [PE3] => (item=172.29.255.1)
2021-10-31 21:09:09,595 p=37563 u=rob n=ansible | ok: [PE1] => (item=172.29.255.3)
2021-10-31 21:09:09,599 p=37563 u=rob n=ansible | TASK [eve-ng-lab-test : execute test commands] ***********************************************************************************************************************************
2021-10-31 21:09:09,616 p=37563 u=rob n=ansible | skipping: [eveng]
2021-10-31 21:09:09,623 p=37563 u=rob n=ansible | skipping: [vyos-oobm]
2021-10-31 21:09:10,989 p=37563 u=rob n=ansible | ok: [PE1] => (item={'desc': 'PING vyos-oobm with VRF', 'command': 'ping 10.100.0.1 vrf mgmt count 1', 'wait_for': ["result[0] contains '1 packets transmitted, 1 received'"]})
2021-10-31 21:09:10,998 p=37563 u=rob n=ansible | ok: [PE3] => (item={'desc': 'PING vyos-oobm with VRF', 'command': 'ping 10.100.0.1 vrf mgmt count 1', 'wait_for': ["result[0] contains '1 packets transmitted, 1 received'"]})
2021-10-31 21:09:10,998 p=37563 u=rob n=ansible | ok: [PE2] => (item={'desc': 'PING vyos-oobm with VRF', 'command': 'ping 10.100.0.1 vrf mgmt count 1', 'wait_for': ["result[0] contains '1 packets transmitted, 1 received'"]})
2021-10-31 21:09:11,308 p=37563 u=rob n=ansible | ok: [PE1] => (item={'desc': 'PING blue site 2', 'command': 'ping 10.1.2.10 vrf blue count 1', 'wait_for': ["result[0] contains '1 packets transmitted, 1 received'"]})
2021-10-31 21:09:11,636 p=37563 u=rob n=ansible | ok: [PE1] => (item={'desc': 'PING red site 2', 'command': 'ping 10.2.2.10 vrf red count 1', 'wait_for': ["result[0] contains '1 packets transmitted, 1 received'"]})
2021-10-31 21:09:11,955 p=37563 u=rob n=ansible | ok: [PE1] => (item={'desc': 'PING green site 3', 'command': 'ping 10.3.3.10 vrf green count 1', 'wait_for': ["result[0] contains '1 packets transmitted, 1 received'"]})
2021-10-31 21:09:11,959 p=37563 u=rob n=ansible | TASK [eve-ng-lab-test : register stdout commands] ********************************************************************************************************************************
2021-10-31 21:09:11,981 p=37563 u=rob n=ansible | skipping: [eveng]
2021-10-31 21:09:11,987 p=37563 u=rob n=ansible | skipping: [vyos-oobm]
2021-10-31 21:09:11,996 p=37563 u=rob n=ansible | skipping: [PE3]
2021-10-31 21:09:13,295 p=37563 u=rob n=ansible | ok: [PE2] => (item={'name': 'bgp_evpn_net', 'command': 'show bgp l2vpn evpn 10.3.1.10'})
2021-10-31 21:09:13,296 p=37563 u=rob n=ansible | ok: [PE1] => (item={'name': 'vrf_all', 'command': 'show ip route vrf all'})
2021-10-31 21:09:13,718 p=37563 u=rob n=ansible | ok: [PE1] => (item={'name': 'bgp_evpn', 'command': 'show bgp l2vpn evpn'})
2021-10-31 21:09:13,723 p=37563 u=rob n=ansible | TASK [eve-ng-lab-test : Set variables] *******************************************************************************************************************************************
2021-10-31 21:09:13,740 p=37563 u=rob n=ansible | skipping: [eveng]
2021-10-31 21:09:13,747 p=37563 u=rob n=ansible | skipping: [vyos-oobm]
2021-10-31 21:09:13,761 p=37563 u=rob n=ansible | skipping: [PE3]
2021-10-31 21:09:14,602 p=37563 u=rob n=ansible | ok: [PE2]
2021-10-31 21:09:14,603 p=37563 u=rob n=ansible | ok: [PE1]
2021-10-31 21:09:14,616 p=37563 u=rob n=ansible | TASK [eve-ng-lab-test : make sure tmp dir exist] *********************************************************************************************************************************
2021-10-31 21:09:14,640 p=37563 u=rob n=ansible | skipping: [eveng]
2021-10-31 21:09:14,648 p=37563 u=rob n=ansible | skipping: [vyos-oobm]
2021-10-31 21:09:14,658 p=37563 u=rob n=ansible | skipping: [PE1]
2021-10-31 21:09:14,659 p=37563 u=rob n=ansible | skipping: [PE2]
2021-10-31 21:09:14,663 p=37563 u=rob n=ansible | skipping: [PE3]
2021-10-31 21:09:14,668 p=37563 u=rob n=ansible | TASK [eve-ng-lab-test : Download upgrade_iso] ************************************************************************************************************************************
2021-10-31 21:09:14,684 p=37563 u=rob n=ansible | skipping: [eveng]
2021-10-31 21:09:14,692 p=37563 u=rob n=ansible | skipping: [vyos-oobm]
2021-10-31 21:09:14,698 p=37563 u=rob n=ansible | skipping: [PE1]
2021-10-31 21:09:14,700 p=37563 u=rob n=ansible | skipping: [PE2]
2021-10-31 21:09:14,703 p=37563 u=rob n=ansible | skipping: [PE3]
2021-10-31 21:09:14,708 p=37563 u=rob n=ansible | TASK [eve-ng-lab-test : Copy iso to host] ****************************************************************************************************************************************
2021-10-31 21:09:14,721 p=37563 u=rob n=ansible | skipping: [eveng]
2021-10-31 21:09:14,726 p=37563 u=rob n=ansible | skipping: [vyos-oobm]
2021-10-31 21:09:14,732 p=37563 u=rob n=ansible | skipping: [PE1]
2021-10-31 21:09:14,734 p=37563 u=rob n=ansible | skipping: [PE2]
2021-10-31 21:09:14,736 p=37563 u=rob n=ansible | skipping: [PE3]
2021-10-31 21:09:14,739 p=37563 u=rob n=ansible | TASK [eve-ng-lab-test : upgrade vyos] ********************************************************************************************************************************************
2021-10-31 21:09:14,752 p=37563 u=rob n=ansible | skipping: [eveng]
2021-10-31 21:09:14,757 p=37563 u=rob n=ansible | skipping: [vyos-oobm]
2021-10-31 21:09:14,763 p=37563 u=rob n=ansible | skipping: [PE1]
2021-10-31 21:09:14,765 p=37563 u=rob n=ansible | skipping: [PE2]
2021-10-31 21:09:14,768 p=37563 u=rob n=ansible | skipping: [PE3]
2021-10-31 21:09:14,770 p=37563 u=rob n=ansible | TASK [eve-ng-lab-test : Reboot vyos] *********************************************************************************************************************************************
2021-10-31 21:09:14,783 p=37563 u=rob n=ansible | skipping: [eveng]
2021-10-31 21:09:14,789 p=37563 u=rob n=ansible | skipping: [vyos-oobm]
2021-10-31 21:09:14,795 p=37563 u=rob n=ansible | skipping: [PE1]
2021-10-31 21:09:14,797 p=37563 u=rob n=ansible | skipping: [PE2]
2021-10-31 21:09:14,800 p=37563 u=rob n=ansible | skipping: [PE3]
2021-10-31 21:09:14,802 p=37563 u=rob n=ansible | TASK [eve-ng-lab-test : wait while shutdown] *************************************************************************************************************************************
2021-10-31 21:09:14,809 p=37563 u=rob n=ansible | skipping: [eveng]
2021-10-31 21:09:14,811 p=37563 u=rob n=ansible | TASK [eve-ng-lab-test : Wait for vyos nodes] *************************************************************************************************************************************
2021-10-31 21:09:14,824 p=37563 u=rob n=ansible | skipping: [eveng]
2021-10-31 21:09:14,829 p=37563 u=rob n=ansible | skipping: [vyos-oobm]
2021-10-31 21:09:14,835 p=37563 u=rob n=ansible | skipping: [PE1]
2021-10-31 21:09:14,837 p=37563 u=rob n=ansible | skipping: [PE2]
2021-10-31 21:09:14,840 p=37563 u=rob n=ansible | skipping: [PE3]
2021-10-31 21:09:14,843 p=37563 u=rob n=ansible | TASK [eve-ng-lab-test : clear tmp dir] *******************************************************************************************************************************************
2021-10-31 21:09:14,850 p=37563 u=rob n=ansible | skipping: [eveng]
2021-10-31 21:09:14,852 p=37563 u=rob n=ansible | TASK [eve-ng-lab-test : wait, b/c the ping often failed without a short break] ***************************************************************************************************
2021-10-31 21:09:14,859 p=37563 u=rob n=ansible | skipping: [eveng]
2021-10-31 21:09:14,861 p=37563 u=rob n=ansible | TASK [eve-ng-lab-test : do ping test] ********************************************************************************************************************************************
2021-10-31 21:09:14,874 p=37563 u=rob n=ansible | skipping: [eveng]
2021-10-31 21:09:14,879 p=37563 u=rob n=ansible | skipping: [vyos-oobm]
2021-10-31 21:09:14,888 p=37563 u=rob n=ansible | skipping: [PE1] => (item=172.29.255.2) 
2021-10-31 21:09:14,889 p=37563 u=rob n=ansible | skipping: [PE1] => (item=172.29.255.3) 
2021-10-31 21:09:14,892 p=37563 u=rob n=ansible | skipping: [PE2] => (item=172.29.255.1) 
2021-10-31 21:09:14,893 p=37563 u=rob n=ansible | skipping: [PE2] => (item=172.29.255.3) 
2021-10-31 21:09:14,897 p=37563 u=rob n=ansible | skipping: [PE3] => (item=172.29.255.2) 
2021-10-31 21:09:14,897 p=37563 u=rob n=ansible | skipping: [PE3] => (item=172.29.255.1) 
2021-10-31 21:09:14,901 p=37563 u=rob n=ansible | TASK [eve-ng-lab-test : execute test commands] ***********************************************************************************************************************************
2021-10-31 21:09:14,914 p=37563 u=rob n=ansible | skipping: [eveng]
2021-10-31 21:09:14,919 p=37563 u=rob n=ansible | skipping: [vyos-oobm]
2021-10-31 21:09:14,928 p=37563 u=rob n=ansible | skipping: [PE1] => (item={'desc': 'PING vyos-oobm with VRF', 'command': 'ping 10.100.0.1 vrf mgmt count 1', 'wait_for': ["result[0] contains '1 packets transmitted, 1 received'"]}) 
2021-10-31 21:09:14,929 p=37563 u=rob n=ansible | skipping: [PE1] => (item={'desc': 'PING blue site 2', 'command': 'ping 10.1.2.10 vrf blue count 1', 'wait_for': ["result[0] contains '1 packets transmitted, 1 received'"]}) 
2021-10-31 21:09:14,930 p=37563 u=rob n=ansible | skipping: [PE1] => (item={'desc': 'PING red site 2', 'command': 'ping 10.2.2.10 vrf red count 1', 'wait_for': ["result[0] contains '1 packets transmitted, 1 received'"]}) 
2021-10-31 21:09:14,931 p=37563 u=rob n=ansible | skipping: [PE1] => (item={'desc': 'PING green site 3', 'command': 'ping 10.3.3.10 vrf green count 1', 'wait_for': ["result[0] contains '1 packets transmitted, 1 received'"]}) 
2021-10-31 21:09:14,931 p=37563 u=rob n=ansible | skipping: [PE2] => (item={'desc': 'PING vyos-oobm with VRF', 'command': 'ping 10.100.0.1 vrf mgmt count 1', 'wait_for': ["result[0] contains '1 packets transmitted, 1 received'"]}) 
2021-10-31 21:09:14,936 p=37563 u=rob n=ansible | skipping: [PE3] => (item={'desc': 'PING vyos-oobm with VRF', 'command': 'ping 10.100.0.1 vrf mgmt count 1', 'wait_for': ["result[0] contains '1 packets transmitted, 1 received'"]}) 
2021-10-31 21:09:14,939 p=37563 u=rob n=ansible | TASK [eve-ng-lab-test : register stdout commands] ********************************************************************************************************************************
2021-10-31 21:09:14,952 p=37563 u=rob n=ansible | skipping: [eveng]
2021-10-31 21:09:14,958 p=37563 u=rob n=ansible | skipping: [vyos-oobm]
2021-10-31 21:09:14,966 p=37563 u=rob n=ansible | skipping: [PE1] => (item={'name': 'vrf_all', 'command': 'show ip route vrf all'}) 
2021-10-31 21:09:14,967 p=37563 u=rob n=ansible | skipping: [PE1] => (item={'name': 'bgp_evpn', 'command': 'show bgp l2vpn evpn'}) 
2021-10-31 21:09:14,969 p=37563 u=rob n=ansible | skipping: [PE3]
2021-10-31 21:09:14,970 p=37563 u=rob n=ansible | skipping: [PE2] => (item={'name': 'bgp_evpn_net', 'command': 'show bgp l2vpn evpn 10.3.1.10'}) 
2021-10-31 21:09:14,973 p=37563 u=rob n=ansible | TASK [eve-ng-lab-test : Set variables] *******************************************************************************************************************************************
2021-10-31 21:09:14,985 p=37563 u=rob n=ansible | skipping: [eveng]
2021-10-31 21:09:14,991 p=37563 u=rob n=ansible | skipping: [vyos-oobm]
2021-10-31 21:09:14,996 p=37563 u=rob n=ansible | skipping: [PE1]
2021-10-31 21:09:14,998 p=37563 u=rob n=ansible | skipping: [PE2]
2021-10-31 21:09:15,001 p=37563 u=rob n=ansible | skipping: [PE3]
2021-10-31 21:09:15,004 p=37563 u=rob n=ansible | TASK [eve-ng-lab-test : make sure output dir exist] ******************************************************************************************************************************
2021-10-31 21:09:15,026 p=37563 u=rob n=ansible | skipping: [vyos-oobm]
2021-10-31 21:09:15,033 p=37563 u=rob n=ansible | skipping: [PE1]
2021-10-31 21:09:15,034 p=37563 u=rob n=ansible | skipping: [PE2]
2021-10-31 21:09:15,039 p=37563 u=rob n=ansible | skipping: [PE3]
2021-10-31 21:09:15,192 p=37563 u=rob n=ansible | ok: [eveng -> localhost]
2021-10-31 21:09:15,196 p=37563 u=rob n=ansible | TASK [eve-ng-lab-test : make sure output include dir exist] **********************************************************************************************************************
2021-10-31 21:09:15,217 p=37563 u=rob n=ansible | skipping: [vyos-oobm]
2021-10-31 21:09:15,225 p=37563 u=rob n=ansible | skipping: [PE1]
2021-10-31 21:09:15,225 p=37563 u=rob n=ansible | skipping: [PE2]
2021-10-31 21:09:15,229 p=37563 u=rob n=ansible | skipping: [PE3]
2021-10-31 21:09:15,318 p=37563 u=rob n=ansible | ok: [eveng -> localhost]
2021-10-31 21:09:15,321 p=37563 u=rob n=ansible | TASK [eve-ng-lab-test : Get timestamp from the system] ***************************************************************************************************************************
2021-10-31 21:09:15,339 p=37563 u=rob n=ansible | skipping: [vyos-oobm]
2021-10-31 21:09:15,346 p=37563 u=rob n=ansible | skipping: [PE1]
2021-10-31 21:09:15,346 p=37563 u=rob n=ansible | skipping: [PE2]
2021-10-31 21:09:15,350 p=37563 u=rob n=ansible | skipping: [PE3]
2021-10-31 21:09:15,910 p=37563 u=rob n=ansible | changed: [eveng]
2021-10-31 21:09:15,913 p=37563 u=rob n=ansible | TASK [eve-ng-lab-test : Set variables] *******************************************************************************************************************************************
2021-10-31 21:09:15,937 p=37563 u=rob n=ansible | ok: [eveng]
2021-10-31 21:09:15,944 p=37563 u=rob n=ansible | skipping: [vyos-oobm]
2021-10-31 21:09:15,945 p=37563 u=rob n=ansible | skipping: [PE1]
2021-10-31 21:09:15,945 p=37563 u=rob n=ansible | skipping: [PE2]
2021-10-31 21:09:15,949 p=37563 u=rob n=ansible | skipping: [PE3]
2021-10-31 21:09:15,953 p=37563 u=rob n=ansible | TASK [eve-ng-lab-test : generate lab rst file] ***********************************************************************************************************************************
2021-10-31 21:09:15,977 p=37563 u=rob n=ansible | skipping: [vyos-oobm]
2021-10-31 21:09:15,984 p=37563 u=rob n=ansible | skipping: [PE1]
2021-10-31 21:09:15,986 p=37563 u=rob n=ansible | skipping: [PE2]
2021-10-31 21:09:15,989 p=37563 u=rob n=ansible | skipping: [PE3]
2021-10-31 21:09:16,200 p=37563 u=rob n=ansible | changed: [eveng -> localhost]
2021-10-31 21:09:16,203 p=37563 u=rob n=ansible | TASK [eve-ng-lab-test : find all *.conf files in Lab] ****************************************************************************************************************************
2021-10-31 21:09:16,225 p=37563 u=rob n=ansible | skipping: [vyos-oobm]
2021-10-31 21:09:16,232 p=37563 u=rob n=ansible | skipping: [PE1]
2021-10-31 21:09:16,233 p=37563 u=rob n=ansible | skipping: [PE2]
2021-10-31 21:09:16,238 p=37563 u=rob n=ansible | skipping: [PE3]
2021-10-31 21:09:16,384 p=37563 u=rob n=ansible | ok: [eveng -> localhost]
2021-10-31 21:09:16,393 p=37563 u=rob n=ansible | TASK [eve-ng-lab-test : copy all *.conf files] ***********************************************************************************************************************************
2021-10-31 21:09:16,417 p=37563 u=rob n=ansible | skipping: [vyos-oobm]
2021-10-31 21:09:16,426 p=37563 u=rob n=ansible | skipping: [PE1]
2021-10-31 21:09:16,427 p=37563 u=rob n=ansible | skipping: [PE2]
2021-10-31 21:09:16,432 p=37563 u=rob n=ansible | skipping: [PE3]
2021-10-31 21:09:16,689 p=37563 u=rob n=ansible | ok: [eveng -> localhost] => (item={'path': 'labs/L3VPN_EVPN/PE2.conf', 'mode': '0644', 'isdir': False, 'ischr': False, 'isblk': False, 'isreg': True, 'isfifo': False, 'islnk': False, 'issock': False, 'uid': 501, 'gid': 20, 'size': 3858, 'inode': 27347425, 'dev': 16777233, 'nlink': 1, 'atime': 1635258045.8212597, 'mtime': 1635258045.4020927, 'ctime': 1635258045.4020927, 'gr_name': 'staff', 'pw_name': 'rob', 'wusr': True, 'rusr': True, 'xusr': False, 'wgrp': False, 'rgrp': True, 'xgrp': False, 'woth': False, 'roth': True, 'xoth': False, 'isuid': False, 'isgid': False})
2021-10-31 21:09:16,900 p=37563 u=rob n=ansible | ok: [eveng -> localhost] => (item={'path': 'labs/L3VPN_EVPN/PE3.conf', 'mode': '0644', 'isdir': False, 'ischr': False, 'isblk': False, 'isreg': True, 'isfifo': False, 'islnk': False, 'issock': False, 'uid': 501, 'gid': 20, 'size': 3864, 'inode': 27347426, 'dev': 16777233, 'nlink': 1, 'atime': 1635354277.6400206, 'mtime': 1635354277.2700772, 'ctime': 1635354277.2700772, 'gr_name': 'staff', 'pw_name': 'rob', 'wusr': True, 'rusr': True, 'xusr': False, 'wgrp': False, 'rgrp': True, 'xgrp': False, 'woth': False, 'roth': True, 'xoth': False, 'isuid': False, 'isgid': False})
2021-10-31 21:09:17,108 p=37563 u=rob n=ansible | ok: [eveng -> localhost] => (item={'path': 'labs/L3VPN_EVPN/PE1.conf', 'mode': '0644', 'isdir': False, 'ischr': False, 'isblk': False, 'isreg': True, 'isfifo': False, 'islnk': False, 'issock': False, 'uid': 501, 'gid': 20, 'size': 4174, 'inode': 27347424, 'dev': 16777233, 'nlink': 1, 'atime': 1635251324.0168073, 'mtime': 1635251323.5978112, 'ctime': 1635251323.5978112, 'gr_name': 'staff', 'pw_name': 'rob', 'wusr': True, 'rusr': True, 'xusr': False, 'wgrp': False, 'rgrp': True, 'xgrp': False, 'woth': False, 'roth': True, 'xoth': False, 'isuid': False, 'isgid': False})
2021-10-31 21:09:17,112 p=37563 u=rob n=ansible | TASK [eve-ng-lab-test : find all *.png files in Lab] *****************************************************************************************************************************
2021-10-31 21:09:17,134 p=37563 u=rob n=ansible | skipping: [vyos-oobm]
2021-10-31 21:09:17,141 p=37563 u=rob n=ansible | skipping: [PE1]
2021-10-31 21:09:17,142 p=37563 u=rob n=ansible | skipping: [PE2]
2021-10-31 21:09:17,175 p=37563 u=rob n=ansible | skipping: [PE3]
2021-10-31 21:09:17,236 p=37563 u=rob n=ansible | ok: [eveng -> localhost]
2021-10-31 21:09:17,240 p=37563 u=rob n=ansible | TASK [eve-ng-lab-test : copy all *.png files] ************************************************************************************************************************************
2021-10-31 21:09:17,265 p=37563 u=rob n=ansible | skipping: [vyos-oobm]
2021-10-31 21:09:17,273 p=37563 u=rob n=ansible | skipping: [PE1]
2021-10-31 21:09:17,274 p=37563 u=rob n=ansible | skipping: [PE2]
2021-10-31 21:09:17,279 p=37563 u=rob n=ansible | skipping: [PE3]
2021-10-31 21:09:17,457 p=37563 u=rob n=ansible | ok: [eveng -> localhost] => (item={'path': 'labs/L3VPN_EVPN/topology.png', 'mode': '0644', 'isdir': False, 'ischr': False, 'isblk': False, 'isreg': True, 'isfifo': False, 'islnk': False, 'issock': False, 'uid': 501, 'gid': 20, 'size': 102832, 'inode': 28103837, 'dev': 16777233, 'nlink': 1, 'atime': 1635279392.7101038, 'mtime': 1635253341.3638003, 'ctime': 1635279392.2937582, 'gr_name': 'staff', 'pw_name': 'rob', 'wusr': True, 'rusr': True, 'xusr': False, 'wgrp': False, 'rgrp': True, 'xgrp': False, 'woth': False, 'roth': True, 'xoth': False, 'isuid': False, 'isgid': False})
2021-10-31 21:09:17,461 p=37563 u=rob n=ansible | TASK [eve-ng-lab-test : copy ansible log files] **********************************************************************************************************************************
2021-10-31 21:09:17,482 p=37563 u=rob n=ansible | skipping: [vyos-oobm]
2021-10-31 21:09:17,489 p=37563 u=rob n=ansible | skipping: [PE1]
2021-10-31 21:09:17,490 p=37563 u=rob n=ansible | skipping: [PE2]
2021-10-31 21:09:17,495 p=37563 u=rob n=ansible | skipping: [PE3]
