2021-10-31 21:56:40,469 p=44927 u=rob n=ansible | PLAY [prepare node and Lab] ******************************************************************************************************************************************************
2021-10-31 21:56:40,485 p=44927 u=rob n=ansible | TASK [eve-ng-create-node : fail] *************************************************************************************************************************************************
2021-10-31 21:56:40,498 p=44927 u=rob n=ansible | skipping: [eveng]
2021-10-31 21:56:40,502 p=44927 u=rob n=ansible | skipping: [vyos-oobm]
2021-10-31 21:56:40,504 p=44927 u=rob n=ansible | skipping: [central]
2021-10-31 21:56:40,507 p=44927 u=rob n=ansible | skipping: [branch]
2021-10-31 21:56:40,509 p=44927 u=rob n=ansible | TASK [eve-ng-create-node : fail] *************************************************************************************************************************************************
2021-10-31 21:56:40,520 p=44927 u=rob n=ansible | skipping: [eveng]
2021-10-31 21:56:40,526 p=44927 u=rob n=ansible | skipping: [vyos-oobm]
2021-10-31 21:56:40,528 p=44927 u=rob n=ansible | skipping: [central]
2021-10-31 21:56:40,531 p=44927 u=rob n=ansible | skipping: [branch]
2021-10-31 21:56:40,533 p=44927 u=rob n=ansible | TASK [eve-ng-create-node : Login to EVE-NG and get Cookie] ***********************************************************************************************************************
2021-10-31 21:56:40,550 p=44927 u=rob n=ansible | skipping: [vyos-oobm]
2021-10-31 21:56:40,552 p=44927 u=rob n=ansible | skipping: [central]
2021-10-31 21:56:40,555 p=44927 u=rob n=ansible | skipping: [branch]
2021-10-31 21:56:41,498 p=44927 u=rob n=ansible | ok: [eveng]
2021-10-31 21:56:41,507 p=44927 u=rob n=ansible | TASK [eve-ng-create-node : get template facts] ***********************************************************************************************************************************
2021-10-31 21:56:41,534 p=44927 u=rob n=ansible | skipping: [vyos-oobm]
2021-10-31 21:56:41,535 p=44927 u=rob n=ansible | skipping: [central]
2021-10-31 21:56:41,539 p=44927 u=rob n=ansible | skipping: [branch]
2021-10-31 21:56:42,009 p=44927 u=rob n=ansible | ok: [eveng]
2021-10-31 21:56:42,015 p=44927 u=rob n=ansible | TASK [eve-ng-create-node : Register path status] *********************************************************************************************************************************
2021-10-31 21:56:42,044 p=44927 u=rob n=ansible | skipping: [vyos-oobm]
2021-10-31 21:56:42,046 p=44927 u=rob n=ansible | skipping: [central]
2021-10-31 21:56:42,052 p=44927 u=rob n=ansible | skipping: [branch]
2021-10-31 21:56:42,380 p=44927 u=rob n=ansible | ok: [eveng]
2021-10-31 21:56:42,383 p=44927 u=rob n=ansible | TASK [eve-ng-create-node : create path] ******************************************************************************************************************************************
2021-10-31 21:56:42,400 p=44927 u=rob n=ansible | skipping: [eveng]
2021-10-31 21:56:42,407 p=44927 u=rob n=ansible | skipping: [vyos-oobm]
2021-10-31 21:56:42,408 p=44927 u=rob n=ansible | skipping: [central]
2021-10-31 21:56:42,412 p=44927 u=rob n=ansible | skipping: [branch]
2021-10-31 21:56:42,414 p=44927 u=rob n=ansible | TASK [eve-ng-create-node : Download iso] *****************************************************************************************************************************************
2021-10-31 21:56:42,428 p=44927 u=rob n=ansible | skipping: [eveng]
2021-10-31 21:56:42,433 p=44927 u=rob n=ansible | skipping: [vyos-oobm]
2021-10-31 21:56:42,434 p=44927 u=rob n=ansible | skipping: [central]
2021-10-31 21:56:42,438 p=44927 u=rob n=ansible | skipping: [branch]
2021-10-31 21:56:42,442 p=44927 u=rob n=ansible | TASK [eve-ng-create-node : create virtioa.qcow2 file] ****************************************************************************************************************************
2021-10-31 21:56:42,453 p=44927 u=rob n=ansible | skipping: [eveng]
2021-10-31 21:56:42,459 p=44927 u=rob n=ansible | skipping: [vyos-oobm]
2021-10-31 21:56:42,460 p=44927 u=rob n=ansible | skipping: [central]
2021-10-31 21:56:42,463 p=44927 u=rob n=ansible | skipping: [branch]
2021-10-31 21:56:42,465 p=44927 u=rob n=ansible | TASK [eve-ng-create-node : Login to EVE-NG and get Cookie] ***********************************************************************************************************************
2021-10-31 21:56:42,477 p=44927 u=rob n=ansible | skipping: [eveng]
2021-10-31 21:56:42,483 p=44927 u=rob n=ansible | skipping: [vyos-oobm]
2021-10-31 21:56:42,484 p=44927 u=rob n=ansible | skipping: [central]
2021-10-31 21:56:42,487 p=44927 u=rob n=ansible | skipping: [branch]
2021-10-31 21:56:42,489 p=44927 u=rob n=ansible | TASK [eve-ng-create-node : create lab for node install] **************************************************************************************************************************
2021-10-31 21:56:42,501 p=44927 u=rob n=ansible | skipping: [eveng]
2021-10-31 21:56:42,506 p=44927 u=rob n=ansible | skipping: [vyos-oobm]
2021-10-31 21:56:42,508 p=44927 u=rob n=ansible | skipping: [central]
2021-10-31 21:56:42,511 p=44927 u=rob n=ansible | skipping: [branch]
2021-10-31 21:56:42,513 p=44927 u=rob n=ansible | TASK [eve-ng-create-node : open lab] *********************************************************************************************************************************************
2021-10-31 21:56:42,524 p=44927 u=rob n=ansible | skipping: [eveng]
2021-10-31 21:56:42,529 p=44927 u=rob n=ansible | skipping: [vyos-oobm]
2021-10-31 21:56:42,531 p=44927 u=rob n=ansible | skipping: [central]
2021-10-31 21:56:42,534 p=44927 u=rob n=ansible | skipping: [branch]
2021-10-31 21:56:42,537 p=44927 u=rob n=ansible | TASK [eve-ng-create-node : set_fact] *********************************************************************************************************************************************
2021-10-31 21:56:42,549 p=44927 u=rob n=ansible | skipping: [eveng]
2021-10-31 21:56:42,554 p=44927 u=rob n=ansible | skipping: [vyos-oobm]
2021-10-31 21:56:42,556 p=44927 u=rob n=ansible | skipping: [central]
2021-10-31 21:56:42,558 p=44927 u=rob n=ansible | skipping: [branch]
2021-10-31 21:56:42,560 p=44927 u=rob n=ansible | TASK [eve-ng-create-node : add node to lab] **************************************************************************************************************************************
2021-10-31 21:56:42,572 p=44927 u=rob n=ansible | skipping: [eveng]
2021-10-31 21:56:42,578 p=44927 u=rob n=ansible | skipping: [vyos-oobm]
2021-10-31 21:56:42,580 p=44927 u=rob n=ansible | skipping: [central]
2021-10-31 21:56:42,582 p=44927 u=rob n=ansible | skipping: [branch]
2021-10-31 21:56:42,585 p=44927 u=rob n=ansible | TASK [eve-ng-create-node : start node] *******************************************************************************************************************************************
2021-10-31 21:56:42,596 p=44927 u=rob n=ansible | skipping: [eveng]
2021-10-31 21:56:42,601 p=44927 u=rob n=ansible | skipping: [vyos-oobm]
2021-10-31 21:56:42,603 p=44927 u=rob n=ansible | skipping: [central]
2021-10-31 21:56:42,607 p=44927 u=rob n=ansible | skipping: [branch]
2021-10-31 21:56:42,610 p=44927 u=rob n=ansible | TASK [eve-ng-create-node : get node infos] ***************************************************************************************************************************************
2021-10-31 21:56:42,621 p=44927 u=rob n=ansible | skipping: [eveng]
2021-10-31 21:56:42,627 p=44927 u=rob n=ansible | skipping: [vyos-oobm]
2021-10-31 21:56:42,629 p=44927 u=rob n=ansible | skipping: [central]
2021-10-31 21:56:42,632 p=44927 u=rob n=ansible | skipping: [branch]
2021-10-31 21:56:42,634 p=44927 u=rob n=ansible | TASK [eve-ng-create-node : set_fact] *********************************************************************************************************************************************
2021-10-31 21:56:42,646 p=44927 u=rob n=ansible | skipping: [eveng]
2021-10-31 21:56:42,651 p=44927 u=rob n=ansible | skipping: [vyos-oobm]
2021-10-31 21:56:42,652 p=44927 u=rob n=ansible | skipping: [central]
2021-10-31 21:56:42,656 p=44927 u=rob n=ansible | skipping: [branch]
2021-10-31 21:56:42,659 p=44927 u=rob n=ansible | TASK [eve-ng-create-node : copy file] ********************************************************************************************************************************************
2021-10-31 21:56:42,671 p=44927 u=rob n=ansible | skipping: [eveng]
2021-10-31 21:56:42,676 p=44927 u=rob n=ansible | skipping: [vyos-oobm]
2021-10-31 21:56:42,678 p=44927 u=rob n=ansible | skipping: [central]
2021-10-31 21:56:42,682 p=44927 u=rob n=ansible | skipping: [branch]
2021-10-31 21:56:42,684 p=44927 u=rob n=ansible | TASK [eve-ng-create-node : run expect script] ************************************************************************************************************************************
2021-10-31 21:56:42,697 p=44927 u=rob n=ansible | skipping: [eveng]
2021-10-31 21:56:42,703 p=44927 u=rob n=ansible | skipping: [vyos-oobm]
2021-10-31 21:56:42,705 p=44927 u=rob n=ansible | skipping: [central]
2021-10-31 21:56:42,708 p=44927 u=rob n=ansible | skipping: [branch]
2021-10-31 21:56:42,710 p=44927 u=rob n=ansible | TASK [eve-ng-create-node : Login to EVE-NG and get Cookie (due timeout)] *********************************************************************************************************
2021-10-31 21:56:42,723 p=44927 u=rob n=ansible | skipping: [eveng]
2021-10-31 21:56:42,728 p=44927 u=rob n=ansible | skipping: [vyos-oobm]
2021-10-31 21:56:42,730 p=44927 u=rob n=ansible | skipping: [central]
2021-10-31 21:56:42,733 p=44927 u=rob n=ansible | skipping: [branch]
2021-10-31 21:56:42,735 p=44927 u=rob n=ansible | TASK [eve-ng-create-node : stop node] ********************************************************************************************************************************************
2021-10-31 21:56:42,748 p=44927 u=rob n=ansible | skipping: [eveng]
2021-10-31 21:56:42,753 p=44927 u=rob n=ansible | skipping: [vyos-oobm]
2021-10-31 21:56:42,755 p=44927 u=rob n=ansible | skipping: [central]
2021-10-31 21:56:42,758 p=44927 u=rob n=ansible | skipping: [branch]
2021-10-31 21:56:42,761 p=44927 u=rob n=ansible | TASK [eve-ng-create-node : Pause to wait node is shutdown] ***********************************************************************************************************************
2021-10-31 21:56:42,768 p=44927 u=rob n=ansible | skipping: [eveng]
2021-10-31 21:56:42,770 p=44927 u=rob n=ansible | TASK [eve-ng-create-node : delete iso] *******************************************************************************************************************************************
2021-10-31 21:56:42,782 p=44927 u=rob n=ansible | skipping: [eveng]
2021-10-31 21:56:42,788 p=44927 u=rob n=ansible | skipping: [vyos-oobm]
2021-10-31 21:56:42,790 p=44927 u=rob n=ansible | skipping: [central]
2021-10-31 21:56:42,793 p=44927 u=rob n=ansible | skipping: [branch]
2021-10-31 21:56:42,795 p=44927 u=rob n=ansible | TASK [eve-ng-create-node : commit virtioa.qcow2] *********************************************************************************************************************************
2021-10-31 21:56:42,807 p=44927 u=rob n=ansible | skipping: [eveng]
2021-10-31 21:56:42,813 p=44927 u=rob n=ansible | skipping: [vyos-oobm]
2021-10-31 21:56:42,814 p=44927 u=rob n=ansible | skipping: [central]
2021-10-31 21:56:42,817 p=44927 u=rob n=ansible | skipping: [branch]
2021-10-31 21:56:42,819 p=44927 u=rob n=ansible | TASK [eve-ng-create-node : delete lab for node install] **************************************************************************************************************************
2021-10-31 21:56:42,830 p=44927 u=rob n=ansible | skipping: [eveng]
2021-10-31 21:56:42,836 p=44927 u=rob n=ansible | skipping: [vyos-oobm]
2021-10-31 21:56:42,838 p=44927 u=rob n=ansible | skipping: [central]
2021-10-31 21:56:42,841 p=44927 u=rob n=ansible | skipping: [branch]
2021-10-31 21:56:42,847 p=44927 u=rob n=ansible | TASK [eve-ng-lab-test : fail] ****************************************************************************************************************************************************
2021-10-31 21:56:42,859 p=44927 u=rob n=ansible | skipping: [eveng]
2021-10-31 21:56:42,864 p=44927 u=rob n=ansible | skipping: [vyos-oobm]
2021-10-31 21:56:42,865 p=44927 u=rob n=ansible | skipping: [central]
2021-10-31 21:56:42,868 p=44927 u=rob n=ansible | skipping: [branch]
2021-10-31 21:56:42,870 p=44927 u=rob n=ansible | TASK [eve-ng-lab-test : Login to EVE-NG and get Cookie] **************************************************************************************************************************
2021-10-31 21:56:42,887 p=44927 u=rob n=ansible | skipping: [vyos-oobm]
2021-10-31 21:56:42,889 p=44927 u=rob n=ansible | skipping: [central]
2021-10-31 21:56:42,893 p=44927 u=rob n=ansible | skipping: [branch]
2021-10-31 21:56:43,520 p=44927 u=rob n=ansible | ok: [eveng]
2021-10-31 21:56:43,531 p=44927 u=rob n=ansible | TASK [eve-ng-lab-test : get running lab list] ************************************************************************************************************************************
2021-10-31 21:56:43,563 p=44927 u=rob n=ansible | skipping: [vyos-oobm]
2021-10-31 21:56:43,565 p=44927 u=rob n=ansible | skipping: [central]
2021-10-31 21:56:43,570 p=44927 u=rob n=ansible | skipping: [branch]
2021-10-31 21:56:44,031 p=44927 u=rob n=ansible | ok: [eveng]
2021-10-31 21:56:44,038 p=44927 u=rob n=ansible | TASK [eve-ng-lab-test : delte existing lab] **************************************************************************************************************************************
2021-10-31 21:56:44,068 p=44927 u=rob n=ansible | skipping: [vyos-oobm]
2021-10-31 21:56:44,069 p=44927 u=rob n=ansible | skipping: [central]
2021-10-31 21:56:44,075 p=44927 u=rob n=ansible | skipping: [branch]
2021-10-31 21:56:44,539 p=44927 u=rob n=ansible | ok: [eveng]
2021-10-31 21:56:44,553 p=44927 u=rob n=ansible | TASK [eve-ng-lab-test : Ensure labtest is present] *******************************************************************************************************************************
2021-10-31 21:56:44,583 p=44927 u=rob n=ansible | skipping: [vyos-oobm]
2021-10-31 21:56:44,586 p=44927 u=rob n=ansible | skipping: [central]
2021-10-31 21:56:44,592 p=44927 u=rob n=ansible | skipping: [branch]
2021-10-31 21:56:44,911 p=44927 u=rob n=ansible | ok: [eveng]
2021-10-31 21:56:44,916 p=44927 u=rob n=ansible | TASK [eve-ng-lab-test : Create Wireguard Lab] ************************************************************************************************************************************
2021-10-31 21:56:44,938 p=44927 u=rob n=ansible | skipping: [vyos-oobm]
2021-10-31 21:56:44,940 p=44927 u=rob n=ansible | skipping: [central]
2021-10-31 21:56:44,944 p=44927 u=rob n=ansible | skipping: [branch]
2021-10-31 21:56:45,635 p=44927 u=rob n=ansible | changed: [eveng]
2021-10-31 21:56:45,639 p=44927 u=rob n=ansible | TASK [eve-ng-lab-test : Login to EVE-NG and get Cookie] **************************************************************************************************************************
2021-10-31 21:56:45,662 p=44927 u=rob n=ansible | skipping: [vyos-oobm]
2021-10-31 21:56:45,664 p=44927 u=rob n=ansible | skipping: [central]
2021-10-31 21:56:45,668 p=44927 u=rob n=ansible | skipping: [branch]
2021-10-31 21:56:46,322 p=44927 u=rob n=ansible | ok: [eveng]
2021-10-31 21:56:46,330 p=44927 u=rob n=ansible | TASK [eve-ng-lab-test : start vyos-oobm] *****************************************************************************************************************************************
2021-10-31 21:56:46,360 p=44927 u=rob n=ansible | skipping: [vyos-oobm]
2021-10-31 21:56:46,362 p=44927 u=rob n=ansible | skipping: [central]
2021-10-31 21:56:46,368 p=44927 u=rob n=ansible | skipping: [branch]
2021-10-31 21:56:47,336 p=44927 u=rob n=ansible | ok: [eveng]
2021-10-31 21:56:47,345 p=44927 u=rob n=ansible | TASK [eve-ng-lab-test : Wait for vyos-oobm] **************************************************************************************************************************************
2021-10-31 21:56:47,367 p=44927 u=rob n=ansible | skipping: [eveng]
2021-10-31 21:56:47,376 p=44927 u=rob n=ansible | skipping: [central]
2021-10-31 21:56:47,382 p=44927 u=rob n=ansible | skipping: [branch]
2021-10-31 21:57:30,319 p=44927 u=rob n=ansible | ok: [vyos-oobm]
2021-10-31 21:57:30,322 p=44927 u=rob n=ansible | TASK [eve-ng-lab-test : Login to EVE-NG and get Cookie] **************************************************************************************************************************
2021-10-31 21:57:30,345 p=44927 u=rob n=ansible | skipping: [vyos-oobm]
2021-10-31 21:57:30,347 p=44927 u=rob n=ansible | skipping: [central]
2021-10-31 21:57:30,352 p=44927 u=rob n=ansible | skipping: [branch]
2021-10-31 21:57:30,991 p=44927 u=rob n=ansible | ok: [eveng]
2021-10-31 21:57:30,999 p=44927 u=rob n=ansible | TASK [eve-ng-lab-test : get lab status] ******************************************************************************************************************************************
2021-10-31 21:57:31,029 p=44927 u=rob n=ansible | skipping: [vyos-oobm]
2021-10-31 21:57:31,031 p=44927 u=rob n=ansible | skipping: [central]
2021-10-31 21:57:31,037 p=44927 u=rob n=ansible | skipping: [branch]
2021-10-31 21:57:31,506 p=44927 u=rob n=ansible | ok: [eveng]
2021-10-31 21:57:31,516 p=44927 u=rob n=ansible | TASK [eve-ng-lab-test : start all nodes] *****************************************************************************************************************************************
2021-10-31 21:57:31,538 p=44927 u=rob n=ansible | skipping: [vyos-oobm]
2021-10-31 21:57:31,540 p=44927 u=rob n=ansible | skipping: [central]
2021-10-31 21:57:31,545 p=44927 u=rob n=ansible | skipping: [branch]
2021-10-31 21:57:32,031 p=44927 u=rob n=ansible | ok: [eveng] => (item=1)
2021-10-31 21:57:32,987 p=44927 u=rob n=ansible | ok: [eveng] => (item=4)
2021-10-31 21:57:34,085 p=44927 u=rob n=ansible | ok: [eveng] => (item=6)
2021-10-31 21:57:35,025 p=44927 u=rob n=ansible | ok: [eveng] => (item=2)
2021-10-31 21:57:35,982 p=44927 u=rob n=ansible | ok: [eveng] => (item=3)
2021-10-31 21:57:35,991 p=44927 u=rob n=ansible | TASK [eve-ng-lab-test : Wait for vyos nodes] *************************************************************************************************************************************
2021-10-31 21:57:36,014 p=44927 u=rob n=ansible | skipping: [eveng]
2021-10-31 21:57:36,021 p=44927 u=rob n=ansible | skipping: [vyos-oobm]
2021-10-31 21:57:36,908 p=45354 u=rob n=ansible | network_os is set to vyos
2021-10-31 21:57:36,908 p=45353 u=rob n=ansible | network_os is set to vyos
2021-10-31 21:57:51,938 p=45353 u=rob n=p=45353 u=rob | paramiko [central] | Exception: Error reading SSH protocol banner
2021-10-31 21:57:51,941 p=45353 u=rob n=p=45353 u=rob | paramiko [central] | Traceback (most recent call last):
2021-10-31 21:57:51,941 p=45353 u=rob n=p=45353 u=rob | paramiko [central] |   File "/Users/rob/.local/share/virtualenvs/vyos-eveng-b9X2mBdh/lib/python3.9/site-packages/paramiko/transport.py", line 2211, in _check_banner
2021-10-31 21:57:51,941 p=45353 u=rob n=p=45353 u=rob | paramiko [central] |     buf = self.packetizer.readline(timeout)
2021-10-31 21:57:51,941 p=45353 u=rob n=p=45353 u=rob | paramiko [central] |   File "/Users/rob/.local/share/virtualenvs/vyos-eveng-b9X2mBdh/lib/python3.9/site-packages/paramiko/packet.py", line 380, in readline
2021-10-31 21:57:51,942 p=45353 u=rob n=p=45353 u=rob | paramiko [central] |     buf += self._read_timeout(timeout)
2021-10-31 21:57:51,942 p=45353 u=rob n=p=45353 u=rob | paramiko [central] |   File "/Users/rob/.local/share/virtualenvs/vyos-eveng-b9X2mBdh/lib/python3.9/site-packages/paramiko/packet.py", line 622, in _read_timeout
2021-10-31 21:57:51,942 p=45353 u=rob n=p=45353 u=rob | paramiko [central] |     raise socket.timeout()
2021-10-31 21:57:51,942 p=45353 u=rob n=p=45353 u=rob | paramiko [central] | socket.timeout
2021-10-31 21:57:51,942 p=45353 u=rob n=p=45353 u=rob | paramiko [central] | 
2021-10-31 21:57:51,942 p=45353 u=rob n=p=45353 u=rob | paramiko [central] | During handling of the above exception, another exception occurred:
2021-10-31 21:57:51,942 p=45353 u=rob n=p=45353 u=rob | paramiko [central] | 
2021-10-31 21:57:51,943 p=45353 u=rob n=p=45353 u=rob | paramiko [central] | Traceback (most recent call last):
2021-10-31 21:57:51,943 p=45353 u=rob n=p=45353 u=rob | paramiko [central] |   File "/Users/rob/.local/share/virtualenvs/vyos-eveng-b9X2mBdh/lib/python3.9/site-packages/paramiko/transport.py", line 2039, in run
2021-10-31 21:57:51,943 p=45353 u=rob n=p=45353 u=rob | paramiko [central] |     self._check_banner()
2021-10-31 21:57:51,943 p=45353 u=rob n=p=45353 u=rob | paramiko [central] |   File "/Users/rob/.local/share/virtualenvs/vyos-eveng-b9X2mBdh/lib/python3.9/site-packages/paramiko/transport.py", line 2215, in _check_banner
2021-10-31 21:57:51,943 p=45353 u=rob n=p=45353 u=rob | paramiko [central] |     raise SSHException(
2021-10-31 21:57:51,943 p=45353 u=rob n=p=45353 u=rob | paramiko [central] | paramiko.ssh_exception.SSHException: Error reading SSH protocol banner
2021-10-31 21:57:51,943 p=45353 u=rob n=p=45353 u=rob | paramiko [central] | 
2021-10-31 21:57:51,947 p=45354 u=rob n=p=45354 u=rob | paramiko [branch] | Exception: Error reading SSH protocol banner
2021-10-31 21:57:51,947 p=45354 u=rob n=p=45354 u=rob | paramiko [branch] | Traceback (most recent call last):
2021-10-31 21:57:51,948 p=45354 u=rob n=p=45354 u=rob | paramiko [branch] |   File "/Users/rob/.local/share/virtualenvs/vyos-eveng-b9X2mBdh/lib/python3.9/site-packages/paramiko/transport.py", line 2211, in _check_banner
2021-10-31 21:57:51,948 p=45354 u=rob n=p=45354 u=rob | paramiko [branch] |     buf = self.packetizer.readline(timeout)
2021-10-31 21:57:51,948 p=45354 u=rob n=p=45354 u=rob | paramiko [branch] |   File "/Users/rob/.local/share/virtualenvs/vyos-eveng-b9X2mBdh/lib/python3.9/site-packages/paramiko/packet.py", line 380, in readline
2021-10-31 21:57:51,948 p=45354 u=rob n=p=45354 u=rob | paramiko [branch] |     buf += self._read_timeout(timeout)
2021-10-31 21:57:51,948 p=45354 u=rob n=p=45354 u=rob | paramiko [branch] |   File "/Users/rob/.local/share/virtualenvs/vyos-eveng-b9X2mBdh/lib/python3.9/site-packages/paramiko/packet.py", line 622, in _read_timeout
2021-10-31 21:57:51,948 p=45354 u=rob n=p=45354 u=rob | paramiko [branch] |     raise socket.timeout()
2021-10-31 21:57:51,948 p=45354 u=rob n=p=45354 u=rob | paramiko [branch] | socket.timeout
2021-10-31 21:57:51,948 p=45354 u=rob n=p=45354 u=rob | paramiko [branch] | 
2021-10-31 21:57:51,949 p=45354 u=rob n=p=45354 u=rob | paramiko [branch] | During handling of the above exception, another exception occurred:
2021-10-31 21:57:51,949 p=45354 u=rob n=p=45354 u=rob | paramiko [branch] | 
2021-10-31 21:57:51,949 p=45354 u=rob n=p=45354 u=rob | paramiko [branch] | Traceback (most recent call last):
2021-10-31 21:57:51,949 p=45354 u=rob n=p=45354 u=rob | paramiko [branch] |   File "/Users/rob/.local/share/virtualenvs/vyos-eveng-b9X2mBdh/lib/python3.9/site-packages/paramiko/transport.py", line 2039, in run
2021-10-31 21:57:51,949 p=45354 u=rob n=p=45354 u=rob | paramiko [branch] |     self._check_banner()
2021-10-31 21:57:51,949 p=45354 u=rob n=p=45354 u=rob | paramiko [branch] |   File "/Users/rob/.local/share/virtualenvs/vyos-eveng-b9X2mBdh/lib/python3.9/site-packages/paramiko/transport.py", line 2215, in _check_banner
2021-10-31 21:57:51,949 p=45354 u=rob n=p=45354 u=rob | paramiko [branch] |     raise SSHException(
2021-10-31 21:57:51,949 p=45354 u=rob n=p=45354 u=rob | paramiko [branch] | paramiko.ssh_exception.SSHException: Error reading SSH protocol banner
2021-10-31 21:57:51,950 p=45354 u=rob n=p=45354 u=rob | paramiko [branch] | 
2021-10-31 21:58:07,972 p=45353 u=rob n=p=45353 u=rob | paramiko [central] | Exception: Error reading SSH protocol banner
2021-10-31 21:58:07,973 p=45353 u=rob n=p=45353 u=rob | paramiko [central] | Traceback (most recent call last):
2021-10-31 21:58:07,973 p=45353 u=rob n=p=45353 u=rob | paramiko [central] |   File "/Users/rob/.local/share/virtualenvs/vyos-eveng-b9X2mBdh/lib/python3.9/site-packages/paramiko/transport.py", line 2211, in _check_banner
2021-10-31 21:58:07,973 p=45353 u=rob n=p=45353 u=rob | paramiko [central] |     buf = self.packetizer.readline(timeout)
2021-10-31 21:58:07,974 p=45353 u=rob n=p=45353 u=rob | paramiko [central] |   File "/Users/rob/.local/share/virtualenvs/vyos-eveng-b9X2mBdh/lib/python3.9/site-packages/paramiko/packet.py", line 380, in readline
2021-10-31 21:58:07,974 p=45353 u=rob n=p=45353 u=rob | paramiko [central] |     buf += self._read_timeout(timeout)
2021-10-31 21:58:07,974 p=45353 u=rob n=p=45353 u=rob | paramiko [central] |   File "/Users/rob/.local/share/virtualenvs/vyos-eveng-b9X2mBdh/lib/python3.9/site-packages/paramiko/packet.py", line 622, in _read_timeout
2021-10-31 21:58:07,974 p=45353 u=rob n=p=45353 u=rob | paramiko [central] |     raise socket.timeout()
2021-10-31 21:58:07,974 p=45353 u=rob n=p=45353 u=rob | paramiko [central] | socket.timeout
2021-10-31 21:58:07,974 p=45353 u=rob n=p=45353 u=rob | paramiko [central] | 
2021-10-31 21:58:07,974 p=45353 u=rob n=p=45353 u=rob | paramiko [central] | During handling of the above exception, another exception occurred:
2021-10-31 21:58:07,975 p=45353 u=rob n=p=45353 u=rob | paramiko [central] | 
2021-10-31 21:58:07,975 p=45353 u=rob n=p=45353 u=rob | paramiko [central] | Traceback (most recent call last):
2021-10-31 21:58:07,975 p=45353 u=rob n=p=45353 u=rob | paramiko [central] |   File "/Users/rob/.local/share/virtualenvs/vyos-eveng-b9X2mBdh/lib/python3.9/site-packages/paramiko/transport.py", line 2039, in run
2021-10-31 21:58:07,975 p=45353 u=rob n=p=45353 u=rob | paramiko [central] |     self._check_banner()
2021-10-31 21:58:07,975 p=45353 u=rob n=p=45353 u=rob | paramiko [central] |   File "/Users/rob/.local/share/virtualenvs/vyos-eveng-b9X2mBdh/lib/python3.9/site-packages/paramiko/transport.py", line 2215, in _check_banner
2021-10-31 21:58:07,975 p=45353 u=rob n=p=45353 u=rob | paramiko [central] |     raise SSHException(
2021-10-31 21:58:07,975 p=45353 u=rob n=p=45353 u=rob | paramiko [central] | paramiko.ssh_exception.SSHException: Error reading SSH protocol banner
2021-10-31 21:58:07,975 p=45353 u=rob n=p=45353 u=rob | paramiko [central] | 
2021-10-31 21:58:07,980 p=45354 u=rob n=p=45354 u=rob | paramiko [branch] | Exception: Error reading SSH protocol banner
2021-10-31 21:58:07,981 p=45354 u=rob n=p=45354 u=rob | paramiko [branch] | Traceback (most recent call last):
2021-10-31 21:58:07,981 p=45354 u=rob n=p=45354 u=rob | paramiko [branch] |   File "/Users/rob/.local/share/virtualenvs/vyos-eveng-b9X2mBdh/lib/python3.9/site-packages/paramiko/transport.py", line 2211, in _check_banner
2021-10-31 21:58:07,981 p=45354 u=rob n=p=45354 u=rob | paramiko [branch] |     buf = self.packetizer.readline(timeout)
2021-10-31 21:58:07,981 p=45354 u=rob n=p=45354 u=rob | paramiko [branch] |   File "/Users/rob/.local/share/virtualenvs/vyos-eveng-b9X2mBdh/lib/python3.9/site-packages/paramiko/packet.py", line 380, in readline
2021-10-31 21:58:07,981 p=45354 u=rob n=p=45354 u=rob | paramiko [branch] |     buf += self._read_timeout(timeout)
2021-10-31 21:58:07,982 p=45354 u=rob n=p=45354 u=rob | paramiko [branch] |   File "/Users/rob/.local/share/virtualenvs/vyos-eveng-b9X2mBdh/lib/python3.9/site-packages/paramiko/packet.py", line 622, in _read_timeout
2021-10-31 21:58:07,982 p=45354 u=rob n=p=45354 u=rob | paramiko [branch] |     raise socket.timeout()
2021-10-31 21:58:07,982 p=45354 u=rob n=p=45354 u=rob | paramiko [branch] | socket.timeout
2021-10-31 21:58:07,982 p=45354 u=rob n=p=45354 u=rob | paramiko [branch] | 
2021-10-31 21:58:07,982 p=45354 u=rob n=p=45354 u=rob | paramiko [branch] | During handling of the above exception, another exception occurred:
2021-10-31 21:58:07,982 p=45354 u=rob n=p=45354 u=rob | paramiko [branch] | 
2021-10-31 21:58:07,982 p=45354 u=rob n=p=45354 u=rob | paramiko [branch] | Traceback (most recent call last):
2021-10-31 21:58:07,983 p=45354 u=rob n=p=45354 u=rob | paramiko [branch] |   File "/Users/rob/.local/share/virtualenvs/vyos-eveng-b9X2mBdh/lib/python3.9/site-packages/paramiko/transport.py", line 2039, in run
2021-10-31 21:58:07,983 p=45354 u=rob n=p=45354 u=rob | paramiko [branch] |     self._check_banner()
2021-10-31 21:58:07,983 p=45354 u=rob n=p=45354 u=rob | paramiko [branch] |   File "/Users/rob/.local/share/virtualenvs/vyos-eveng-b9X2mBdh/lib/python3.9/site-packages/paramiko/transport.py", line 2215, in _check_banner
2021-10-31 21:58:07,983 p=45354 u=rob n=p=45354 u=rob | paramiko [branch] |     raise SSHException(
2021-10-31 21:58:07,983 p=45354 u=rob n=p=45354 u=rob | paramiko [branch] | paramiko.ssh_exception.SSHException: Error reading SSH protocol banner
2021-10-31 21:58:07,983 p=45354 u=rob n=p=45354 u=rob | paramiko [branch] | 
2021-10-31 21:58:10,700 p=45354 u=rob n=p=45354 u=rob | paramiko [branch] | Connected (version 2.0, client OpenSSH_7.9p1)
2021-10-31 21:58:10,753 p=45354 u=rob n=p=45354 u=rob | paramiko [branch] | Auth banner: b'Welcome to VyOS\n\n'
2021-10-31 21:58:10,754 p=45354 u=rob n=p=45354 u=rob | paramiko [branch] | Authentication (publickey) successful!
2021-10-31 21:58:11,463 p=44927 u=rob n=ansible | ok: [branch]
2021-10-31 21:58:24,015 p=45353 u=rob n=p=45353 u=rob | paramiko [central] | Exception: Error reading SSH protocol banner
2021-10-31 21:58:24,015 p=45353 u=rob n=p=45353 u=rob | paramiko [central] | Traceback (most recent call last):
2021-10-31 21:58:24,015 p=45353 u=rob n=p=45353 u=rob | paramiko [central] |   File "/Users/rob/.local/share/virtualenvs/vyos-eveng-b9X2mBdh/lib/python3.9/site-packages/paramiko/transport.py", line 2211, in _check_banner
2021-10-31 21:58:24,015 p=45353 u=rob n=p=45353 u=rob | paramiko [central] |     buf = self.packetizer.readline(timeout)
2021-10-31 21:58:24,016 p=45353 u=rob n=p=45353 u=rob | paramiko [central] |   File "/Users/rob/.local/share/virtualenvs/vyos-eveng-b9X2mBdh/lib/python3.9/site-packages/paramiko/packet.py", line 380, in readline
2021-10-31 21:58:24,016 p=45353 u=rob n=p=45353 u=rob | paramiko [central] |     buf += self._read_timeout(timeout)
2021-10-31 21:58:24,016 p=45353 u=rob n=p=45353 u=rob | paramiko [central] |   File "/Users/rob/.local/share/virtualenvs/vyos-eveng-b9X2mBdh/lib/python3.9/site-packages/paramiko/packet.py", line 622, in _read_timeout
2021-10-31 21:58:24,016 p=45353 u=rob n=p=45353 u=rob | paramiko [central] |     raise socket.timeout()
2021-10-31 21:58:24,016 p=45353 u=rob n=p=45353 u=rob | paramiko [central] | socket.timeout
2021-10-31 21:58:24,016 p=45353 u=rob n=p=45353 u=rob | paramiko [central] | 
2021-10-31 21:58:24,016 p=45353 u=rob n=p=45353 u=rob | paramiko [central] | During handling of the above exception, another exception occurred:
2021-10-31 21:58:24,017 p=45353 u=rob n=p=45353 u=rob | paramiko [central] | 
2021-10-31 21:58:24,017 p=45353 u=rob n=p=45353 u=rob | paramiko [central] | Traceback (most recent call last):
2021-10-31 21:58:24,017 p=45353 u=rob n=p=45353 u=rob | paramiko [central] |   File "/Users/rob/.local/share/virtualenvs/vyos-eveng-b9X2mBdh/lib/python3.9/site-packages/paramiko/transport.py", line 2039, in run
2021-10-31 21:58:24,017 p=45353 u=rob n=p=45353 u=rob | paramiko [central] |     self._check_banner()
2021-10-31 21:58:24,017 p=45353 u=rob n=p=45353 u=rob | paramiko [central] |   File "/Users/rob/.local/share/virtualenvs/vyos-eveng-b9X2mBdh/lib/python3.9/site-packages/paramiko/transport.py", line 2215, in _check_banner
2021-10-31 21:58:24,017 p=45353 u=rob n=p=45353 u=rob | paramiko [central] |     raise SSHException(
2021-10-31 21:58:24,017 p=45353 u=rob n=p=45353 u=rob | paramiko [central] | paramiko.ssh_exception.SSHException: Error reading SSH protocol banner
2021-10-31 21:58:24,017 p=45353 u=rob n=p=45353 u=rob | paramiko [central] | 
2021-10-31 21:58:25,575 p=45353 u=rob n=p=45353 u=rob | paramiko [central] | Connected (version 2.0, client OpenSSH_7.9p1)
2021-10-31 21:58:25,665 p=45353 u=rob n=p=45353 u=rob | paramiko [central] | Auth banner: b'Welcome to VyOS\n\n'
2021-10-31 21:58:25,665 p=45353 u=rob n=p=45353 u=rob | paramiko [central] | Authentication (publickey) successful!
2021-10-31 21:58:26,504 p=44927 u=rob n=ansible | ok: [central]
2021-10-31 21:58:26,506 p=44927 u=rob n=ansible | TASK [eve-ng-lab-test : include Wireguard lab_config.yml] ************************************************************************************************************************
2021-10-31 21:58:26,518 p=44927 u=rob n=ansible | skipping: [eveng]
2021-10-31 21:58:26,524 p=44927 u=rob n=ansible | skipping: [vyos-oobm]
2021-10-31 21:58:26,534 p=44927 u=rob n=ansible | included: /Users/rob/git/_vyos/vyos-eveng/labs/Wireguard/lab_config.yml for central, branch
2021-10-31 21:58:26,547 p=44927 u=rob n=ansible | TASK [eve-ng-lab-test : show wireguard keypairs pubkey default] ******************************************************************************************************************
2021-10-31 21:58:28,435 p=45361 u=rob n=p=45361 u=rob | paramiko [branch] | Connected (version 2.0, client OpenSSH_7.9p1)
2021-10-31 21:58:28,435 p=45362 u=rob n=p=45362 u=rob | paramiko [central] | Connected (version 2.0, client OpenSSH_7.9p1)
2021-10-31 21:58:28,530 p=45361 u=rob n=p=45361 u=rob | paramiko [branch] | Auth banner: b'Welcome to VyOS\n\n'
2021-10-31 21:58:28,530 p=45362 u=rob n=p=45362 u=rob | paramiko [central] | Auth banner: b'Welcome to VyOS\n\n'
2021-10-31 21:58:28,530 p=45361 u=rob n=p=45361 u=rob | paramiko [branch] | Authentication (publickey) successful!
2021-10-31 21:58:28,530 p=45362 u=rob n=p=45362 u=rob | paramiko [central] | Authentication (publickey) successful!
2021-10-31 21:58:30,084 p=44927 u=rob n=ansible | ok: [branch]
2021-10-31 21:58:30,085 p=44927 u=rob n=ansible | ok: [central]
2021-10-31 21:58:30,092 p=44927 u=rob n=ansible | TASK [eve-ng-lab-test : fail] ****************************************************************************************************************************************************
2021-10-31 21:58:30,961 p=44927 u=rob n=ansible | fatal: [central]: FAILED! => {"changed": false, "msg": "Failed as requested from task"}
2021-10-31 21:58:30,963 p=44927 u=rob n=ansible | fatal: [branch]: FAILED! => {"changed": false, "msg": "Failed as requested from task"}
2021-10-31 21:58:30,978 p=44927 u=rob n=ansible | TASK [eve-ng-lab-test : generate wireguard default-keypair] **********************************************************************************************************************
2021-10-31 21:58:32,357 p=44927 u=rob n=ansible | ok: [central]
2021-10-31 21:58:32,358 p=44927 u=rob n=ansible | ok: [branch]
2021-10-31 21:58:32,365 p=44927 u=rob n=ansible | TASK [eve-ng-lab-test : show wireguard keypairs pubkey default] ******************************************************************************************************************
2021-10-31 21:58:33,741 p=44927 u=rob n=ansible | ok: [central]
2021-10-31 21:58:33,743 p=44927 u=rob n=ansible | ok: [branch]
2021-10-31 21:58:33,758 p=44927 u=rob n=ansible | TASK [eve-ng-lab-test : setup nodes] *********************************************************************************************************************************************
2021-10-31 21:58:41,509 p=44927 u=rob n=ansible | [WARNING]: To ensure idempotency and correct diff the input configuration lines should be similar to how they appear if present in the running configuration on device including
the indentation

2021-10-31 21:58:41,510 p=44927 u=rob n=ansible | changed: [branch]
2021-10-31 21:58:41,634 p=44927 u=rob n=ansible | changed: [central]
2021-10-31 21:58:41,638 p=44927 u=rob n=ansible | TASK [eve-ng-lab-test : wait, b/c the ping often failed without a short break] ***************************************************************************************************
2021-10-31 21:58:41,648 p=45587 u=rob n=ansible | Pausing for 30 seconds
2021-10-31 21:58:41,649 p=45587 u=rob n=ansible | (ctrl+C then 'C' = continue early, ctrl+C then 'A' = abort)
2021-10-31 21:59:11,660 p=44927 u=rob n=ansible | ok: [eveng]
2021-10-31 21:59:11,671 p=44927 u=rob n=ansible | TASK [eve-ng-lab-test : do ping test] ********************************************************************************************************************************************
2021-10-31 21:59:11,698 p=44927 u=rob n=ansible | skipping: [eveng]
2021-10-31 21:59:11,707 p=44927 u=rob n=ansible | skipping: [vyos-oobm]
2021-10-31 21:59:17,020 p=44927 u=rob n=ansible | ok: [branch] => (item=10.0.1.100)
2021-10-31 21:59:17,087 p=44927 u=rob n=ansible | ok: [central] => (item=10.0.2.100)
2021-10-31 21:59:17,092 p=44927 u=rob n=ansible | TASK [eve-ng-lab-test : execute test commands] ***********************************************************************************************************************************
2021-10-31 21:59:17,109 p=44927 u=rob n=ansible | skipping: [eveng]
2021-10-31 21:59:17,116 p=44927 u=rob n=ansible | skipping: [vyos-oobm]
2021-10-31 21:59:18,356 p=44927 u=rob n=ansible | ok: [central] => (item={'desc': 'Test if IP is set to interface', 'command': "ip -4 addr show dev eth2 | grep inet | tr -s ' ' | cut -d' ' -f3 | head -n 1", 'wait_for': ['result[0] contains "10.0.1.254/24"']})
2021-10-31 21:59:18,543 p=44927 u=rob n=ansible | ok: [branch] => (item={'desc': 'show interfaces wireguard', 'command': 'show interfaces wireguard', 'wait_for': ['result[0] contains "S - State, L - Link, u - Up, D - Down, A - Admin Down"', 'result[0] contains "Interface        IP Address                        S/L  Description"', 'result[0] contains "---------        ----------                        ---  -----------"', 'result[0] contains "wg01             192.168.0.2/24                    u/u  VPN-to-central"']})
2021-10-31 21:59:18,818 p=44927 u=rob n=ansible | ok: [central] => (item={'desc': 'show interfaces wireguard', 'command': 'show interfaces wireguard', 'wait_for': ['result[0] contains "S - State, L - Link, u - Up, D - Down, A - Admin Down"', 'result[0] contains "Interface        IP Address                        S/L  Description"', 'result[0] contains "---------        ----------                        ---  -----------"', 'result[0] contains "wg01             192.168.0.1/24                    u/u  VPN-to-Branch"']})
2021-10-31 21:59:18,822 p=44927 u=rob n=ansible | TASK [eve-ng-lab-test : register stdout commands] ********************************************************************************************************************************
2021-10-31 21:59:18,846 p=44927 u=rob n=ansible | skipping: [eveng]
2021-10-31 21:59:18,846 p=44927 u=rob n=ansible | skipping: [vyos-oobm]
2021-10-31 21:59:18,848 p=44927 u=rob n=ansible | skipping: [central]
2021-10-31 21:59:18,854 p=44927 u=rob n=ansible | skipping: [branch]
2021-10-31 21:59:18,857 p=44927 u=rob n=ansible | TASK [eve-ng-lab-test : Set variables] *******************************************************************************************************************************************
2021-10-31 21:59:18,869 p=44927 u=rob n=ansible | skipping: [eveng]
2021-10-31 21:59:18,875 p=44927 u=rob n=ansible | skipping: [vyos-oobm]
2021-10-31 21:59:18,877 p=44927 u=rob n=ansible | skipping: [central]
2021-10-31 21:59:18,880 p=44927 u=rob n=ansible | skipping: [branch]
2021-10-31 21:59:18,883 p=44927 u=rob n=ansible | TASK [eve-ng-lab-test : make sure tmp dir exist] *********************************************************************************************************************************
2021-10-31 21:59:18,897 p=44927 u=rob n=ansible | skipping: [eveng]
2021-10-31 21:59:18,905 p=44927 u=rob n=ansible | skipping: [vyos-oobm]
2021-10-31 21:59:19,083 p=44927 u=rob n=ansible | ok: [branch -> localhost]
2021-10-31 21:59:19,083 p=44927 u=rob n=ansible | ok: [central -> localhost]
2021-10-31 21:59:19,086 p=44927 u=rob n=ansible | TASK [eve-ng-lab-test : Download upgrade_iso] ************************************************************************************************************************************
2021-10-31 21:59:19,102 p=44927 u=rob n=ansible | skipping: [eveng]
2021-10-31 21:59:19,108 p=44927 u=rob n=ansible | skipping: [vyos-oobm]
2021-10-31 21:59:19,890 p=44927 u=rob n=ansible | ok: [branch -> localhost]
2021-10-31 21:59:19,890 p=44927 u=rob n=ansible | ok: [central -> localhost]
2021-10-31 21:59:19,894 p=44927 u=rob n=ansible | TASK [eve-ng-lab-test : Copy iso to host] ****************************************************************************************************************************************
2021-10-31 21:59:19,910 p=44927 u=rob n=ansible | skipping: [eveng]
2021-10-31 21:59:19,916 p=44927 u=rob n=ansible | skipping: [vyos-oobm]
2021-10-31 21:59:21,602 p=45361 u=rob n=p=45361 u=rob | paramiko [branch] | Connected (version 2.0, client OpenSSH_7.9p1)
2021-10-31 21:59:21,602 p=45362 u=rob n=p=45362 u=rob | paramiko [central] | Connected (version 2.0, client OpenSSH_7.9p1)
2021-10-31 21:59:21,706 p=45361 u=rob n=p=45361 u=rob | paramiko [branch] | Auth banner: b'Welcome to VyOS\n\n'
2021-10-31 21:59:21,706 p=45362 u=rob n=p=45362 u=rob | paramiko [central] | Auth banner: b'Welcome to VyOS\n\n'
2021-10-31 21:59:21,706 p=45361 u=rob n=p=45361 u=rob | paramiko [branch] | Authentication (publickey) successful!
2021-10-31 21:59:21,706 p=45362 u=rob n=p=45362 u=rob | paramiko [central] | Authentication (publickey) successful!
2021-10-31 21:59:22,315 p=45361 u=rob n=p=45361 u=rob | paramiko [branch] | Connected (version 2.0, client OpenSSH_7.9p1)
2021-10-31 21:59:22,408 p=45361 u=rob n=p=45361 u=rob | paramiko [branch] | Auth banner: b'Welcome to VyOS\n\n'
2021-10-31 21:59:22,408 p=45361 u=rob n=p=45361 u=rob | paramiko [branch] | Authentication (publickey) successful!
2021-10-31 21:59:22,656 p=45362 u=rob n=p=45362 u=rob | paramiko [central] | Connected (version 2.0, client OpenSSH_7.9p1)
2021-10-31 21:59:22,774 p=45362 u=rob n=p=45362 u=rob | paramiko [central] | Auth banner: b'Welcome to VyOS\n\n'
2021-10-31 21:59:22,775 p=45362 u=rob n=p=45362 u=rob | paramiko [central] | Authentication (publickey) successful!
2021-10-31 21:59:52,384 p=44927 u=rob n=ansible | changed: [central]
2021-10-31 21:59:53,463 p=44927 u=rob n=ansible | changed: [branch]
2021-10-31 21:59:53,469 p=44927 u=rob n=ansible | TASK [eve-ng-lab-test : upgrade vyos] ********************************************************************************************************************************************
2021-10-31 21:59:53,483 p=44927 u=rob n=ansible | skipping: [eveng]
2021-10-31 21:59:53,488 p=44927 u=rob n=ansible | skipping: [vyos-oobm]
2021-10-31 22:00:02,421 p=44927 u=rob n=ansible | ok: [branch]
2021-10-31 22:00:02,509 p=44927 u=rob n=ansible | ok: [central]
2021-10-31 22:00:02,513 p=44927 u=rob n=ansible | TASK [eve-ng-lab-test : Reboot vyos] *********************************************************************************************************************************************
2021-10-31 22:00:02,530 p=44927 u=rob n=ansible | skipping: [eveng]
2021-10-31 22:00:02,535 p=44927 u=rob n=ansible | skipping: [vyos-oobm]
2021-10-31 22:00:03,867 p=44927 u=rob n=ansible | ok: [central]
2021-10-31 22:00:03,868 p=44927 u=rob n=ansible | ok: [branch]
2021-10-31 22:00:03,872 p=44927 u=rob n=ansible | TASK [eve-ng-lab-test : wait while shutdown] *************************************************************************************************************************************
2021-10-31 22:00:03,883 p=44927 u=rob n=ansible | skipping: [eveng]
2021-10-31 22:00:03,886 p=44927 u=rob n=ansible | TASK [eve-ng-lab-test : Wait for vyos nodes] *************************************************************************************************************************************
2021-10-31 22:00:03,901 p=44927 u=rob n=ansible | skipping: [eveng]
2021-10-31 22:00:03,907 p=44927 u=rob n=ansible | skipping: [vyos-oobm]
2021-10-31 22:00:05,556 p=45884 u=rob n=p=45884 u=rob | paramiko [branch] | Connected (version 2.0, client OpenSSH_7.9p1)
2021-10-31 22:00:05,561 p=45883 u=rob n=p=45883 u=rob | paramiko [central] | Connected (version 2.0, client OpenSSH_7.9p1)
2021-10-31 22:00:05,652 p=45884 u=rob n=p=45884 u=rob | paramiko [branch] | Auth banner: b'Welcome to VyOS\n\n'
2021-10-31 22:00:05,652 p=45884 u=rob n=p=45884 u=rob | paramiko [branch] | Auth banner: b'System is going down. Unprivileged users are not permitted to log in anymore. For technical details, see pam_nologin(8).\n\n'
2021-10-31 22:00:05,657 p=45883 u=rob n=p=45883 u=rob | paramiko [central] | Auth banner: b'Welcome to VyOS\n\n'
2021-10-31 22:00:05,658 p=45883 u=rob n=p=45883 u=rob | paramiko [central] | Auth banner: b'System is going down. Unprivileged users are not permitted to log in anymore. For technical details, see pam_nologin(8).\n\n'
2021-10-31 22:01:04,116 p=45362 u=rob n=ansible | persistent connection idle timeout triggered, timeout value is 60 secs.
See the timeout setting options in the Network Debug and Troubleshooting Guide.
2021-10-31 22:01:04,119 p=45361 u=rob n=ansible | persistent connection idle timeout triggered, timeout value is 60 secs.
See the timeout setting options in the Network Debug and Troubleshooting Guide.
2021-10-31 22:01:04,223 p=45362 u=rob n=ansible | shutdown complete
2021-10-31 22:01:04,224 p=45361 u=rob n=ansible | shutdown complete
2021-10-31 22:01:21,644 p=45884 u=rob n=p=45884 u=rob | paramiko [branch] | Exception: Error reading SSH protocol banner
2021-10-31 22:01:21,647 p=45884 u=rob n=p=45884 u=rob | paramiko [branch] | Traceback (most recent call last):
2021-10-31 22:01:21,648 p=45884 u=rob n=p=45884 u=rob | paramiko [branch] |   File "/Users/rob/.local/share/virtualenvs/vyos-eveng-b9X2mBdh/lib/python3.9/site-packages/paramiko/transport.py", line 2211, in _check_banner
2021-10-31 22:01:21,648 p=45884 u=rob n=p=45884 u=rob | paramiko [branch] |     buf = self.packetizer.readline(timeout)
2021-10-31 22:01:21,648 p=45884 u=rob n=p=45884 u=rob | paramiko [branch] |   File "/Users/rob/.local/share/virtualenvs/vyos-eveng-b9X2mBdh/lib/python3.9/site-packages/paramiko/packet.py", line 380, in readline
2021-10-31 22:01:21,648 p=45884 u=rob n=p=45884 u=rob | paramiko [branch] |     buf += self._read_timeout(timeout)
2021-10-31 22:01:21,648 p=45884 u=rob n=p=45884 u=rob | paramiko [branch] |   File "/Users/rob/.local/share/virtualenvs/vyos-eveng-b9X2mBdh/lib/python3.9/site-packages/paramiko/packet.py", line 622, in _read_timeout
2021-10-31 22:01:21,648 p=45884 u=rob n=p=45884 u=rob | paramiko [branch] |     raise socket.timeout()
2021-10-31 22:01:21,649 p=45884 u=rob n=p=45884 u=rob | paramiko [branch] | socket.timeout
2021-10-31 22:01:21,649 p=45884 u=rob n=p=45884 u=rob | paramiko [branch] | 
2021-10-31 22:01:21,649 p=45884 u=rob n=p=45884 u=rob | paramiko [branch] | During handling of the above exception, another exception occurred:
2021-10-31 22:01:21,649 p=45884 u=rob n=p=45884 u=rob | paramiko [branch] | 
2021-10-31 22:01:21,649 p=45884 u=rob n=p=45884 u=rob | paramiko [branch] | Traceback (most recent call last):
2021-10-31 22:01:21,649 p=45884 u=rob n=p=45884 u=rob | paramiko [branch] |   File "/Users/rob/.local/share/virtualenvs/vyos-eveng-b9X2mBdh/lib/python3.9/site-packages/paramiko/transport.py", line 2039, in run
2021-10-31 22:01:21,650 p=45884 u=rob n=p=45884 u=rob | paramiko [branch] |     self._check_banner()
2021-10-31 22:01:21,650 p=45884 u=rob n=p=45884 u=rob | paramiko [branch] |   File "/Users/rob/.local/share/virtualenvs/vyos-eveng-b9X2mBdh/lib/python3.9/site-packages/paramiko/transport.py", line 2215, in _check_banner
2021-10-31 22:01:21,650 p=45884 u=rob n=p=45884 u=rob | paramiko [branch] |     raise SSHException(
2021-10-31 22:01:21,650 p=45884 u=rob n=p=45884 u=rob | paramiko [branch] | paramiko.ssh_exception.SSHException: Error reading SSH protocol banner
2021-10-31 22:01:21,650 p=45884 u=rob n=p=45884 u=rob | paramiko [branch] | 
2021-10-31 22:01:21,751 p=45883 u=rob n=p=45883 u=rob | paramiko [central] | Exception: Error reading SSH protocol banner
2021-10-31 22:01:21,752 p=45883 u=rob n=p=45883 u=rob | paramiko [central] | Traceback (most recent call last):
2021-10-31 22:01:21,752 p=45883 u=rob n=p=45883 u=rob | paramiko [central] |   File "/Users/rob/.local/share/virtualenvs/vyos-eveng-b9X2mBdh/lib/python3.9/site-packages/paramiko/transport.py", line 2211, in _check_banner
2021-10-31 22:01:21,752 p=45883 u=rob n=p=45883 u=rob | paramiko [central] |     buf = self.packetizer.readline(timeout)
2021-10-31 22:01:21,753 p=45883 u=rob n=p=45883 u=rob | paramiko [central] |   File "/Users/rob/.local/share/virtualenvs/vyos-eveng-b9X2mBdh/lib/python3.9/site-packages/paramiko/packet.py", line 380, in readline
2021-10-31 22:01:21,753 p=45883 u=rob n=p=45883 u=rob | paramiko [central] |     buf += self._read_timeout(timeout)
2021-10-31 22:01:21,753 p=45883 u=rob n=p=45883 u=rob | paramiko [central] |   File "/Users/rob/.local/share/virtualenvs/vyos-eveng-b9X2mBdh/lib/python3.9/site-packages/paramiko/packet.py", line 622, in _read_timeout
2021-10-31 22:01:21,753 p=45883 u=rob n=p=45883 u=rob | paramiko [central] |     raise socket.timeout()
2021-10-31 22:01:21,753 p=45883 u=rob n=p=45883 u=rob | paramiko [central] | socket.timeout
2021-10-31 22:01:21,753 p=45883 u=rob n=p=45883 u=rob | paramiko [central] | 
2021-10-31 22:01:21,753 p=45883 u=rob n=p=45883 u=rob | paramiko [central] | During handling of the above exception, another exception occurred:
2021-10-31 22:01:21,754 p=45883 u=rob n=p=45883 u=rob | paramiko [central] | 
2021-10-31 22:01:21,754 p=45883 u=rob n=p=45883 u=rob | paramiko [central] | Traceback (most recent call last):
2021-10-31 22:01:21,754 p=45883 u=rob n=p=45883 u=rob | paramiko [central] |   File "/Users/rob/.local/share/virtualenvs/vyos-eveng-b9X2mBdh/lib/python3.9/site-packages/paramiko/transport.py", line 2039, in run
2021-10-31 22:01:21,754 p=45883 u=rob n=p=45883 u=rob | paramiko [central] |     self._check_banner()
2021-10-31 22:01:21,754 p=45883 u=rob n=p=45883 u=rob | paramiko [central] |   File "/Users/rob/.local/share/virtualenvs/vyos-eveng-b9X2mBdh/lib/python3.9/site-packages/paramiko/transport.py", line 2215, in _check_banner
2021-10-31 22:01:21,754 p=45883 u=rob n=p=45883 u=rob | paramiko [central] |     raise SSHException(
2021-10-31 22:01:21,754 p=45883 u=rob n=p=45883 u=rob | paramiko [central] | paramiko.ssh_exception.SSHException: Error reading SSH protocol banner
2021-10-31 22:01:21,754 p=45883 u=rob n=p=45883 u=rob | paramiko [central] | 
2021-10-31 22:01:37,675 p=45884 u=rob n=p=45884 u=rob | paramiko [branch] | Exception: Error reading SSH protocol banner
2021-10-31 22:01:37,676 p=45884 u=rob n=p=45884 u=rob | paramiko [branch] | Traceback (most recent call last):
2021-10-31 22:01:37,676 p=45884 u=rob n=p=45884 u=rob | paramiko [branch] |   File "/Users/rob/.local/share/virtualenvs/vyos-eveng-b9X2mBdh/lib/python3.9/site-packages/paramiko/transport.py", line 2211, in _check_banner
2021-10-31 22:01:37,676 p=45884 u=rob n=p=45884 u=rob | paramiko [branch] |     buf = self.packetizer.readline(timeout)
2021-10-31 22:01:37,676 p=45884 u=rob n=p=45884 u=rob | paramiko [branch] |   File "/Users/rob/.local/share/virtualenvs/vyos-eveng-b9X2mBdh/lib/python3.9/site-packages/paramiko/packet.py", line 380, in readline
2021-10-31 22:01:37,677 p=45884 u=rob n=p=45884 u=rob | paramiko [branch] |     buf += self._read_timeout(timeout)
2021-10-31 22:01:37,677 p=45884 u=rob n=p=45884 u=rob | paramiko [branch] |   File "/Users/rob/.local/share/virtualenvs/vyos-eveng-b9X2mBdh/lib/python3.9/site-packages/paramiko/packet.py", line 622, in _read_timeout
2021-10-31 22:01:37,677 p=45884 u=rob n=p=45884 u=rob | paramiko [branch] |     raise socket.timeout()
2021-10-31 22:01:37,677 p=45884 u=rob n=p=45884 u=rob | paramiko [branch] | socket.timeout
2021-10-31 22:01:37,677 p=45884 u=rob n=p=45884 u=rob | paramiko [branch] | 
2021-10-31 22:01:37,677 p=45884 u=rob n=p=45884 u=rob | paramiko [branch] | During handling of the above exception, another exception occurred:
2021-10-31 22:01:37,678 p=45884 u=rob n=p=45884 u=rob | paramiko [branch] | 
2021-10-31 22:01:37,678 p=45884 u=rob n=p=45884 u=rob | paramiko [branch] | Traceback (most recent call last):
2021-10-31 22:01:37,678 p=45884 u=rob n=p=45884 u=rob | paramiko [branch] |   File "/Users/rob/.local/share/virtualenvs/vyos-eveng-b9X2mBdh/lib/python3.9/site-packages/paramiko/transport.py", line 2039, in run
2021-10-31 22:01:37,678 p=45884 u=rob n=p=45884 u=rob | paramiko [branch] |     self._check_banner()
2021-10-31 22:01:37,678 p=45884 u=rob n=p=45884 u=rob | paramiko [branch] |   File "/Users/rob/.local/share/virtualenvs/vyos-eveng-b9X2mBdh/lib/python3.9/site-packages/paramiko/transport.py", line 2215, in _check_banner
2021-10-31 22:01:37,679 p=45884 u=rob n=p=45884 u=rob | paramiko [branch] |     raise SSHException(
2021-10-31 22:01:37,679 p=45884 u=rob n=p=45884 u=rob | paramiko [branch] | paramiko.ssh_exception.SSHException: Error reading SSH protocol banner
2021-10-31 22:01:37,679 p=45884 u=rob n=p=45884 u=rob | paramiko [branch] | 
2021-10-31 22:01:37,775 p=45883 u=rob n=p=45883 u=rob | paramiko [central] | Exception: Error reading SSH protocol banner
2021-10-31 22:01:37,775 p=45883 u=rob n=p=45883 u=rob | paramiko [central] | Traceback (most recent call last):
2021-10-31 22:01:37,776 p=45883 u=rob n=p=45883 u=rob | paramiko [central] |   File "/Users/rob/.local/share/virtualenvs/vyos-eveng-b9X2mBdh/lib/python3.9/site-packages/paramiko/transport.py", line 2211, in _check_banner
2021-10-31 22:01:37,776 p=45883 u=rob n=p=45883 u=rob | paramiko [central] |     buf = self.packetizer.readline(timeout)
2021-10-31 22:01:37,776 p=45883 u=rob n=p=45883 u=rob | paramiko [central] |   File "/Users/rob/.local/share/virtualenvs/vyos-eveng-b9X2mBdh/lib/python3.9/site-packages/paramiko/packet.py", line 380, in readline
2021-10-31 22:01:37,776 p=45883 u=rob n=p=45883 u=rob | paramiko [central] |     buf += self._read_timeout(timeout)
2021-10-31 22:01:37,776 p=45883 u=rob n=p=45883 u=rob | paramiko [central] |   File "/Users/rob/.local/share/virtualenvs/vyos-eveng-b9X2mBdh/lib/python3.9/site-packages/paramiko/packet.py", line 622, in _read_timeout
2021-10-31 22:01:37,776 p=45883 u=rob n=p=45883 u=rob | paramiko [central] |     raise socket.timeout()
2021-10-31 22:01:37,776 p=45883 u=rob n=p=45883 u=rob | paramiko [central] | socket.timeout
2021-10-31 22:01:37,777 p=45883 u=rob n=p=45883 u=rob | paramiko [central] | 
2021-10-31 22:01:37,777 p=45883 u=rob n=p=45883 u=rob | paramiko [central] | During handling of the above exception, another exception occurred:
2021-10-31 22:01:37,777 p=45883 u=rob n=p=45883 u=rob | paramiko [central] | 
2021-10-31 22:01:37,777 p=45883 u=rob n=p=45883 u=rob | paramiko [central] | Traceback (most recent call last):
2021-10-31 22:01:37,777 p=45883 u=rob n=p=45883 u=rob | paramiko [central] |   File "/Users/rob/.local/share/virtualenvs/vyos-eveng-b9X2mBdh/lib/python3.9/site-packages/paramiko/transport.py", line 2039, in run
2021-10-31 22:01:37,777 p=45883 u=rob n=p=45883 u=rob | paramiko [central] |     self._check_banner()
2021-10-31 22:01:37,777 p=45883 u=rob n=p=45883 u=rob | paramiko [central] |   File "/Users/rob/.local/share/virtualenvs/vyos-eveng-b9X2mBdh/lib/python3.9/site-packages/paramiko/transport.py", line 2215, in _check_banner
2021-10-31 22:01:37,778 p=45883 u=rob n=p=45883 u=rob | paramiko [central] |     raise SSHException(
2021-10-31 22:01:37,778 p=45883 u=rob n=p=45883 u=rob | paramiko [central] | paramiko.ssh_exception.SSHException: Error reading SSH protocol banner
2021-10-31 22:01:37,778 p=45883 u=rob n=p=45883 u=rob | paramiko [central] | 
2021-10-31 22:01:53,696 p=45884 u=rob n=p=45884 u=rob | paramiko [branch] | Exception: Error reading SSH protocol banner
2021-10-31 22:01:53,697 p=45884 u=rob n=p=45884 u=rob | paramiko [branch] | Traceback (most recent call last):
2021-10-31 22:01:53,697 p=45884 u=rob n=p=45884 u=rob | paramiko [branch] |   File "/Users/rob/.local/share/virtualenvs/vyos-eveng-b9X2mBdh/lib/python3.9/site-packages/paramiko/transport.py", line 2211, in _check_banner
2021-10-31 22:01:53,697 p=45884 u=rob n=p=45884 u=rob | paramiko [branch] |     buf = self.packetizer.readline(timeout)
2021-10-31 22:01:53,698 p=45884 u=rob n=p=45884 u=rob | paramiko [branch] |   File "/Users/rob/.local/share/virtualenvs/vyos-eveng-b9X2mBdh/lib/python3.9/site-packages/paramiko/packet.py", line 380, in readline
2021-10-31 22:01:53,698 p=45884 u=rob n=p=45884 u=rob | paramiko [branch] |     buf += self._read_timeout(timeout)
2021-10-31 22:01:53,698 p=45884 u=rob n=p=45884 u=rob | paramiko [branch] |   File "/Users/rob/.local/share/virtualenvs/vyos-eveng-b9X2mBdh/lib/python3.9/site-packages/paramiko/packet.py", line 622, in _read_timeout
2021-10-31 22:01:53,698 p=45884 u=rob n=p=45884 u=rob | paramiko [branch] |     raise socket.timeout()
2021-10-31 22:01:53,698 p=45884 u=rob n=p=45884 u=rob | paramiko [branch] | socket.timeout
2021-10-31 22:01:53,698 p=45884 u=rob n=p=45884 u=rob | paramiko [branch] | 
2021-10-31 22:01:53,699 p=45884 u=rob n=p=45884 u=rob | paramiko [branch] | During handling of the above exception, another exception occurred:
2021-10-31 22:01:53,699 p=45884 u=rob n=p=45884 u=rob | paramiko [branch] | 
2021-10-31 22:01:53,699 p=45884 u=rob n=p=45884 u=rob | paramiko [branch] | Traceback (most recent call last):
2021-10-31 22:01:53,699 p=45884 u=rob n=p=45884 u=rob | paramiko [branch] |   File "/Users/rob/.local/share/virtualenvs/vyos-eveng-b9X2mBdh/lib/python3.9/site-packages/paramiko/transport.py", line 2039, in run
2021-10-31 22:01:53,699 p=45884 u=rob n=p=45884 u=rob | paramiko [branch] |     self._check_banner()
2021-10-31 22:01:53,699 p=45884 u=rob n=p=45884 u=rob | paramiko [branch] |   File "/Users/rob/.local/share/virtualenvs/vyos-eveng-b9X2mBdh/lib/python3.9/site-packages/paramiko/transport.py", line 2215, in _check_banner
2021-10-31 22:01:53,700 p=45884 u=rob n=p=45884 u=rob | paramiko [branch] |     raise SSHException(
2021-10-31 22:01:53,700 p=45884 u=rob n=p=45884 u=rob | paramiko [branch] | paramiko.ssh_exception.SSHException: Error reading SSH protocol banner
2021-10-31 22:01:53,700 p=45884 u=rob n=p=45884 u=rob | paramiko [branch] | 
2021-10-31 22:01:53,801 p=45883 u=rob n=p=45883 u=rob | paramiko [central] | Exception: Error reading SSH protocol banner
2021-10-31 22:01:53,802 p=45883 u=rob n=p=45883 u=rob | paramiko [central] | Traceback (most recent call last):
2021-10-31 22:01:53,802 p=45883 u=rob n=p=45883 u=rob | paramiko [central] |   File "/Users/rob/.local/share/virtualenvs/vyos-eveng-b9X2mBdh/lib/python3.9/site-packages/paramiko/transport.py", line 2211, in _check_banner
2021-10-31 22:01:53,802 p=45883 u=rob n=p=45883 u=rob | paramiko [central] |     buf = self.packetizer.readline(timeout)
2021-10-31 22:01:53,802 p=45883 u=rob n=p=45883 u=rob | paramiko [central] |   File "/Users/rob/.local/share/virtualenvs/vyos-eveng-b9X2mBdh/lib/python3.9/site-packages/paramiko/packet.py", line 380, in readline
2021-10-31 22:01:53,802 p=45883 u=rob n=p=45883 u=rob | paramiko [central] |     buf += self._read_timeout(timeout)
2021-10-31 22:01:53,802 p=45883 u=rob n=p=45883 u=rob | paramiko [central] |   File "/Users/rob/.local/share/virtualenvs/vyos-eveng-b9X2mBdh/lib/python3.9/site-packages/paramiko/packet.py", line 622, in _read_timeout
2021-10-31 22:01:53,802 p=45883 u=rob n=p=45883 u=rob | paramiko [central] |     raise socket.timeout()
2021-10-31 22:01:53,803 p=45883 u=rob n=p=45883 u=rob | paramiko [central] | socket.timeout
2021-10-31 22:01:53,803 p=45883 u=rob n=p=45883 u=rob | paramiko [central] | 
2021-10-31 22:01:53,803 p=45883 u=rob n=p=45883 u=rob | paramiko [central] | During handling of the above exception, another exception occurred:
2021-10-31 22:01:53,803 p=45883 u=rob n=p=45883 u=rob | paramiko [central] | 
2021-10-31 22:01:53,803 p=45883 u=rob n=p=45883 u=rob | paramiko [central] | Traceback (most recent call last):
2021-10-31 22:01:53,803 p=45883 u=rob n=p=45883 u=rob | paramiko [central] |   File "/Users/rob/.local/share/virtualenvs/vyos-eveng-b9X2mBdh/lib/python3.9/site-packages/paramiko/transport.py", line 2039, in run
2021-10-31 22:01:53,803 p=45883 u=rob n=p=45883 u=rob | paramiko [central] |     self._check_banner()
2021-10-31 22:01:53,804 p=45883 u=rob n=p=45883 u=rob | paramiko [central] |   File "/Users/rob/.local/share/virtualenvs/vyos-eveng-b9X2mBdh/lib/python3.9/site-packages/paramiko/transport.py", line 2215, in _check_banner
2021-10-31 22:01:53,804 p=45883 u=rob n=p=45883 u=rob | paramiko [central] |     raise SSHException(
2021-10-31 22:01:53,804 p=45883 u=rob n=p=45883 u=rob | paramiko [central] | paramiko.ssh_exception.SSHException: Error reading SSH protocol banner
2021-10-31 22:01:53,804 p=45883 u=rob n=p=45883 u=rob | paramiko [central] | 
2021-10-31 22:01:55,217 p=45884 u=rob n=p=45884 u=rob | paramiko [branch] | Connected (version 2.0, client OpenSSH_8.4p1)
2021-10-31 22:01:55,298 p=45884 u=rob n=p=45884 u=rob | paramiko [branch] | Auth banner: b'Welcome to VyOS\n'
2021-10-31 22:01:55,299 p=45884 u=rob n=p=45884 u=rob | paramiko [branch] | Authentication (publickey) successful!
2021-10-31 22:01:55,518 p=45883 u=rob n=p=45883 u=rob | paramiko [central] | Connected (version 2.0, client OpenSSH_8.4p1)
2021-10-31 22:01:55,580 p=45883 u=rob n=p=45883 u=rob | paramiko [central] | Auth banner: b'Welcome to VyOS\n'
2021-10-31 22:01:55,581 p=45883 u=rob n=p=45883 u=rob | paramiko [central] | Authentication (publickey) successful!
2021-10-31 22:01:56,560 p=44927 u=rob n=ansible | ok: [branch]
2021-10-31 22:01:56,875 p=44927 u=rob n=ansible | ok: [central]
2021-10-31 22:01:56,878 p=44927 u=rob n=ansible | TASK [eve-ng-lab-test : clear tmp dir] *******************************************************************************************************************************************
2021-10-31 22:01:56,886 p=44927 u=rob n=ansible | skipping: [eveng]
2021-10-31 22:01:56,888 p=44927 u=rob n=ansible | TASK [eve-ng-lab-test : wait, b/c the ping often failed without a short break] ***************************************************************************************************
2021-10-31 22:01:56,895 p=45952 u=rob n=ansible | Pausing for 30 seconds
2021-10-31 22:01:56,896 p=45952 u=rob n=ansible | (ctrl+C then 'C' = continue early, ctrl+C then 'A' = abort)
2021-10-31 22:02:26,907 p=44927 u=rob n=ansible | ok: [eveng]
2021-10-31 22:02:26,920 p=44927 u=rob n=ansible | TASK [eve-ng-lab-test : do ping test] ********************************************************************************************************************************************
2021-10-31 22:02:26,956 p=44927 u=rob n=ansible | skipping: [eveng]
2021-10-31 22:02:26,957 p=44927 u=rob n=ansible | skipping: [vyos-oobm]
2021-10-31 22:02:27,837 p=45958 u=rob n=ansible | network_os is set to vyos
2021-10-31 22:02:27,837 p=45959 u=rob n=ansible | network_os is set to vyos
2021-10-31 22:02:28,481 p=45966 u=rob n=p=45966 u=rob | paramiko [central] | Connected (version 2.0, client OpenSSH_8.4p1)
2021-10-31 22:02:28,572 p=45966 u=rob n=p=45966 u=rob | paramiko [central] | Auth banner: b'Welcome to VyOS\n'
2021-10-31 22:02:28,573 p=45966 u=rob n=p=45966 u=rob | paramiko [central] | Authentication (publickey) successful!
2021-10-31 22:02:28,754 p=45967 u=rob n=p=45967 u=rob | paramiko [branch] | Connected (version 2.0, client OpenSSH_8.4p1)
2021-10-31 22:02:28,849 p=45967 u=rob n=p=45967 u=rob | paramiko [branch] | Auth banner: b'Welcome to VyOS\n'
2021-10-31 22:02:28,850 p=45967 u=rob n=p=45967 u=rob | paramiko [branch] | Authentication (publickey) successful!
2021-10-31 22:02:34,191 p=44927 u=rob n=ansible | ok: [central] => (item=10.0.2.100)
2021-10-31 22:02:34,450 p=44927 u=rob n=ansible | ok: [branch] => (item=10.0.1.100)
2021-10-31 22:02:34,455 p=44927 u=rob n=ansible | TASK [eve-ng-lab-test : execute test commands] ***********************************************************************************************************************************
2021-10-31 22:02:34,481 p=44927 u=rob n=ansible | skipping: [eveng]
2021-10-31 22:02:34,482 p=44927 u=rob n=ansible | skipping: [vyos-oobm]
2021-10-31 22:02:35,640 p=44927 u=rob n=ansible | ok: [central] => (item={'desc': 'Test if IP is set to interface', 'command': "ip -4 addr show dev eth2 | grep inet | tr -s ' ' | cut -d' ' -f3 | head -n 1", 'wait_for': ['result[0] contains "10.0.1.254/24"']})
2021-10-31 22:02:35,792 p=44927 u=rob n=ansible | ok: [branch] => (item={'desc': 'show interfaces wireguard', 'command': 'show interfaces wireguard', 'wait_for': ['result[0] contains "S - State, L - Link, u - Up, D - Down, A - Admin Down"', 'result[0] contains "Interface        IP Address                        S/L  Description"', 'result[0] contains "---------        ----------                        ---  -----------"', 'result[0] contains "wg01             192.168.0.2/24                    u/u  VPN-to-central"']})
2021-10-31 22:02:36,109 p=44927 u=rob n=ansible | ok: [central] => (item={'desc': 'show interfaces wireguard', 'command': 'show interfaces wireguard', 'wait_for': ['result[0] contains "S - State, L - Link, u - Up, D - Down, A - Admin Down"', 'result[0] contains "Interface        IP Address                        S/L  Description"', 'result[0] contains "---------        ----------                        ---  -----------"', 'result[0] contains "wg01             192.168.0.1/24                    u/u  VPN-to-Branch"']})
2021-10-31 22:02:36,114 p=44927 u=rob n=ansible | TASK [eve-ng-lab-test : register stdout commands] ********************************************************************************************************************************
2021-10-31 22:02:36,137 p=44927 u=rob n=ansible | skipping: [eveng]
2021-10-31 22:02:36,138 p=44927 u=rob n=ansible | skipping: [vyos-oobm]
2021-10-31 22:02:36,141 p=44927 u=rob n=ansible | skipping: [central]
2021-10-31 22:02:36,146 p=44927 u=rob n=ansible | skipping: [branch]
2021-10-31 22:02:36,149 p=44927 u=rob n=ansible | TASK [eve-ng-lab-test : Set variables] *******************************************************************************************************************************************
2021-10-31 22:02:36,163 p=44927 u=rob n=ansible | skipping: [eveng]
2021-10-31 22:02:36,168 p=44927 u=rob n=ansible | skipping: [vyos-oobm]
2021-10-31 22:02:36,171 p=44927 u=rob n=ansible | skipping: [central]
2021-10-31 22:02:36,174 p=44927 u=rob n=ansible | skipping: [branch]
2021-10-31 22:02:36,178 p=44927 u=rob n=ansible | TASK [eve-ng-lab-test : make sure output dir exist] ******************************************************************************************************************************
2021-10-31 22:02:36,199 p=44927 u=rob n=ansible | skipping: [vyos-oobm]
2021-10-31 22:02:36,200 p=44927 u=rob n=ansible | skipping: [central]
2021-10-31 22:02:36,204 p=44927 u=rob n=ansible | skipping: [branch]
2021-10-31 22:02:36,299 p=44927 u=rob n=ansible | ok: [eveng -> localhost]
2021-10-31 22:02:36,303 p=44927 u=rob n=ansible | TASK [eve-ng-lab-test : make sure output include dir exist] **********************************************************************************************************************
2021-10-31 22:02:36,324 p=44927 u=rob n=ansible | skipping: [vyos-oobm]
2021-10-31 22:02:36,326 p=44927 u=rob n=ansible | skipping: [central]
2021-10-31 22:02:36,330 p=44927 u=rob n=ansible | skipping: [branch]
2021-10-31 22:02:36,424 p=44927 u=rob n=ansible | ok: [eveng -> localhost]
2021-10-31 22:02:36,426 p=44927 u=rob n=ansible | TASK [eve-ng-lab-test : Get timestamp from the system] ***************************************************************************************************************************
2021-10-31 22:02:36,444 p=44927 u=rob n=ansible | skipping: [vyos-oobm]
2021-10-31 22:02:36,445 p=44927 u=rob n=ansible | skipping: [central]
2021-10-31 22:02:36,449 p=44927 u=rob n=ansible | skipping: [branch]
2021-10-31 22:02:37,030 p=44927 u=rob n=ansible | changed: [eveng]
2021-10-31 22:02:37,034 p=44927 u=rob n=ansible | TASK [eve-ng-lab-test : Set variables] *******************************************************************************************************************************************
2021-10-31 22:02:37,053 p=44927 u=rob n=ansible | ok: [eveng]
2021-10-31 22:02:37,061 p=44927 u=rob n=ansible | skipping: [vyos-oobm]
2021-10-31 22:02:37,062 p=44927 u=rob n=ansible | skipping: [central]
2021-10-31 22:02:37,066 p=44927 u=rob n=ansible | skipping: [branch]
2021-10-31 22:02:37,071 p=44927 u=rob n=ansible | TASK [eve-ng-lab-test : generate lab rst file] ***********************************************************************************************************************************
2021-10-31 22:02:37,093 p=44927 u=rob n=ansible | skipping: [vyos-oobm]
2021-10-31 22:02:37,094 p=44927 u=rob n=ansible | skipping: [central]
2021-10-31 22:02:37,098 p=44927 u=rob n=ansible | skipping: [branch]
2021-10-31 22:02:37,295 p=44927 u=rob n=ansible | changed: [eveng -> localhost]
2021-10-31 22:02:37,298 p=44927 u=rob n=ansible | TASK [eve-ng-lab-test : find all *.conf files in Lab] ****************************************************************************************************************************
2021-10-31 22:02:37,320 p=44927 u=rob n=ansible | skipping: [vyos-oobm]
2021-10-31 22:02:37,320 p=44927 u=rob n=ansible | skipping: [central]
2021-10-31 22:02:37,325 p=44927 u=rob n=ansible | skipping: [branch]
2021-10-31 22:02:37,478 p=44927 u=rob n=ansible | ok: [eveng -> localhost]
2021-10-31 22:02:37,486 p=44927 u=rob n=ansible | TASK [eve-ng-lab-test : copy all *.conf files] ***********************************************************************************************************************************
2021-10-31 22:02:37,510 p=44927 u=rob n=ansible | skipping: [vyos-oobm]
2021-10-31 22:02:37,510 p=44927 u=rob n=ansible | skipping: [central]
2021-10-31 22:02:37,515 p=44927 u=rob n=ansible | skipping: [branch]
2021-10-31 22:02:37,716 p=44927 u=rob n=ansible | changed: [eveng -> localhost] => (item={'path': 'labs/Wireguard/branch.conf', 'mode': '0644', 'isdir': False, 'ischr': False, 'isblk': False, 'isreg': True, 'isfifo': False, 'islnk': False, 'issock': False, 'uid': 501, 'gid': 20, 'size': 676, 'inode': 22590050, 'dev': 16777233, 'nlink': 1, 'atime': 1635713459.6477757, 'mtime': 1635713457.462362, 'ctime': 1635713457.462362, 'gr_name': 'staff', 'pw_name': 'rob', 'wusr': True, 'rusr': True, 'xusr': False, 'wgrp': False, 'rgrp': True, 'xgrp': False, 'woth': False, 'roth': True, 'xoth': False, 'isuid': False, 'isgid': False})
2021-10-31 22:02:37,927 p=44927 u=rob n=ansible | changed: [eveng -> localhost] => (item={'path': 'labs/Wireguard/central.conf', 'mode': '0644', 'isdir': False, 'ischr': False, 'isblk': False, 'isreg': True, 'isfifo': False, 'islnk': False, 'issock': False, 'uid': 501, 'gid': 20, 'size': 669, 'inode': 22590049, 'dev': 16777233, 'nlink': 1, 'atime': 1635713447.403644, 'mtime': 1635713445.9067888, 'ctime': 1635713445.9067888, 'gr_name': 'staff', 'pw_name': 'rob', 'wusr': True, 'rusr': True, 'xusr': False, 'wgrp': False, 'rgrp': True, 'xgrp': False, 'woth': False, 'roth': True, 'xoth': False, 'isuid': False, 'isgid': False})
2021-10-31 22:02:37,930 p=44927 u=rob n=ansible | TASK [eve-ng-lab-test : find all *.png files in Lab] *****************************************************************************************************************************
2021-10-31 22:02:37,953 p=44927 u=rob n=ansible | skipping: [vyos-oobm]
2021-10-31 22:02:37,954 p=44927 u=rob n=ansible | skipping: [central]
2021-10-31 22:02:37,958 p=44927 u=rob n=ansible | skipping: [branch]
2021-10-31 22:02:38,051 p=44927 u=rob n=ansible | ok: [eveng -> localhost]
2021-10-31 22:02:38,056 p=44927 u=rob n=ansible | TASK [eve-ng-lab-test : copy all *.png files] ************************************************************************************************************************************
2021-10-31 22:02:38,080 p=44927 u=rob n=ansible | skipping: [vyos-oobm]
2021-10-31 22:02:38,081 p=44927 u=rob n=ansible | skipping: [central]
2021-10-31 22:02:38,087 p=44927 u=rob n=ansible | skipping: [branch]
2021-10-31 22:02:38,343 p=44927 u=rob n=ansible | ok: [eveng -> localhost] => (item={'path': 'labs/Wireguard/topology.png', 'mode': '0644', 'isdir': False, 'ischr': False, 'isblk': False, 'isreg': True, 'isfifo': False, 'islnk': False, 'issock': False, 'uid': 501, 'gid': 20, 'size': 73223, 'inode': 22590051, 'dev': 16777233, 'nlink': 1, 'atime': 1630432465.9329789, 'mtime': 1630398203.424219, 'ctime': 1630398203.424219, 'gr_name': 'staff', 'pw_name': 'rob', 'wusr': True, 'rusr': True, 'xusr': False, 'wgrp': False, 'rgrp': True, 'xgrp': False, 'woth': False, 'roth': True, 'xoth': False, 'isuid': False, 'isgid': False})
2021-10-31 22:02:38,347 p=44927 u=rob n=ansible | TASK [eve-ng-lab-test : copy ansible log files] **********************************************************************************************************************************
2021-10-31 22:02:38,367 p=44927 u=rob n=ansible | skipping: [vyos-oobm]
2021-10-31 22:02:38,368 p=44927 u=rob n=ansible | skipping: [central]
2021-10-31 22:02:38,372 p=44927 u=rob n=ansible | skipping: [branch]
