2021-10-31 21:32:57,230 p=41510 u=rob n=ansible | PLAY [prepare node and Lab] ******************************************************************************************************************************************************
2021-10-31 21:32:57,244 p=41510 u=rob n=ansible | TASK [eve-ng-create-node : fail] *************************************************************************************************************************************************
2021-10-31 21:32:57,263 p=41510 u=rob n=ansible | skipping: [eveng]
2021-10-31 21:32:57,267 p=41510 u=rob n=ansible | skipping: [vyos-oobm]
2021-10-31 21:32:57,273 p=41510 u=rob n=ansible | skipping: [PE1]
2021-10-31 21:32:57,275 p=41510 u=rob n=ansible | skipping: [PE2]
2021-10-31 21:32:57,277 p=41510 u=rob n=ansible | skipping: [PE3]
2021-10-31 21:32:57,280 p=41510 u=rob n=ansible | TASK [eve-ng-create-node : fail] *************************************************************************************************************************************************
2021-10-31 21:32:57,291 p=41510 u=rob n=ansible | skipping: [eveng]
2021-10-31 21:32:57,297 p=41510 u=rob n=ansible | skipping: [vyos-oobm]
2021-10-31 21:32:57,302 p=41510 u=rob n=ansible | skipping: [PE1]
2021-10-31 21:32:57,304 p=41510 u=rob n=ansible | skipping: [PE2]
2021-10-31 21:32:57,306 p=41510 u=rob n=ansible | skipping: [PE3]
2021-10-31 21:32:57,309 p=41510 u=rob n=ansible | TASK [eve-ng-create-node : Login to EVE-NG and get Cookie] ***********************************************************************************************************************
2021-10-31 21:32:57,334 p=41510 u=rob n=ansible | skipping: [vyos-oobm]
2021-10-31 21:32:57,348 p=41510 u=rob n=ansible | skipping: [PE3]
2021-10-31 21:32:57,349 p=41510 u=rob n=ansible | skipping: [PE1]
2021-10-31 21:32:57,351 p=41510 u=rob n=ansible | skipping: [PE2]
2021-10-31 21:32:58,064 p=41510 u=rob n=ansible | ok: [eveng]
2021-10-31 21:32:58,070 p=41510 u=rob n=ansible | TASK [eve-ng-create-node : get template facts] ***********************************************************************************************************************************
2021-10-31 21:32:58,098 p=41510 u=rob n=ansible | skipping: [vyos-oobm]
2021-10-31 21:32:58,105 p=41510 u=rob n=ansible | skipping: [PE1]
2021-10-31 21:32:58,107 p=41510 u=rob n=ansible | skipping: [PE2]
2021-10-31 21:32:58,111 p=41510 u=rob n=ansible | skipping: [PE3]
2021-10-31 21:32:58,567 p=41510 u=rob n=ansible | ok: [eveng]
2021-10-31 21:32:58,574 p=41510 u=rob n=ansible | TASK [eve-ng-create-node : Register path status] *********************************************************************************************************************************
2021-10-31 21:32:58,601 p=41510 u=rob n=ansible | skipping: [vyos-oobm]
2021-10-31 21:32:58,608 p=41510 u=rob n=ansible | skipping: [PE1]
2021-10-31 21:32:58,609 p=41510 u=rob n=ansible | skipping: [PE2]
2021-10-31 21:32:58,613 p=41510 u=rob n=ansible | skipping: [PE3]
2021-10-31 21:32:58,924 p=41510 u=rob n=ansible | ok: [eveng]
2021-10-31 21:32:58,928 p=41510 u=rob n=ansible | TASK [eve-ng-create-node : create path] ******************************************************************************************************************************************
2021-10-31 21:32:58,944 p=41510 u=rob n=ansible | skipping: [eveng]
2021-10-31 21:32:58,951 p=41510 u=rob n=ansible | skipping: [vyos-oobm]
2021-10-31 21:32:58,958 p=41510 u=rob n=ansible | skipping: [PE1]
2021-10-31 21:32:58,959 p=41510 u=rob n=ansible | skipping: [PE2]
2021-10-31 21:32:58,963 p=41510 u=rob n=ansible | skipping: [PE3]
2021-10-31 21:32:58,965 p=41510 u=rob n=ansible | TASK [eve-ng-create-node : Download iso] *****************************************************************************************************************************************
2021-10-31 21:32:58,978 p=41510 u=rob n=ansible | skipping: [eveng]
2021-10-31 21:32:58,984 p=41510 u=rob n=ansible | skipping: [vyos-oobm]
2021-10-31 21:32:59,012 p=41510 u=rob n=ansible | skipping: [PE1]
2021-10-31 21:32:59,012 p=41510 u=rob n=ansible | skipping: [PE2]
2021-10-31 21:32:59,015 p=41510 u=rob n=ansible | skipping: [PE3]
2021-10-31 21:32:59,017 p=41510 u=rob n=ansible | TASK [eve-ng-create-node : create virtioa.qcow2 file] ****************************************************************************************************************************
2021-10-31 21:32:59,030 p=41510 u=rob n=ansible | skipping: [eveng]
2021-10-31 21:32:59,037 p=41510 u=rob n=ansible | skipping: [vyos-oobm]
2021-10-31 21:32:59,043 p=41510 u=rob n=ansible | skipping: [PE1]
2021-10-31 21:32:59,045 p=41510 u=rob n=ansible | skipping: [PE2]
2021-10-31 21:32:59,047 p=41510 u=rob n=ansible | skipping: [PE3]
2021-10-31 21:32:59,050 p=41510 u=rob n=ansible | TASK [eve-ng-create-node : Login to EVE-NG and get Cookie] ***********************************************************************************************************************
2021-10-31 21:32:59,063 p=41510 u=rob n=ansible | skipping: [eveng]
2021-10-31 21:32:59,068 p=41510 u=rob n=ansible | skipping: [vyos-oobm]
2021-10-31 21:32:59,074 p=41510 u=rob n=ansible | skipping: [PE1]
2021-10-31 21:32:59,076 p=41510 u=rob n=ansible | skipping: [PE2]
2021-10-31 21:32:59,078 p=41510 u=rob n=ansible | skipping: [PE3]
2021-10-31 21:32:59,081 p=41510 u=rob n=ansible | TASK [eve-ng-create-node : create lab for node install] **************************************************************************************************************************
2021-10-31 21:32:59,093 p=41510 u=rob n=ansible | skipping: [eveng]
2021-10-31 21:32:59,099 p=41510 u=rob n=ansible | skipping: [vyos-oobm]
2021-10-31 21:32:59,105 p=41510 u=rob n=ansible | skipping: [PE1]
2021-10-31 21:32:59,107 p=41510 u=rob n=ansible | skipping: [PE2]
2021-10-31 21:32:59,109 p=41510 u=rob n=ansible | skipping: [PE3]
2021-10-31 21:32:59,111 p=41510 u=rob n=ansible | TASK [eve-ng-create-node : open lab] *********************************************************************************************************************************************
2021-10-31 21:32:59,123 p=41510 u=rob n=ansible | skipping: [eveng]
2021-10-31 21:32:59,129 p=41510 u=rob n=ansible | skipping: [vyos-oobm]
2021-10-31 21:32:59,136 p=41510 u=rob n=ansible | skipping: [PE1]
2021-10-31 21:32:59,137 p=41510 u=rob n=ansible | skipping: [PE2]
2021-10-31 21:32:59,140 p=41510 u=rob n=ansible | skipping: [PE3]
2021-10-31 21:32:59,143 p=41510 u=rob n=ansible | TASK [eve-ng-create-node : set_fact] *********************************************************************************************************************************************
2021-10-31 21:32:59,155 p=41510 u=rob n=ansible | skipping: [eveng]
2021-10-31 21:32:59,161 p=41510 u=rob n=ansible | skipping: [vyos-oobm]
2021-10-31 21:32:59,167 p=41510 u=rob n=ansible | skipping: [PE1]
2021-10-31 21:32:59,169 p=41510 u=rob n=ansible | skipping: [PE2]
2021-10-31 21:32:59,171 p=41510 u=rob n=ansible | skipping: [PE3]
2021-10-31 21:32:59,173 p=41510 u=rob n=ansible | TASK [eve-ng-create-node : add node to lab] **************************************************************************************************************************************
2021-10-31 21:32:59,185 p=41510 u=rob n=ansible | skipping: [eveng]
2021-10-31 21:32:59,191 p=41510 u=rob n=ansible | skipping: [vyos-oobm]
2021-10-31 21:32:59,197 p=41510 u=rob n=ansible | skipping: [PE1]
2021-10-31 21:32:59,199 p=41510 u=rob n=ansible | skipping: [PE2]
2021-10-31 21:32:59,201 p=41510 u=rob n=ansible | skipping: [PE3]
2021-10-31 21:32:59,204 p=41510 u=rob n=ansible | TASK [eve-ng-create-node : start node] *******************************************************************************************************************************************
2021-10-31 21:32:59,216 p=41510 u=rob n=ansible | skipping: [eveng]
2021-10-31 21:32:59,221 p=41510 u=rob n=ansible | skipping: [vyos-oobm]
2021-10-31 21:32:59,227 p=41510 u=rob n=ansible | skipping: [PE1]
2021-10-31 21:32:59,229 p=41510 u=rob n=ansible | skipping: [PE2]
2021-10-31 21:32:59,232 p=41510 u=rob n=ansible | skipping: [PE3]
2021-10-31 21:32:59,234 p=41510 u=rob n=ansible | TASK [eve-ng-create-node : get node infos] ***************************************************************************************************************************************
2021-10-31 21:32:59,246 p=41510 u=rob n=ansible | skipping: [eveng]
2021-10-31 21:32:59,252 p=41510 u=rob n=ansible | skipping: [vyos-oobm]
2021-10-31 21:32:59,258 p=41510 u=rob n=ansible | skipping: [PE1]
2021-10-31 21:32:59,260 p=41510 u=rob n=ansible | skipping: [PE2]
2021-10-31 21:32:59,262 p=41510 u=rob n=ansible | skipping: [PE3]
2021-10-31 21:32:59,264 p=41510 u=rob n=ansible | TASK [eve-ng-create-node : set_fact] *********************************************************************************************************************************************
2021-10-31 21:32:59,276 p=41510 u=rob n=ansible | skipping: [eveng]
2021-10-31 21:32:59,282 p=41510 u=rob n=ansible | skipping: [vyos-oobm]
2021-10-31 21:32:59,288 p=41510 u=rob n=ansible | skipping: [PE1]
2021-10-31 21:32:59,290 p=41510 u=rob n=ansible | skipping: [PE2]
2021-10-31 21:32:59,293 p=41510 u=rob n=ansible | skipping: [PE3]
2021-10-31 21:32:59,296 p=41510 u=rob n=ansible | TASK [eve-ng-create-node : copy file] ********************************************************************************************************************************************
2021-10-31 21:32:59,307 p=41510 u=rob n=ansible | skipping: [eveng]
2021-10-31 21:32:59,313 p=41510 u=rob n=ansible | skipping: [vyos-oobm]
2021-10-31 21:32:59,319 p=41510 u=rob n=ansible | skipping: [PE1]
2021-10-31 21:32:59,321 p=41510 u=rob n=ansible | skipping: [PE2]
2021-10-31 21:32:59,324 p=41510 u=rob n=ansible | skipping: [PE3]
2021-10-31 21:32:59,326 p=41510 u=rob n=ansible | TASK [eve-ng-create-node : run expect script] ************************************************************************************************************************************
2021-10-31 21:32:59,338 p=41510 u=rob n=ansible | skipping: [eveng]
2021-10-31 21:32:59,344 p=41510 u=rob n=ansible | skipping: [vyos-oobm]
2021-10-31 21:32:59,351 p=41510 u=rob n=ansible | skipping: [PE1]
2021-10-31 21:32:59,352 p=41510 u=rob n=ansible | skipping: [PE2]
2021-10-31 21:32:59,355 p=41510 u=rob n=ansible | skipping: [PE3]
2021-10-31 21:32:59,357 p=41510 u=rob n=ansible | TASK [eve-ng-create-node : Login to EVE-NG and get Cookie (due timeout)] *********************************************************************************************************
2021-10-31 21:32:59,369 p=41510 u=rob n=ansible | skipping: [eveng]
2021-10-31 21:32:59,375 p=41510 u=rob n=ansible | skipping: [vyos-oobm]
2021-10-31 21:32:59,380 p=41510 u=rob n=ansible | skipping: [PE1]
2021-10-31 21:32:59,382 p=41510 u=rob n=ansible | skipping: [PE2]
2021-10-31 21:32:59,386 p=41510 u=rob n=ansible | skipping: [PE3]
2021-10-31 21:32:59,388 p=41510 u=rob n=ansible | TASK [eve-ng-create-node : stop node] ********************************************************************************************************************************************
2021-10-31 21:32:59,400 p=41510 u=rob n=ansible | skipping: [eveng]
2021-10-31 21:32:59,406 p=41510 u=rob n=ansible | skipping: [vyos-oobm]
2021-10-31 21:32:59,412 p=41510 u=rob n=ansible | skipping: [PE1]
2021-10-31 21:32:59,414 p=41510 u=rob n=ansible | skipping: [PE2]
2021-10-31 21:32:59,416 p=41510 u=rob n=ansible | skipping: [PE3]
2021-10-31 21:32:59,419 p=41510 u=rob n=ansible | TASK [eve-ng-create-node : Pause to wait node is shutdown] ***********************************************************************************************************************
2021-10-31 21:32:59,427 p=41510 u=rob n=ansible | skipping: [eveng]
2021-10-31 21:32:59,429 p=41510 u=rob n=ansible | TASK [eve-ng-create-node : delete iso] *******************************************************************************************************************************************
2021-10-31 21:32:59,442 p=41510 u=rob n=ansible | skipping: [eveng]
2021-10-31 21:32:59,447 p=41510 u=rob n=ansible | skipping: [vyos-oobm]
2021-10-31 21:32:59,453 p=41510 u=rob n=ansible | skipping: [PE1]
2021-10-31 21:32:59,455 p=41510 u=rob n=ansible | skipping: [PE2]
2021-10-31 21:32:59,458 p=41510 u=rob n=ansible | skipping: [PE3]
2021-10-31 21:32:59,460 p=41510 u=rob n=ansible | TASK [eve-ng-create-node : commit virtioa.qcow2] *********************************************************************************************************************************
2021-10-31 21:32:59,472 p=41510 u=rob n=ansible | skipping: [eveng]
2021-10-31 21:32:59,478 p=41510 u=rob n=ansible | skipping: [vyos-oobm]
2021-10-31 21:32:59,484 p=41510 u=rob n=ansible | skipping: [PE1]
2021-10-31 21:32:59,485 p=41510 u=rob n=ansible | skipping: [PE2]
2021-10-31 21:32:59,488 p=41510 u=rob n=ansible | skipping: [PE3]
2021-10-31 21:32:59,490 p=41510 u=rob n=ansible | TASK [eve-ng-create-node : delete lab for node install] **************************************************************************************************************************
2021-10-31 21:32:59,503 p=41510 u=rob n=ansible | skipping: [eveng]
2021-10-31 21:32:59,508 p=41510 u=rob n=ansible | skipping: [vyos-oobm]
2021-10-31 21:32:59,514 p=41510 u=rob n=ansible | skipping: [PE1]
2021-10-31 21:32:59,516 p=41510 u=rob n=ansible | skipping: [PE2]
2021-10-31 21:32:59,519 p=41510 u=rob n=ansible | skipping: [PE3]
2021-10-31 21:32:59,526 p=41510 u=rob n=ansible | TASK [eve-ng-lab-test : fail] ****************************************************************************************************************************************************
2021-10-31 21:32:59,538 p=41510 u=rob n=ansible | skipping: [eveng]
2021-10-31 21:32:59,544 p=41510 u=rob n=ansible | skipping: [vyos-oobm]
2021-10-31 21:32:59,549 p=41510 u=rob n=ansible | skipping: [PE1]
2021-10-31 21:32:59,551 p=41510 u=rob n=ansible | skipping: [PE2]
2021-10-31 21:32:59,554 p=41510 u=rob n=ansible | skipping: [PE3]
2021-10-31 21:32:59,556 p=41510 u=rob n=ansible | TASK [eve-ng-lab-test : Login to EVE-NG and get Cookie] **************************************************************************************************************************
2021-10-31 21:32:59,574 p=41510 u=rob n=ansible | skipping: [vyos-oobm]
2021-10-31 21:32:59,579 p=41510 u=rob n=ansible | skipping: [PE1]
2021-10-31 21:32:59,581 p=41510 u=rob n=ansible | skipping: [PE2]
2021-10-31 21:32:59,585 p=41510 u=rob n=ansible | skipping: [PE3]
2021-10-31 21:33:00,218 p=41510 u=rob n=ansible | ok: [eveng]
2021-10-31 21:33:00,224 p=41510 u=rob n=ansible | TASK [eve-ng-lab-test : get running lab list] ************************************************************************************************************************************
2021-10-31 21:33:00,254 p=41510 u=rob n=ansible | skipping: [vyos-oobm]
2021-10-31 21:33:00,261 p=41510 u=rob n=ansible | skipping: [PE1]
2021-10-31 21:33:00,263 p=41510 u=rob n=ansible | skipping: [PE2]
2021-10-31 21:33:00,268 p=41510 u=rob n=ansible | skipping: [PE3]
2021-10-31 21:33:00,728 p=41510 u=rob n=ansible | ok: [eveng]
2021-10-31 21:33:00,737 p=41510 u=rob n=ansible | TASK [eve-ng-lab-test : delte existing lab] **************************************************************************************************************************************
2021-10-31 21:33:00,767 p=41510 u=rob n=ansible | skipping: [vyos-oobm]
2021-10-31 21:33:00,775 p=41510 u=rob n=ansible | skipping: [PE1]
2021-10-31 21:33:00,776 p=41510 u=rob n=ansible | skipping: [PE2]
2021-10-31 21:33:00,782 p=41510 u=rob n=ansible | skipping: [PE3]
2021-10-31 21:33:01,251 p=41510 u=rob n=ansible | ok: [eveng]
2021-10-31 21:33:01,261 p=41510 u=rob n=ansible | TASK [eve-ng-lab-test : Ensure labtest is present] *******************************************************************************************************************************
2021-10-31 21:33:01,292 p=41510 u=rob n=ansible | skipping: [vyos-oobm]
2021-10-31 21:33:01,299 p=41510 u=rob n=ansible | skipping: [PE1]
2021-10-31 21:33:01,301 p=41510 u=rob n=ansible | skipping: [PE2]
2021-10-31 21:33:01,305 p=41510 u=rob n=ansible | skipping: [PE3]
2021-10-31 21:33:01,623 p=41510 u=rob n=ansible | ok: [eveng]
2021-10-31 21:33:01,629 p=41510 u=rob n=ansible | TASK [eve-ng-lab-test : Create L3VPN_EVPN Lab] ***********************************************************************************************************************************
2021-10-31 21:33:01,651 p=41510 u=rob n=ansible | skipping: [vyos-oobm]
2021-10-31 21:33:01,658 p=41510 u=rob n=ansible | skipping: [PE1]
2021-10-31 21:33:01,659 p=41510 u=rob n=ansible | skipping: [PE2]
2021-10-31 21:33:01,664 p=41510 u=rob n=ansible | skipping: [PE3]
2021-10-31 21:33:02,335 p=41510 u=rob n=ansible | changed: [eveng]
2021-10-31 21:33:02,339 p=41510 u=rob n=ansible | TASK [eve-ng-lab-test : Login to EVE-NG and get Cookie] **************************************************************************************************************************
2021-10-31 21:33:02,363 p=41510 u=rob n=ansible | skipping: [vyos-oobm]
2021-10-31 21:33:02,370 p=41510 u=rob n=ansible | skipping: [PE1]
2021-10-31 21:33:02,372 p=41510 u=rob n=ansible | skipping: [PE2]
2021-10-31 21:33:02,376 p=41510 u=rob n=ansible | skipping: [PE3]
2021-10-31 21:33:03,005 p=41510 u=rob n=ansible | ok: [eveng]
2021-10-31 21:33:03,013 p=41510 u=rob n=ansible | TASK [eve-ng-lab-test : start vyos-oobm] *****************************************************************************************************************************************
2021-10-31 21:33:03,042 p=41510 u=rob n=ansible | skipping: [vyos-oobm]
2021-10-31 21:33:03,049 p=41510 u=rob n=ansible | skipping: [PE1]
2021-10-31 21:33:03,051 p=41510 u=rob n=ansible | skipping: [PE2]
2021-10-31 21:33:03,055 p=41510 u=rob n=ansible | skipping: [PE3]
2021-10-31 21:33:04,040 p=41510 u=rob n=ansible | ok: [eveng]
2021-10-31 21:33:04,048 p=41510 u=rob n=ansible | TASK [eve-ng-lab-test : Wait for vyos-oobm] **************************************************************************************************************************************
2021-10-31 21:33:04,069 p=41510 u=rob n=ansible | skipping: [eveng]
2021-10-31 21:33:04,085 p=41510 u=rob n=ansible | skipping: [PE1]
2021-10-31 21:33:04,087 p=41510 u=rob n=ansible | skipping: [PE2]
2021-10-31 21:33:04,091 p=41510 u=rob n=ansible | skipping: [PE3]
2021-10-31 21:33:57,097 p=41510 u=rob n=ansible | ok: [vyos-oobm]
2021-10-31 21:33:57,106 p=41510 u=rob n=ansible | TASK [eve-ng-lab-test : Login to EVE-NG and get Cookie] **************************************************************************************************************************
2021-10-31 21:33:57,137 p=41510 u=rob n=ansible | skipping: [vyos-oobm]
2021-10-31 21:33:57,145 p=41510 u=rob n=ansible | skipping: [PE1]
2021-10-31 21:33:57,147 p=41510 u=rob n=ansible | skipping: [PE2]
2021-10-31 21:33:57,151 p=41510 u=rob n=ansible | skipping: [PE3]
2021-10-31 21:33:57,783 p=41510 u=rob n=ansible | ok: [eveng]
2021-10-31 21:33:57,789 p=41510 u=rob n=ansible | TASK [eve-ng-lab-test : get lab status] ******************************************************************************************************************************************
2021-10-31 21:33:57,818 p=41510 u=rob n=ansible | skipping: [vyos-oobm]
2021-10-31 21:33:57,827 p=41510 u=rob n=ansible | skipping: [PE1]
2021-10-31 21:33:57,829 p=41510 u=rob n=ansible | skipping: [PE2]
2021-10-31 21:33:57,833 p=41510 u=rob n=ansible | skipping: [PE3]
2021-10-31 21:33:58,317 p=41510 u=rob n=ansible | ok: [eveng]
2021-10-31 21:33:58,324 p=41510 u=rob n=ansible | TASK [eve-ng-lab-test : start all nodes] *****************************************************************************************************************************************
2021-10-31 21:33:58,352 p=41510 u=rob n=ansible | skipping: [vyos-oobm]
2021-10-31 21:33:58,360 p=41510 u=rob n=ansible | skipping: [PE1]
2021-10-31 21:33:58,362 p=41510 u=rob n=ansible | skipping: [PE2]
2021-10-31 21:33:58,368 p=41510 u=rob n=ansible | skipping: [PE3]
2021-10-31 21:33:59,552 p=41510 u=rob n=ansible | ok: [eveng] => (item=2)
2021-10-31 21:34:00,893 p=41510 u=rob n=ansible | ok: [eveng] => (item=3)
2021-10-31 21:34:02,263 p=41510 u=rob n=ansible | ok: [eveng] => (item=4)
2021-10-31 21:34:03,320 p=41510 u=rob n=ansible | ok: [eveng] => (item=5)
2021-10-31 21:34:04,352 p=41510 u=rob n=ansible | ok: [eveng] => (item=6)
2021-10-31 21:34:05,433 p=41510 u=rob n=ansible | ok: [eveng] => (item=7)
2021-10-31 21:34:06,333 p=41510 u=rob n=ansible | ok: [eveng] => (item=8)
2021-10-31 21:34:07,316 p=41510 u=rob n=ansible | ok: [eveng] => (item=9)
2021-10-31 21:34:08,249 p=41510 u=rob n=ansible | ok: [eveng] => (item=10)
2021-10-31 21:34:09,202 p=41510 u=rob n=ansible | ok: [eveng] => (item=11)
2021-10-31 21:34:09,780 p=41510 u=rob n=ansible | ok: [eveng] => (item=1)
2021-10-31 21:34:09,789 p=41510 u=rob n=ansible | TASK [eve-ng-lab-test : Wait for vyos nodes] *************************************************************************************************************************************
2021-10-31 21:34:09,811 p=41510 u=rob n=ansible | skipping: [eveng]
2021-10-31 21:34:09,818 p=41510 u=rob n=ansible | skipping: [vyos-oobm]
2021-10-31 21:34:10,766 p=42042 u=rob n=ansible | network_os is set to vyos
2021-10-31 21:34:10,766 p=42044 u=rob n=ansible | network_os is set to vyos
2021-10-31 21:34:10,771 p=42043 u=rob n=ansible | network_os is set to vyos
2021-10-31 21:34:25,799 p=42043 u=rob n=p=42043 u=rob | paramiko [PE2] | Exception: Error reading SSH protocol banner
2021-10-31 21:34:25,802 p=42043 u=rob n=p=42043 u=rob | paramiko [PE2] | Traceback (most recent call last):
2021-10-31 21:34:25,802 p=42043 u=rob n=p=42043 u=rob | paramiko [PE2] |   File "/Users/rob/.local/share/virtualenvs/vyos-eveng-b9X2mBdh/lib/python3.9/site-packages/paramiko/transport.py", line 2211, in _check_banner
2021-10-31 21:34:25,802 p=42043 u=rob n=p=42043 u=rob | paramiko [PE2] |     buf = self.packetizer.readline(timeout)
2021-10-31 21:34:25,802 p=42043 u=rob n=p=42043 u=rob | paramiko [PE2] |   File "/Users/rob/.local/share/virtualenvs/vyos-eveng-b9X2mBdh/lib/python3.9/site-packages/paramiko/packet.py", line 380, in readline
2021-10-31 21:34:25,802 p=42043 u=rob n=p=42043 u=rob | paramiko [PE2] |     buf += self._read_timeout(timeout)
2021-10-31 21:34:25,803 p=42043 u=rob n=p=42043 u=rob | paramiko [PE2] |   File "/Users/rob/.local/share/virtualenvs/vyos-eveng-b9X2mBdh/lib/python3.9/site-packages/paramiko/packet.py", line 622, in _read_timeout
2021-10-31 21:34:25,803 p=42043 u=rob n=p=42043 u=rob | paramiko [PE2] |     raise socket.timeout()
2021-10-31 21:34:25,803 p=42043 u=rob n=p=42043 u=rob | paramiko [PE2] | socket.timeout
2021-10-31 21:34:25,803 p=42043 u=rob n=p=42043 u=rob | paramiko [PE2] | 
2021-10-31 21:34:25,803 p=42043 u=rob n=p=42043 u=rob | paramiko [PE2] | During handling of the above exception, another exception occurred:
2021-10-31 21:34:25,803 p=42043 u=rob n=p=42043 u=rob | paramiko [PE2] | 
2021-10-31 21:34:25,803 p=42043 u=rob n=p=42043 u=rob | paramiko [PE2] | Traceback (most recent call last):
2021-10-31 21:34:25,803 p=42043 u=rob n=p=42043 u=rob | paramiko [PE2] |   File "/Users/rob/.local/share/virtualenvs/vyos-eveng-b9X2mBdh/lib/python3.9/site-packages/paramiko/transport.py", line 2039, in run
2021-10-31 21:34:25,804 p=42043 u=rob n=p=42043 u=rob | paramiko [PE2] |     self._check_banner()
2021-10-31 21:34:25,804 p=42043 u=rob n=p=42043 u=rob | paramiko [PE2] |   File "/Users/rob/.local/share/virtualenvs/vyos-eveng-b9X2mBdh/lib/python3.9/site-packages/paramiko/transport.py", line 2215, in _check_banner
2021-10-31 21:34:25,804 p=42043 u=rob n=p=42043 u=rob | paramiko [PE2] |     raise SSHException(
2021-10-31 21:34:25,804 p=42043 u=rob n=p=42043 u=rob | paramiko [PE2] | paramiko.ssh_exception.SSHException: Error reading SSH protocol banner
2021-10-31 21:34:25,804 p=42043 u=rob n=p=42043 u=rob | paramiko [PE2] | 
2021-10-31 21:34:25,820 p=42044 u=rob n=p=42044 u=rob | paramiko [PE3] | Exception: Error reading SSH protocol banner
2021-10-31 21:34:25,821 p=42044 u=rob n=p=42044 u=rob | paramiko [PE3] | Traceback (most recent call last):
2021-10-31 21:34:25,821 p=42044 u=rob n=p=42044 u=rob | paramiko [PE3] |   File "/Users/rob/.local/share/virtualenvs/vyos-eveng-b9X2mBdh/lib/python3.9/site-packages/paramiko/transport.py", line 2211, in _check_banner
2021-10-31 21:34:25,821 p=42044 u=rob n=p=42044 u=rob | paramiko [PE3] |     buf = self.packetizer.readline(timeout)
2021-10-31 21:34:25,821 p=42044 u=rob n=p=42044 u=rob | paramiko [PE3] |   File "/Users/rob/.local/share/virtualenvs/vyos-eveng-b9X2mBdh/lib/python3.9/site-packages/paramiko/packet.py", line 380, in readline
2021-10-31 21:34:25,821 p=42044 u=rob n=p=42044 u=rob | paramiko [PE3] |     buf += self._read_timeout(timeout)
2021-10-31 21:34:25,821 p=42044 u=rob n=p=42044 u=rob | paramiko [PE3] |   File "/Users/rob/.local/share/virtualenvs/vyos-eveng-b9X2mBdh/lib/python3.9/site-packages/paramiko/packet.py", line 622, in _read_timeout
2021-10-31 21:34:25,821 p=42044 u=rob n=p=42044 u=rob | paramiko [PE3] |     raise socket.timeout()
2021-10-31 21:34:25,822 p=42044 u=rob n=p=42044 u=rob | paramiko [PE3] | socket.timeout
2021-10-31 21:34:25,822 p=42044 u=rob n=p=42044 u=rob | paramiko [PE3] | 
2021-10-31 21:34:25,822 p=42044 u=rob n=p=42044 u=rob | paramiko [PE3] | During handling of the above exception, another exception occurred:
2021-10-31 21:34:25,822 p=42044 u=rob n=p=42044 u=rob | paramiko [PE3] | 
2021-10-31 21:34:25,822 p=42044 u=rob n=p=42044 u=rob | paramiko [PE3] | Traceback (most recent call last):
2021-10-31 21:34:25,822 p=42044 u=rob n=p=42044 u=rob | paramiko [PE3] |   File "/Users/rob/.local/share/virtualenvs/vyos-eveng-b9X2mBdh/lib/python3.9/site-packages/paramiko/transport.py", line 2039, in run
2021-10-31 21:34:25,822 p=42044 u=rob n=p=42044 u=rob | paramiko [PE3] |     self._check_banner()
2021-10-31 21:34:25,822 p=42044 u=rob n=p=42044 u=rob | paramiko [PE3] |   File "/Users/rob/.local/share/virtualenvs/vyos-eveng-b9X2mBdh/lib/python3.9/site-packages/paramiko/transport.py", line 2215, in _check_banner
2021-10-31 21:34:25,823 p=42044 u=rob n=p=42044 u=rob | paramiko [PE3] |     raise SSHException(
2021-10-31 21:34:25,823 p=42044 u=rob n=p=42044 u=rob | paramiko [PE3] | paramiko.ssh_exception.SSHException: Error reading SSH protocol banner
2021-10-31 21:34:25,823 p=42044 u=rob n=p=42044 u=rob | paramiko [PE3] | 
2021-10-31 21:34:25,829 p=42042 u=rob n=p=42042 u=rob | paramiko [PE1] | Exception: Error reading SSH protocol banner
2021-10-31 21:34:25,830 p=42042 u=rob n=p=42042 u=rob | paramiko [PE1] | Traceback (most recent call last):
2021-10-31 21:34:25,830 p=42042 u=rob n=p=42042 u=rob | paramiko [PE1] |   File "/Users/rob/.local/share/virtualenvs/vyos-eveng-b9X2mBdh/lib/python3.9/site-packages/paramiko/transport.py", line 2211, in _check_banner
2021-10-31 21:34:25,830 p=42042 u=rob n=p=42042 u=rob | paramiko [PE1] |     buf = self.packetizer.readline(timeout)
2021-10-31 21:34:25,830 p=42042 u=rob n=p=42042 u=rob | paramiko [PE1] |   File "/Users/rob/.local/share/virtualenvs/vyos-eveng-b9X2mBdh/lib/python3.9/site-packages/paramiko/packet.py", line 380, in readline
2021-10-31 21:34:25,830 p=42042 u=rob n=p=42042 u=rob | paramiko [PE1] |     buf += self._read_timeout(timeout)
2021-10-31 21:34:25,830 p=42042 u=rob n=p=42042 u=rob | paramiko [PE1] |   File "/Users/rob/.local/share/virtualenvs/vyos-eveng-b9X2mBdh/lib/python3.9/site-packages/paramiko/packet.py", line 622, in _read_timeout
2021-10-31 21:34:25,830 p=42042 u=rob n=p=42042 u=rob | paramiko [PE1] |     raise socket.timeout()
2021-10-31 21:34:25,831 p=42042 u=rob n=p=42042 u=rob | paramiko [PE1] | socket.timeout
2021-10-31 21:34:25,831 p=42042 u=rob n=p=42042 u=rob | paramiko [PE1] | 
2021-10-31 21:34:25,831 p=42042 u=rob n=p=42042 u=rob | paramiko [PE1] | During handling of the above exception, another exception occurred:
2021-10-31 21:34:25,831 p=42042 u=rob n=p=42042 u=rob | paramiko [PE1] | 
2021-10-31 21:34:25,831 p=42042 u=rob n=p=42042 u=rob | paramiko [PE1] | Traceback (most recent call last):
2021-10-31 21:34:25,831 p=42042 u=rob n=p=42042 u=rob | paramiko [PE1] |   File "/Users/rob/.local/share/virtualenvs/vyos-eveng-b9X2mBdh/lib/python3.9/site-packages/paramiko/transport.py", line 2039, in run
2021-10-31 21:34:25,831 p=42042 u=rob n=p=42042 u=rob | paramiko [PE1] |     self._check_banner()
2021-10-31 21:34:25,832 p=42042 u=rob n=p=42042 u=rob | paramiko [PE1] |   File "/Users/rob/.local/share/virtualenvs/vyos-eveng-b9X2mBdh/lib/python3.9/site-packages/paramiko/transport.py", line 2215, in _check_banner
2021-10-31 21:34:25,832 p=42042 u=rob n=p=42042 u=rob | paramiko [PE1] |     raise SSHException(
2021-10-31 21:34:25,832 p=42042 u=rob n=p=42042 u=rob | paramiko [PE1] | paramiko.ssh_exception.SSHException: Error reading SSH protocol banner
2021-10-31 21:34:25,832 p=42042 u=rob n=p=42042 u=rob | paramiko [PE1] | 
2021-10-31 21:34:41,854 p=42043 u=rob n=p=42043 u=rob | paramiko [PE2] | Exception: Error reading SSH protocol banner
2021-10-31 21:34:41,856 p=42043 u=rob n=p=42043 u=rob | paramiko [PE2] | Traceback (most recent call last):
2021-10-31 21:34:41,856 p=42043 u=rob n=p=42043 u=rob | paramiko [PE2] |   File "/Users/rob/.local/share/virtualenvs/vyos-eveng-b9X2mBdh/lib/python3.9/site-packages/paramiko/transport.py", line 2211, in _check_banner
2021-10-31 21:34:41,856 p=42043 u=rob n=p=42043 u=rob | paramiko [PE2] |     buf = self.packetizer.readline(timeout)
2021-10-31 21:34:41,856 p=42043 u=rob n=p=42043 u=rob | paramiko [PE2] |   File "/Users/rob/.local/share/virtualenvs/vyos-eveng-b9X2mBdh/lib/python3.9/site-packages/paramiko/packet.py", line 380, in readline
2021-10-31 21:34:41,857 p=42043 u=rob n=p=42043 u=rob | paramiko [PE2] |     buf += self._read_timeout(timeout)
2021-10-31 21:34:41,857 p=42043 u=rob n=p=42043 u=rob | paramiko [PE2] |   File "/Users/rob/.local/share/virtualenvs/vyos-eveng-b9X2mBdh/lib/python3.9/site-packages/paramiko/packet.py", line 622, in _read_timeout
2021-10-31 21:34:41,857 p=42043 u=rob n=p=42043 u=rob | paramiko [PE2] |     raise socket.timeout()
2021-10-31 21:34:41,857 p=42043 u=rob n=p=42043 u=rob | paramiko [PE2] | socket.timeout
2021-10-31 21:34:41,857 p=42043 u=rob n=p=42043 u=rob | paramiko [PE2] | 
2021-10-31 21:34:41,857 p=42043 u=rob n=p=42043 u=rob | paramiko [PE2] | During handling of the above exception, another exception occurred:
2021-10-31 21:34:41,857 p=42043 u=rob n=p=42043 u=rob | paramiko [PE2] | 
2021-10-31 21:34:41,858 p=42043 u=rob n=p=42043 u=rob | paramiko [PE2] | Traceback (most recent call last):
2021-10-31 21:34:41,858 p=42043 u=rob n=p=42043 u=rob | paramiko [PE2] |   File "/Users/rob/.local/share/virtualenvs/vyos-eveng-b9X2mBdh/lib/python3.9/site-packages/paramiko/transport.py", line 2039, in run
2021-10-31 21:34:41,858 p=42043 u=rob n=p=42043 u=rob | paramiko [PE2] |     self._check_banner()
2021-10-31 21:34:41,858 p=42043 u=rob n=p=42043 u=rob | paramiko [PE2] |   File "/Users/rob/.local/share/virtualenvs/vyos-eveng-b9X2mBdh/lib/python3.9/site-packages/paramiko/transport.py", line 2215, in _check_banner
2021-10-31 21:34:41,858 p=42043 u=rob n=p=42043 u=rob | paramiko [PE2] |     raise SSHException(
2021-10-31 21:34:41,858 p=42043 u=rob n=p=42043 u=rob | paramiko [PE2] | paramiko.ssh_exception.SSHException: Error reading SSH protocol banner
2021-10-31 21:34:41,858 p=42043 u=rob n=p=42043 u=rob | paramiko [PE2] | 
2021-10-31 21:34:41,859 p=42044 u=rob n=p=42044 u=rob | paramiko [PE3] | Exception: Error reading SSH protocol banner
2021-10-31 21:34:41,859 p=42044 u=rob n=p=42044 u=rob | paramiko [PE3] | Traceback (most recent call last):
2021-10-31 21:34:41,859 p=42044 u=rob n=p=42044 u=rob | paramiko [PE3] |   File "/Users/rob/.local/share/virtualenvs/vyos-eveng-b9X2mBdh/lib/python3.9/site-packages/paramiko/transport.py", line 2211, in _check_banner
2021-10-31 21:34:41,859 p=42044 u=rob n=p=42044 u=rob | paramiko [PE3] |     buf = self.packetizer.readline(timeout)
2021-10-31 21:34:41,860 p=42044 u=rob n=p=42044 u=rob | paramiko [PE3] |   File "/Users/rob/.local/share/virtualenvs/vyos-eveng-b9X2mBdh/lib/python3.9/site-packages/paramiko/packet.py", line 380, in readline
2021-10-31 21:34:41,860 p=42044 u=rob n=p=42044 u=rob | paramiko [PE3] |     buf += self._read_timeout(timeout)
2021-10-31 21:34:41,860 p=42044 u=rob n=p=42044 u=rob | paramiko [PE3] |   File "/Users/rob/.local/share/virtualenvs/vyos-eveng-b9X2mBdh/lib/python3.9/site-packages/paramiko/packet.py", line 622, in _read_timeout
2021-10-31 21:34:41,860 p=42044 u=rob n=p=42044 u=rob | paramiko [PE3] |     raise socket.timeout()
2021-10-31 21:34:41,860 p=42044 u=rob n=p=42044 u=rob | paramiko [PE3] | socket.timeout
2021-10-31 21:34:41,860 p=42044 u=rob n=p=42044 u=rob | paramiko [PE3] | 
2021-10-31 21:34:41,860 p=42044 u=rob n=p=42044 u=rob | paramiko [PE3] | During handling of the above exception, another exception occurred:
2021-10-31 21:34:41,860 p=42044 u=rob n=p=42044 u=rob | paramiko [PE3] | 
2021-10-31 21:34:41,861 p=42044 u=rob n=p=42044 u=rob | paramiko [PE3] | Traceback (most recent call last):
2021-10-31 21:34:41,861 p=42044 u=rob n=p=42044 u=rob | paramiko [PE3] |   File "/Users/rob/.local/share/virtualenvs/vyos-eveng-b9X2mBdh/lib/python3.9/site-packages/paramiko/transport.py", line 2039, in run
2021-10-31 21:34:41,861 p=42044 u=rob n=p=42044 u=rob | paramiko [PE3] |     self._check_banner()
2021-10-31 21:34:41,861 p=42044 u=rob n=p=42044 u=rob | paramiko [PE3] |   File "/Users/rob/.local/share/virtualenvs/vyos-eveng-b9X2mBdh/lib/python3.9/site-packages/paramiko/transport.py", line 2215, in _check_banner
2021-10-31 21:34:41,861 p=42044 u=rob n=p=42044 u=rob | paramiko [PE3] |     raise SSHException(
2021-10-31 21:34:41,861 p=42044 u=rob n=p=42044 u=rob | paramiko [PE3] | paramiko.ssh_exception.SSHException: Error reading SSH protocol banner
2021-10-31 21:34:41,861 p=42044 u=rob n=p=42044 u=rob | paramiko [PE3] | 
2021-10-31 21:34:41,869 p=42042 u=rob n=p=42042 u=rob | paramiko [PE1] | Exception: Error reading SSH protocol banner
2021-10-31 21:34:41,869 p=42042 u=rob n=p=42042 u=rob | paramiko [PE1] | Traceback (most recent call last):
2021-10-31 21:34:41,870 p=42042 u=rob n=p=42042 u=rob | paramiko [PE1] |   File "/Users/rob/.local/share/virtualenvs/vyos-eveng-b9X2mBdh/lib/python3.9/site-packages/paramiko/transport.py", line 2211, in _check_banner
2021-10-31 21:34:41,870 p=42042 u=rob n=p=42042 u=rob | paramiko [PE1] |     buf = self.packetizer.readline(timeout)
2021-10-31 21:34:41,870 p=42042 u=rob n=p=42042 u=rob | paramiko [PE1] |   File "/Users/rob/.local/share/virtualenvs/vyos-eveng-b9X2mBdh/lib/python3.9/site-packages/paramiko/packet.py", line 380, in readline
2021-10-31 21:34:41,870 p=42042 u=rob n=p=42042 u=rob | paramiko [PE1] |     buf += self._read_timeout(timeout)
2021-10-31 21:34:41,870 p=42042 u=rob n=p=42042 u=rob | paramiko [PE1] |   File "/Users/rob/.local/share/virtualenvs/vyos-eveng-b9X2mBdh/lib/python3.9/site-packages/paramiko/packet.py", line 622, in _read_timeout
2021-10-31 21:34:41,870 p=42042 u=rob n=p=42042 u=rob | paramiko [PE1] |     raise socket.timeout()
2021-10-31 21:34:41,870 p=42042 u=rob n=p=42042 u=rob | paramiko [PE1] | socket.timeout
2021-10-31 21:34:41,871 p=42042 u=rob n=p=42042 u=rob | paramiko [PE1] | 
2021-10-31 21:34:41,871 p=42042 u=rob n=p=42042 u=rob | paramiko [PE1] | During handling of the above exception, another exception occurred:
2021-10-31 21:34:41,871 p=42042 u=rob n=p=42042 u=rob | paramiko [PE1] | 
2021-10-31 21:34:41,871 p=42042 u=rob n=p=42042 u=rob | paramiko [PE1] | Traceback (most recent call last):
2021-10-31 21:34:41,871 p=42042 u=rob n=p=42042 u=rob | paramiko [PE1] |   File "/Users/rob/.local/share/virtualenvs/vyos-eveng-b9X2mBdh/lib/python3.9/site-packages/paramiko/transport.py", line 2039, in run
2021-10-31 21:34:41,871 p=42042 u=rob n=p=42042 u=rob | paramiko [PE1] |     self._check_banner()
2021-10-31 21:34:41,871 p=42042 u=rob n=p=42042 u=rob | paramiko [PE1] |   File "/Users/rob/.local/share/virtualenvs/vyos-eveng-b9X2mBdh/lib/python3.9/site-packages/paramiko/transport.py", line 2215, in _check_banner
2021-10-31 21:34:41,871 p=42042 u=rob n=p=42042 u=rob | paramiko [PE1] |     raise SSHException(
2021-10-31 21:34:41,872 p=42042 u=rob n=p=42042 u=rob | paramiko [PE1] | paramiko.ssh_exception.SSHException: Error reading SSH protocol banner
2021-10-31 21:34:41,872 p=42042 u=rob n=p=42042 u=rob | paramiko [PE1] | 
2021-10-31 21:34:57,904 p=42044 u=rob n=p=42044 u=rob | paramiko [PE3] | Exception: Error reading SSH protocol banner
2021-10-31 21:34:57,905 p=42044 u=rob n=p=42044 u=rob | paramiko [PE3] | Traceback (most recent call last):
2021-10-31 21:34:57,905 p=42044 u=rob n=p=42044 u=rob | paramiko [PE3] |   File "/Users/rob/.local/share/virtualenvs/vyos-eveng-b9X2mBdh/lib/python3.9/site-packages/paramiko/transport.py", line 2211, in _check_banner
2021-10-31 21:34:57,905 p=42044 u=rob n=p=42044 u=rob | paramiko [PE3] |     buf = self.packetizer.readline(timeout)
2021-10-31 21:34:57,906 p=42044 u=rob n=p=42044 u=rob | paramiko [PE3] |   File "/Users/rob/.local/share/virtualenvs/vyos-eveng-b9X2mBdh/lib/python3.9/site-packages/paramiko/packet.py", line 380, in readline
2021-10-31 21:34:57,906 p=42044 u=rob n=p=42044 u=rob | paramiko [PE3] |     buf += self._read_timeout(timeout)
2021-10-31 21:34:57,906 p=42044 u=rob n=p=42044 u=rob | paramiko [PE3] |   File "/Users/rob/.local/share/virtualenvs/vyos-eveng-b9X2mBdh/lib/python3.9/site-packages/paramiko/packet.py", line 622, in _read_timeout
2021-10-31 21:34:57,906 p=42044 u=rob n=p=42044 u=rob | paramiko [PE3] |     raise socket.timeout()
2021-10-31 21:34:57,906 p=42044 u=rob n=p=42044 u=rob | paramiko [PE3] | socket.timeout
2021-10-31 21:34:57,906 p=42044 u=rob n=p=42044 u=rob | paramiko [PE3] | 
2021-10-31 21:34:57,906 p=42044 u=rob n=p=42044 u=rob | paramiko [PE3] | During handling of the above exception, another exception occurred:
2021-10-31 21:34:57,907 p=42044 u=rob n=p=42044 u=rob | paramiko [PE3] | 
2021-10-31 21:34:57,907 p=42044 u=rob n=p=42044 u=rob | paramiko [PE3] | Traceback (most recent call last):
2021-10-31 21:34:57,907 p=42044 u=rob n=p=42044 u=rob | paramiko [PE3] |   File "/Users/rob/.local/share/virtualenvs/vyos-eveng-b9X2mBdh/lib/python3.9/site-packages/paramiko/transport.py", line 2039, in run
2021-10-31 21:34:57,907 p=42044 u=rob n=p=42044 u=rob | paramiko [PE3] |     self._check_banner()
2021-10-31 21:34:57,907 p=42044 u=rob n=p=42044 u=rob | paramiko [PE3] |   File "/Users/rob/.local/share/virtualenvs/vyos-eveng-b9X2mBdh/lib/python3.9/site-packages/paramiko/transport.py", line 2215, in _check_banner
2021-10-31 21:34:57,907 p=42044 u=rob n=p=42044 u=rob | paramiko [PE3] |     raise SSHException(
2021-10-31 21:34:57,907 p=42044 u=rob n=p=42044 u=rob | paramiko [PE3] | paramiko.ssh_exception.SSHException: Error reading SSH protocol banner
2021-10-31 21:34:57,908 p=42044 u=rob n=p=42044 u=rob | paramiko [PE3] | 
2021-10-31 21:34:57,909 p=42042 u=rob n=p=42042 u=rob | paramiko [PE1] | Exception: Error reading SSH protocol banner
2021-10-31 21:34:57,909 p=42042 u=rob n=p=42042 u=rob | paramiko [PE1] | Traceback (most recent call last):
2021-10-31 21:34:57,910 p=42042 u=rob n=p=42042 u=rob | paramiko [PE1] |   File "/Users/rob/.local/share/virtualenvs/vyos-eveng-b9X2mBdh/lib/python3.9/site-packages/paramiko/transport.py", line 2211, in _check_banner
2021-10-31 21:34:57,910 p=42042 u=rob n=p=42042 u=rob | paramiko [PE1] |     buf = self.packetizer.readline(timeout)
2021-10-31 21:34:57,910 p=42042 u=rob n=p=42042 u=rob | paramiko [PE1] |   File "/Users/rob/.local/share/virtualenvs/vyos-eveng-b9X2mBdh/lib/python3.9/site-packages/paramiko/packet.py", line 380, in readline
2021-10-31 21:34:57,910 p=42042 u=rob n=p=42042 u=rob | paramiko [PE1] |     buf += self._read_timeout(timeout)
2021-10-31 21:34:57,910 p=42042 u=rob n=p=42042 u=rob | paramiko [PE1] |   File "/Users/rob/.local/share/virtualenvs/vyos-eveng-b9X2mBdh/lib/python3.9/site-packages/paramiko/packet.py", line 622, in _read_timeout
2021-10-31 21:34:57,910 p=42042 u=rob n=p=42042 u=rob | paramiko [PE1] |     raise socket.timeout()
2021-10-31 21:34:57,910 p=42042 u=rob n=p=42042 u=rob | paramiko [PE1] | socket.timeout
2021-10-31 21:34:57,910 p=42042 u=rob n=p=42042 u=rob | paramiko [PE1] | 
2021-10-31 21:34:57,911 p=42042 u=rob n=p=42042 u=rob | paramiko [PE1] | During handling of the above exception, another exception occurred:
2021-10-31 21:34:57,911 p=42042 u=rob n=p=42042 u=rob | paramiko [PE1] | 
2021-10-31 21:34:57,911 p=42042 u=rob n=p=42042 u=rob | paramiko [PE1] | Traceback (most recent call last):
2021-10-31 21:34:57,911 p=42042 u=rob n=p=42042 u=rob | paramiko [PE1] |   File "/Users/rob/.local/share/virtualenvs/vyos-eveng-b9X2mBdh/lib/python3.9/site-packages/paramiko/transport.py", line 2039, in run
2021-10-31 21:34:57,911 p=42042 u=rob n=p=42042 u=rob | paramiko [PE1] |     self._check_banner()
2021-10-31 21:34:57,911 p=42042 u=rob n=p=42042 u=rob | paramiko [PE1] |   File "/Users/rob/.local/share/virtualenvs/vyos-eveng-b9X2mBdh/lib/python3.9/site-packages/paramiko/transport.py", line 2215, in _check_banner
2021-10-31 21:34:57,911 p=42042 u=rob n=p=42042 u=rob | paramiko [PE1] |     raise SSHException(
2021-10-31 21:34:57,911 p=42042 u=rob n=p=42042 u=rob | paramiko [PE1] | paramiko.ssh_exception.SSHException: Error reading SSH protocol banner
2021-10-31 21:34:57,912 p=42042 u=rob n=p=42042 u=rob | paramiko [PE1] | 
2021-10-31 21:34:57,913 p=42043 u=rob n=p=42043 u=rob | paramiko [PE2] | Exception: Error reading SSH protocol banner
2021-10-31 21:34:57,913 p=42043 u=rob n=p=42043 u=rob | paramiko [PE2] | Traceback (most recent call last):
2021-10-31 21:34:57,914 p=42043 u=rob n=p=42043 u=rob | paramiko [PE2] |   File "/Users/rob/.local/share/virtualenvs/vyos-eveng-b9X2mBdh/lib/python3.9/site-packages/paramiko/transport.py", line 2211, in _check_banner
2021-10-31 21:34:57,914 p=42043 u=rob n=p=42043 u=rob | paramiko [PE2] |     buf = self.packetizer.readline(timeout)
2021-10-31 21:34:57,914 p=42043 u=rob n=p=42043 u=rob | paramiko [PE2] |   File "/Users/rob/.local/share/virtualenvs/vyos-eveng-b9X2mBdh/lib/python3.9/site-packages/paramiko/packet.py", line 380, in readline
2021-10-31 21:34:57,914 p=42043 u=rob n=p=42043 u=rob | paramiko [PE2] |     buf += self._read_timeout(timeout)
2021-10-31 21:34:57,914 p=42043 u=rob n=p=42043 u=rob | paramiko [PE2] |   File "/Users/rob/.local/share/virtualenvs/vyos-eveng-b9X2mBdh/lib/python3.9/site-packages/paramiko/packet.py", line 622, in _read_timeout
2021-10-31 21:34:57,914 p=42043 u=rob n=p=42043 u=rob | paramiko [PE2] |     raise socket.timeout()
2021-10-31 21:34:57,914 p=42043 u=rob n=p=42043 u=rob | paramiko [PE2] | socket.timeout
2021-10-31 21:34:57,914 p=42043 u=rob n=p=42043 u=rob | paramiko [PE2] | 
2021-10-31 21:34:57,915 p=42043 u=rob n=p=42043 u=rob | paramiko [PE2] | During handling of the above exception, another exception occurred:
2021-10-31 21:34:57,915 p=42043 u=rob n=p=42043 u=rob | paramiko [PE2] | 
2021-10-31 21:34:57,915 p=42043 u=rob n=p=42043 u=rob | paramiko [PE2] | Traceback (most recent call last):
2021-10-31 21:34:57,915 p=42043 u=rob n=p=42043 u=rob | paramiko [PE2] |   File "/Users/rob/.local/share/virtualenvs/vyos-eveng-b9X2mBdh/lib/python3.9/site-packages/paramiko/transport.py", line 2039, in run
2021-10-31 21:34:57,915 p=42043 u=rob n=p=42043 u=rob | paramiko [PE2] |     self._check_banner()
2021-10-31 21:34:57,915 p=42043 u=rob n=p=42043 u=rob | paramiko [PE2] |   File "/Users/rob/.local/share/virtualenvs/vyos-eveng-b9X2mBdh/lib/python3.9/site-packages/paramiko/transport.py", line 2215, in _check_banner
2021-10-31 21:34:57,915 p=42043 u=rob n=p=42043 u=rob | paramiko [PE2] |     raise SSHException(
2021-10-31 21:34:57,916 p=42043 u=rob n=p=42043 u=rob | paramiko [PE2] | paramiko.ssh_exception.SSHException: Error reading SSH protocol banner
2021-10-31 21:34:57,916 p=42043 u=rob n=p=42043 u=rob | paramiko [PE2] | 
2021-10-31 21:35:10,125 p=42054 u=rob n=ansible | persistent connection idle timeout triggered, timeout value is 60 secs.
See the timeout setting options in the Network Debug and Troubleshooting Guide.
2021-10-31 21:35:10,126 p=42056 u=rob n=ansible | persistent connection idle timeout triggered, timeout value is 60 secs.
See the timeout setting options in the Network Debug and Troubleshooting Guide.
2021-10-31 21:35:10,126 p=42055 u=rob n=ansible | persistent connection idle timeout triggered, timeout value is 60 secs.
See the timeout setting options in the Network Debug and Troubleshooting Guide.
2021-10-31 21:35:10,229 p=42055 u=rob n=ansible | shutdown complete
2021-10-31 21:35:10,229 p=42054 u=rob n=ansible | shutdown complete
2021-10-31 21:35:10,229 p=42056 u=rob n=ansible | shutdown complete
2021-10-31 21:35:13,941 p=42044 u=rob n=p=42044 u=rob | paramiko [PE3] | Exception: Error reading SSH protocol banner
2021-10-31 21:35:13,942 p=42044 u=rob n=p=42044 u=rob | paramiko [PE3] | Traceback (most recent call last):
2021-10-31 21:35:13,942 p=42044 u=rob n=p=42044 u=rob | paramiko [PE3] |   File "/Users/rob/.local/share/virtualenvs/vyos-eveng-b9X2mBdh/lib/python3.9/site-packages/paramiko/transport.py", line 2211, in _check_banner
2021-10-31 21:35:13,942 p=42044 u=rob n=p=42044 u=rob | paramiko [PE3] |     buf = self.packetizer.readline(timeout)
2021-10-31 21:35:13,943 p=42044 u=rob n=p=42044 u=rob | paramiko [PE3] |   File "/Users/rob/.local/share/virtualenvs/vyos-eveng-b9X2mBdh/lib/python3.9/site-packages/paramiko/packet.py", line 380, in readline
2021-10-31 21:35:13,943 p=42044 u=rob n=p=42044 u=rob | paramiko [PE3] |     buf += self._read_timeout(timeout)
2021-10-31 21:35:13,943 p=42044 u=rob n=p=42044 u=rob | paramiko [PE3] |   File "/Users/rob/.local/share/virtualenvs/vyos-eveng-b9X2mBdh/lib/python3.9/site-packages/paramiko/packet.py", line 622, in _read_timeout
2021-10-31 21:35:13,943 p=42044 u=rob n=p=42044 u=rob | paramiko [PE3] |     raise socket.timeout()
2021-10-31 21:35:13,943 p=42044 u=rob n=p=42044 u=rob | paramiko [PE3] | socket.timeout
2021-10-31 21:35:13,943 p=42044 u=rob n=p=42044 u=rob | paramiko [PE3] | 
2021-10-31 21:35:13,944 p=42044 u=rob n=p=42044 u=rob | paramiko [PE3] | During handling of the above exception, another exception occurred:
2021-10-31 21:35:13,944 p=42044 u=rob n=p=42044 u=rob | paramiko [PE3] | 
2021-10-31 21:35:13,944 p=42044 u=rob n=p=42044 u=rob | paramiko [PE3] | Traceback (most recent call last):
2021-10-31 21:35:13,944 p=42044 u=rob n=p=42044 u=rob | paramiko [PE3] |   File "/Users/rob/.local/share/virtualenvs/vyos-eveng-b9X2mBdh/lib/python3.9/site-packages/paramiko/transport.py", line 2039, in run
2021-10-31 21:35:13,944 p=42044 u=rob n=p=42044 u=rob | paramiko [PE3] |     self._check_banner()
2021-10-31 21:35:13,944 p=42042 u=rob n=p=42042 u=rob | paramiko [PE1] | Exception: Error reading SSH protocol banner
2021-10-31 21:35:13,944 p=42044 u=rob n=p=42044 u=rob | paramiko [PE3] |   File "/Users/rob/.local/share/virtualenvs/vyos-eveng-b9X2mBdh/lib/python3.9/site-packages/paramiko/transport.py", line 2215, in _check_banner
2021-10-31 21:35:13,944 p=42044 u=rob n=p=42044 u=rob | paramiko [PE3] |     raise SSHException(
2021-10-31 21:35:13,944 p=42042 u=rob n=p=42042 u=rob | paramiko [PE1] | Traceback (most recent call last):
2021-10-31 21:35:13,944 p=42044 u=rob n=p=42044 u=rob | paramiko [PE3] | paramiko.ssh_exception.SSHException: Error reading SSH protocol banner
2021-10-31 21:35:13,945 p=42044 u=rob n=p=42044 u=rob | paramiko [PE3] | 
2021-10-31 21:35:13,945 p=42042 u=rob n=p=42042 u=rob | paramiko [PE1] |   File "/Users/rob/.local/share/virtualenvs/vyos-eveng-b9X2mBdh/lib/python3.9/site-packages/paramiko/transport.py", line 2211, in _check_banner
2021-10-31 21:35:13,945 p=42042 u=rob n=p=42042 u=rob | paramiko [PE1] |     buf = self.packetizer.readline(timeout)
2021-10-31 21:35:13,945 p=42042 u=rob n=p=42042 u=rob | paramiko [PE1] |   File "/Users/rob/.local/share/virtualenvs/vyos-eveng-b9X2mBdh/lib/python3.9/site-packages/paramiko/packet.py", line 380, in readline
2021-10-31 21:35:13,945 p=42042 u=rob n=p=42042 u=rob | paramiko [PE1] |     buf += self._read_timeout(timeout)
2021-10-31 21:35:13,945 p=42042 u=rob n=p=42042 u=rob | paramiko [PE1] |   File "/Users/rob/.local/share/virtualenvs/vyos-eveng-b9X2mBdh/lib/python3.9/site-packages/paramiko/packet.py", line 622, in _read_timeout
2021-10-31 21:35:13,945 p=42042 u=rob n=p=42042 u=rob | paramiko [PE1] |     raise socket.timeout()
2021-10-31 21:35:13,945 p=42042 u=rob n=p=42042 u=rob | paramiko [PE1] | socket.timeout
2021-10-31 21:35:13,946 p=42042 u=rob n=p=42042 u=rob | paramiko [PE1] | 
2021-10-31 21:35:13,946 p=42042 u=rob n=p=42042 u=rob | paramiko [PE1] | During handling of the above exception, another exception occurred:
2021-10-31 21:35:13,946 p=42042 u=rob n=p=42042 u=rob | paramiko [PE1] | 
2021-10-31 21:35:13,946 p=42042 u=rob n=p=42042 u=rob | paramiko [PE1] | Traceback (most recent call last):
2021-10-31 21:35:13,946 p=42042 u=rob n=p=42042 u=rob | paramiko [PE1] |   File "/Users/rob/.local/share/virtualenvs/vyos-eveng-b9X2mBdh/lib/python3.9/site-packages/paramiko/transport.py", line 2039, in run
2021-10-31 21:35:13,946 p=42042 u=rob n=p=42042 u=rob | paramiko [PE1] |     self._check_banner()
2021-10-31 21:35:13,947 p=42042 u=rob n=p=42042 u=rob | paramiko [PE1] |   File "/Users/rob/.local/share/virtualenvs/vyos-eveng-b9X2mBdh/lib/python3.9/site-packages/paramiko/transport.py", line 2215, in _check_banner
2021-10-31 21:35:13,947 p=42042 u=rob n=p=42042 u=rob | paramiko [PE1] |     raise SSHException(
2021-10-31 21:35:13,947 p=42042 u=rob n=p=42042 u=rob | paramiko [PE1] | paramiko.ssh_exception.SSHException: Error reading SSH protocol banner
2021-10-31 21:35:13,947 p=42042 u=rob n=p=42042 u=rob | paramiko [PE1] | 
2021-10-31 21:35:13,963 p=42043 u=rob n=p=42043 u=rob | paramiko [PE2] | Exception: Error reading SSH protocol banner
2021-10-31 21:35:13,963 p=42043 u=rob n=p=42043 u=rob | paramiko [PE2] | Traceback (most recent call last):
2021-10-31 21:35:13,963 p=42043 u=rob n=p=42043 u=rob | paramiko [PE2] |   File "/Users/rob/.local/share/virtualenvs/vyos-eveng-b9X2mBdh/lib/python3.9/site-packages/paramiko/transport.py", line 2211, in _check_banner
2021-10-31 21:35:13,964 p=42043 u=rob n=p=42043 u=rob | paramiko [PE2] |     buf = self.packetizer.readline(timeout)
2021-10-31 21:35:13,964 p=42043 u=rob n=p=42043 u=rob | paramiko [PE2] |   File "/Users/rob/.local/share/virtualenvs/vyos-eveng-b9X2mBdh/lib/python3.9/site-packages/paramiko/packet.py", line 380, in readline
2021-10-31 21:35:13,964 p=42043 u=rob n=p=42043 u=rob | paramiko [PE2] |     buf += self._read_timeout(timeout)
2021-10-31 21:35:13,964 p=42043 u=rob n=p=42043 u=rob | paramiko [PE2] |   File "/Users/rob/.local/share/virtualenvs/vyos-eveng-b9X2mBdh/lib/python3.9/site-packages/paramiko/packet.py", line 622, in _read_timeout
2021-10-31 21:35:13,964 p=42043 u=rob n=p=42043 u=rob | paramiko [PE2] |     raise socket.timeout()
2021-10-31 21:35:13,964 p=42043 u=rob n=p=42043 u=rob | paramiko [PE2] | socket.timeout
2021-10-31 21:35:13,964 p=42043 u=rob n=p=42043 u=rob | paramiko [PE2] | 
2021-10-31 21:35:13,965 p=42043 u=rob n=p=42043 u=rob | paramiko [PE2] | During handling of the above exception, another exception occurred:
2021-10-31 21:35:13,965 p=42043 u=rob n=p=42043 u=rob | paramiko [PE2] | 
2021-10-31 21:35:13,965 p=42043 u=rob n=p=42043 u=rob | paramiko [PE2] | Traceback (most recent call last):
2021-10-31 21:35:13,965 p=42043 u=rob n=p=42043 u=rob | paramiko [PE2] |   File "/Users/rob/.local/share/virtualenvs/vyos-eveng-b9X2mBdh/lib/python3.9/site-packages/paramiko/transport.py", line 2039, in run
2021-10-31 21:35:13,965 p=42043 u=rob n=p=42043 u=rob | paramiko [PE2] |     self._check_banner()
2021-10-31 21:35:13,965 p=42043 u=rob n=p=42043 u=rob | paramiko [PE2] |   File "/Users/rob/.local/share/virtualenvs/vyos-eveng-b9X2mBdh/lib/python3.9/site-packages/paramiko/transport.py", line 2215, in _check_banner
2021-10-31 21:35:13,965 p=42043 u=rob n=p=42043 u=rob | paramiko [PE2] |     raise SSHException(
2021-10-31 21:35:13,966 p=42043 u=rob n=p=42043 u=rob | paramiko [PE2] | paramiko.ssh_exception.SSHException: Error reading SSH protocol banner
2021-10-31 21:35:13,966 p=42043 u=rob n=p=42043 u=rob | paramiko [PE2] | 
2021-10-31 21:35:16,005 p=42043 u=rob n=p=42043 u=rob | paramiko [PE2] | Connected (version 2.0, client OpenSSH_7.9p1)
2021-10-31 21:35:16,068 p=42043 u=rob n=p=42043 u=rob | paramiko [PE2] | Auth banner: b'Welcome to VyOS\n\n'
2021-10-31 21:35:16,068 p=42043 u=rob n=p=42043 u=rob | paramiko [PE2] | Authentication (publickey) successful!
2021-10-31 21:35:16,814 p=41510 u=rob n=ansible | ok: [PE2]
2021-10-31 21:35:29,967 p=42044 u=rob n=p=42044 u=rob | paramiko [PE3] | Exception: Error reading SSH protocol banner
2021-10-31 21:35:29,968 p=42044 u=rob n=p=42044 u=rob | paramiko [PE3] | Traceback (most recent call last):
2021-10-31 21:35:29,968 p=42044 u=rob n=p=42044 u=rob | paramiko [PE3] |   File "/Users/rob/.local/share/virtualenvs/vyos-eveng-b9X2mBdh/lib/python3.9/site-packages/paramiko/transport.py", line 2211, in _check_banner
2021-10-31 21:35:29,968 p=42044 u=rob n=p=42044 u=rob | paramiko [PE3] |     buf = self.packetizer.readline(timeout)
2021-10-31 21:35:29,968 p=42044 u=rob n=p=42044 u=rob | paramiko [PE3] |   File "/Users/rob/.local/share/virtualenvs/vyos-eveng-b9X2mBdh/lib/python3.9/site-packages/paramiko/packet.py", line 380, in readline
2021-10-31 21:35:29,968 p=42044 u=rob n=p=42044 u=rob | paramiko [PE3] |     buf += self._read_timeout(timeout)
2021-10-31 21:35:29,969 p=42044 u=rob n=p=42044 u=rob | paramiko [PE3] |   File "/Users/rob/.local/share/virtualenvs/vyos-eveng-b9X2mBdh/lib/python3.9/site-packages/paramiko/packet.py", line 622, in _read_timeout
2021-10-31 21:35:29,969 p=42044 u=rob n=p=42044 u=rob | paramiko [PE3] |     raise socket.timeout()
2021-10-31 21:35:29,969 p=42044 u=rob n=p=42044 u=rob | paramiko [PE3] | socket.timeout
2021-10-31 21:35:29,969 p=42044 u=rob n=p=42044 u=rob | paramiko [PE3] | 
2021-10-31 21:35:29,969 p=42044 u=rob n=p=42044 u=rob | paramiko [PE3] | During handling of the above exception, another exception occurred:
2021-10-31 21:35:29,969 p=42044 u=rob n=p=42044 u=rob | paramiko [PE3] | 
2021-10-31 21:35:29,969 p=42044 u=rob n=p=42044 u=rob | paramiko [PE3] | Traceback (most recent call last):
2021-10-31 21:35:29,970 p=42044 u=rob n=p=42044 u=rob | paramiko [PE3] |   File "/Users/rob/.local/share/virtualenvs/vyos-eveng-b9X2mBdh/lib/python3.9/site-packages/paramiko/transport.py", line 2039, in run
2021-10-31 21:35:29,970 p=42044 u=rob n=p=42044 u=rob | paramiko [PE3] |     self._check_banner()
2021-10-31 21:35:29,970 p=42044 u=rob n=p=42044 u=rob | paramiko [PE3] |   File "/Users/rob/.local/share/virtualenvs/vyos-eveng-b9X2mBdh/lib/python3.9/site-packages/paramiko/transport.py", line 2215, in _check_banner
2021-10-31 21:35:29,970 p=42044 u=rob n=p=42044 u=rob | paramiko [PE3] |     raise SSHException(
2021-10-31 21:35:29,970 p=42044 u=rob n=p=42044 u=rob | paramiko [PE3] | paramiko.ssh_exception.SSHException: Error reading SSH protocol banner
2021-10-31 21:35:29,970 p=42044 u=rob n=p=42044 u=rob | paramiko [PE3] | 
2021-10-31 21:35:29,983 p=42042 u=rob n=p=42042 u=rob | paramiko [PE1] | Exception: Error reading SSH protocol banner
2021-10-31 21:35:29,984 p=42042 u=rob n=p=42042 u=rob | paramiko [PE1] | Traceback (most recent call last):
2021-10-31 21:35:29,984 p=42042 u=rob n=p=42042 u=rob | paramiko [PE1] |   File "/Users/rob/.local/share/virtualenvs/vyos-eveng-b9X2mBdh/lib/python3.9/site-packages/paramiko/transport.py", line 2211, in _check_banner
2021-10-31 21:35:29,984 p=42042 u=rob n=p=42042 u=rob | paramiko [PE1] |     buf = self.packetizer.readline(timeout)
2021-10-31 21:35:29,984 p=42042 u=rob n=p=42042 u=rob | paramiko [PE1] |   File "/Users/rob/.local/share/virtualenvs/vyos-eveng-b9X2mBdh/lib/python3.9/site-packages/paramiko/packet.py", line 380, in readline
2021-10-31 21:35:29,984 p=42042 u=rob n=p=42042 u=rob | paramiko [PE1] |     buf += self._read_timeout(timeout)
2021-10-31 21:35:29,984 p=42042 u=rob n=p=42042 u=rob | paramiko [PE1] |   File "/Users/rob/.local/share/virtualenvs/vyos-eveng-b9X2mBdh/lib/python3.9/site-packages/paramiko/packet.py", line 622, in _read_timeout
2021-10-31 21:35:29,984 p=42042 u=rob n=p=42042 u=rob | paramiko [PE1] |     raise socket.timeout()
2021-10-31 21:35:29,984 p=42042 u=rob n=p=42042 u=rob | paramiko [PE1] | socket.timeout
2021-10-31 21:35:29,985 p=42042 u=rob n=p=42042 u=rob | paramiko [PE1] | 
2021-10-31 21:35:29,985 p=42042 u=rob n=p=42042 u=rob | paramiko [PE1] | During handling of the above exception, another exception occurred:
2021-10-31 21:35:29,985 p=42042 u=rob n=p=42042 u=rob | paramiko [PE1] | 
2021-10-31 21:35:29,985 p=42042 u=rob n=p=42042 u=rob | paramiko [PE1] | Traceback (most recent call last):
2021-10-31 21:35:29,985 p=42042 u=rob n=p=42042 u=rob | paramiko [PE1] |   File "/Users/rob/.local/share/virtualenvs/vyos-eveng-b9X2mBdh/lib/python3.9/site-packages/paramiko/transport.py", line 2039, in run
2021-10-31 21:35:29,985 p=42042 u=rob n=p=42042 u=rob | paramiko [PE1] |     self._check_banner()
2021-10-31 21:35:29,986 p=42042 u=rob n=p=42042 u=rob | paramiko [PE1] |   File "/Users/rob/.local/share/virtualenvs/vyos-eveng-b9X2mBdh/lib/python3.9/site-packages/paramiko/transport.py", line 2215, in _check_banner
2021-10-31 21:35:29,986 p=42042 u=rob n=p=42042 u=rob | paramiko [PE1] |     raise SSHException(
2021-10-31 21:35:29,986 p=42042 u=rob n=p=42042 u=rob | paramiko [PE1] | paramiko.ssh_exception.SSHException: Error reading SSH protocol banner
2021-10-31 21:35:29,986 p=42042 u=rob n=p=42042 u=rob | paramiko [PE1] | 
2021-10-31 21:35:31,731 p=42042 u=rob n=p=42042 u=rob | paramiko [PE1] | Connected (version 2.0, client OpenSSH_7.9p1)
2021-10-31 21:35:31,732 p=42044 u=rob n=p=42044 u=rob | paramiko [PE3] | Connected (version 2.0, client OpenSSH_7.9p1)
2021-10-31 21:35:31,817 p=42044 u=rob n=p=42044 u=rob | paramiko [PE3] | Auth banner: b'Welcome to VyOS\n\n'
2021-10-31 21:35:31,817 p=42044 u=rob n=p=42044 u=rob | paramiko [PE3] | Authentication (publickey) successful!
2021-10-31 21:35:31,818 p=42042 u=rob n=p=42042 u=rob | paramiko [PE1] | Auth banner: b'Welcome to VyOS\n\n'
2021-10-31 21:35:31,818 p=42042 u=rob n=p=42042 u=rob | paramiko [PE1] | Authentication (publickey) successful!
2021-10-31 21:35:32,613 p=41510 u=rob n=ansible | ok: [PE1]
2021-10-31 21:35:32,614 p=41510 u=rob n=ansible | ok: [PE3]
2021-10-31 21:35:32,619 p=41510 u=rob n=ansible | TASK [eve-ng-lab-test : include L3VPN_EVPN lab_config.yml] ***********************************************************************************************************************
2021-10-31 21:35:32,634 p=41510 u=rob n=ansible | skipping: [eveng]
2021-10-31 21:35:32,640 p=41510 u=rob n=ansible | skipping: [vyos-oobm]
2021-10-31 21:35:32,657 p=41510 u=rob n=ansible | included: /Users/rob/git/_vyos/vyos-eveng/labs/L3VPN_EVPN/lab_config.yml for PE1, PE2, PE3
2021-10-31 21:35:32,679 p=41510 u=rob n=ansible | TASK [eve-ng-lab-test : setup vyos] **********************************************************************************************************************************************
2021-10-31 21:35:33,647 p=42142 u=rob n=ansible | network_os is set to vyos
2021-10-31 21:35:33,647 p=42143 u=rob n=ansible | network_os is set to vyos
2021-10-31 21:35:33,650 p=42144 u=rob n=ansible | network_os is set to vyos
2021-10-31 21:35:34,820 p=42156 u=rob n=p=42156 u=rob | paramiko [PE1] | Connected (version 2.0, client OpenSSH_7.9p1)
2021-10-31 21:35:34,823 p=42155 u=rob n=p=42155 u=rob | paramiko [PE3] | Connected (version 2.0, client OpenSSH_7.9p1)
2021-10-31 21:35:34,833 p=42154 u=rob n=p=42154 u=rob | paramiko [PE2] | Connected (version 2.0, client OpenSSH_7.9p1)
2021-10-31 21:35:34,901 p=42155 u=rob n=p=42155 u=rob | paramiko [PE3] | Auth banner: b'Welcome to VyOS\n\n'
2021-10-31 21:35:34,901 p=42156 u=rob n=p=42156 u=rob | paramiko [PE1] | Auth banner: b'Welcome to VyOS\n\n'
2021-10-31 21:35:34,901 p=42155 u=rob n=p=42155 u=rob | paramiko [PE3] | Authentication (publickey) successful!
2021-10-31 21:35:34,901 p=42156 u=rob n=p=42156 u=rob | paramiko [PE1] | Authentication (publickey) successful!
2021-10-31 21:35:34,903 p=42154 u=rob n=p=42154 u=rob | paramiko [PE2] | Auth banner: b'Welcome to VyOS\n\n'
2021-10-31 21:35:34,903 p=42154 u=rob n=p=42154 u=rob | paramiko [PE2] | Authentication (publickey) successful!
2021-10-31 21:36:05,482 p=41510 u=rob n=ansible | [WARNING]: To ensure idempotency and correct diff the input configuration lines should be similar to how they appear if present in the running configuration on device including
the indentation

2021-10-31 21:36:05,483 p=41510 u=rob n=ansible | changed: [PE2]
2021-10-31 21:36:05,490 p=41510 u=rob n=ansible | changed: [PE3]
2021-10-31 21:36:07,335 p=41510 u=rob n=ansible | changed: [PE1]
2021-10-31 21:36:07,340 p=41510 u=rob n=ansible | TASK [eve-ng-lab-test : wait, b/c the ping often failed without a short break] ***************************************************************************************************
2021-10-31 21:36:07,351 p=42230 u=rob n=ansible | Pausing for 30 seconds
2021-10-31 21:36:07,351 p=42230 u=rob n=ansible | (ctrl+C then 'C' = continue early, ctrl+C then 'A' = abort)
2021-10-31 21:36:37,358 p=41510 u=rob n=ansible | ok: [eveng]
2021-10-31 21:36:37,368 p=41510 u=rob n=ansible | TASK [eve-ng-lab-test : do ping test] ********************************************************************************************************************************************
2021-10-31 21:36:37,399 p=41510 u=rob n=ansible | skipping: [eveng]
2021-10-31 21:36:37,409 p=41510 u=rob n=ansible | skipping: [vyos-oobm]
2021-10-31 21:36:42,912 p=41510 u=rob n=ansible | ok: [PE2] => (item=172.29.255.1)
2021-10-31 21:36:42,913 p=41510 u=rob n=ansible | ok: [PE1] => (item=172.29.255.2)
2021-10-31 21:36:42,916 p=41510 u=rob n=ansible | ok: [PE3] => (item=172.29.255.2)
2021-10-31 21:36:47,283 p=41510 u=rob n=ansible | ok: [PE1] => (item=172.29.255.3)
2021-10-31 21:36:47,284 p=41510 u=rob n=ansible | ok: [PE2] => (item=172.29.255.3)
2021-10-31 21:36:47,337 p=41510 u=rob n=ansible | ok: [PE3] => (item=172.29.255.1)
2021-10-31 21:36:47,341 p=41510 u=rob n=ansible | TASK [eve-ng-lab-test : execute test commands] ***********************************************************************************************************************************
2021-10-31 21:36:47,363 p=41510 u=rob n=ansible | skipping: [eveng]
2021-10-31 21:36:47,370 p=41510 u=rob n=ansible | skipping: [vyos-oobm]
2021-10-31 21:36:48,725 p=41510 u=rob n=ansible | ok: [PE2] => (item={'desc': 'PING vyos-oobm with VRF', 'command': 'ping 10.100.0.1 vrf mgmt count 1', 'wait_for': ["result[0] contains '1 packets transmitted, 1 received'"]})
2021-10-31 21:36:48,729 p=41510 u=rob n=ansible | ok: [PE3] => (item={'desc': 'PING vyos-oobm with VRF', 'command': 'ping 10.100.0.1 vrf mgmt count 1', 'wait_for': ["result[0] contains '1 packets transmitted, 1 received'"]})
2021-10-31 21:36:48,731 p=41510 u=rob n=ansible | ok: [PE1] => (item={'desc': 'PING vyos-oobm with VRF', 'command': 'ping 10.100.0.1 vrf mgmt count 1', 'wait_for': ["result[0] contains '1 packets transmitted, 1 received'"]})
2021-10-31 21:36:49,061 p=41510 u=rob n=ansible | ok: [PE1] => (item={'desc': 'PING blue site 2', 'command': 'ping 10.1.2.10 vrf blue count 1', 'wait_for': ["result[0] contains '1 packets transmitted, 1 received'"]})
2021-10-31 21:36:49,392 p=41510 u=rob n=ansible | ok: [PE1] => (item={'desc': 'PING red site 2', 'command': 'ping 10.2.2.10 vrf red count 1', 'wait_for': ["result[0] contains '1 packets transmitted, 1 received'"]})
2021-10-31 21:36:49,717 p=41510 u=rob n=ansible | ok: [PE1] => (item={'desc': 'PING green site 3', 'command': 'ping 10.3.3.10 vrf green count 1', 'wait_for': ["result[0] contains '1 packets transmitted, 1 received'"]})
2021-10-31 21:36:49,722 p=41510 u=rob n=ansible | TASK [eve-ng-lab-test : register stdout commands] ********************************************************************************************************************************
2021-10-31 21:36:49,744 p=41510 u=rob n=ansible | skipping: [eveng]
2021-10-31 21:36:49,750 p=41510 u=rob n=ansible | skipping: [vyos-oobm]
2021-10-31 21:36:49,759 p=41510 u=rob n=ansible | skipping: [PE3]
2021-10-31 21:36:51,100 p=41510 u=rob n=ansible | ok: [PE2] => (item={'name': 'bgp_evpn_net', 'command': 'show bgp l2vpn evpn 10.3.1.10'})
2021-10-31 21:36:51,102 p=41510 u=rob n=ansible | ok: [PE1] => (item={'name': 'vrf_all', 'command': 'show ip route vrf all'})
2021-10-31 21:36:51,535 p=41510 u=rob n=ansible | ok: [PE1] => (item={'name': 'bgp_evpn', 'command': 'show bgp l2vpn evpn'})
2021-10-31 21:36:51,540 p=41510 u=rob n=ansible | TASK [eve-ng-lab-test : Set variables] *******************************************************************************************************************************************
2021-10-31 21:36:51,558 p=41510 u=rob n=ansible | skipping: [eveng]
2021-10-31 21:36:51,565 p=41510 u=rob n=ansible | skipping: [vyos-oobm]
2021-10-31 21:36:51,577 p=41510 u=rob n=ansible | skipping: [PE3]
2021-10-31 21:36:52,416 p=41510 u=rob n=ansible | ok: [PE1]
2021-10-31 21:36:52,417 p=41510 u=rob n=ansible | ok: [PE2]
2021-10-31 21:36:52,432 p=41510 u=rob n=ansible | TASK [eve-ng-lab-test : make sure tmp dir exist] *********************************************************************************************************************************
2021-10-31 21:36:52,462 p=41510 u=rob n=ansible | skipping: [eveng]
2021-10-31 21:36:52,471 p=41510 u=rob n=ansible | skipping: [vyos-oobm]
2021-10-31 21:36:52,666 p=41510 u=rob n=ansible | ok: [PE2 -> localhost]
2021-10-31 21:36:52,666 p=41510 u=rob n=ansible | ok: [PE1 -> localhost]
2021-10-31 21:36:52,666 p=41510 u=rob n=ansible | ok: [PE3 -> localhost]
2021-10-31 21:36:52,669 p=41510 u=rob n=ansible | TASK [eve-ng-lab-test : Download upgrade_iso] ************************************************************************************************************************************
2021-10-31 21:36:52,684 p=41510 u=rob n=ansible | skipping: [eveng]
2021-10-31 21:36:52,691 p=41510 u=rob n=ansible | skipping: [vyos-oobm]
2021-10-31 21:37:48,696 p=42155 u=rob n=ansible | persistent connection idle timeout triggered, timeout value is 60 secs.
See the timeout setting options in the Network Debug and Troubleshooting Guide.
2021-10-31 21:37:48,809 p=42155 u=rob n=ansible | shutdown complete
2021-10-31 21:37:51,782 p=42156 u=rob n=ansible | persistent connection idle timeout triggered, timeout value is 60 secs.
See the timeout setting options in the Network Debug and Troubleshooting Guide.
2021-10-31 21:37:51,785 p=42154 u=rob n=ansible | persistent connection idle timeout triggered, timeout value is 60 secs.
See the timeout setting options in the Network Debug and Troubleshooting Guide.
2021-10-31 21:37:51,889 p=42156 u=rob n=ansible | shutdown complete
2021-10-31 21:37:51,892 p=42154 u=rob n=ansible | shutdown complete
2021-10-31 21:39:32,204 p=41510 u=rob n=ansible | changed: [PE2 -> localhost]
2021-10-31 21:39:45,850 p=41510 u=rob n=ansible | ok: [PE3 -> localhost]
2021-10-31 21:39:46,892 p=41510 u=rob n=ansible | ok: [PE1 -> localhost]
2021-10-31 21:39:46,897 p=41510 u=rob n=ansible | TASK [eve-ng-lab-test : Copy iso to host] ****************************************************************************************************************************************
2021-10-31 21:39:46,910 p=41510 u=rob n=ansible | skipping: [eveng]
2021-10-31 21:39:46,916 p=41510 u=rob n=ansible | skipping: [vyos-oobm]
2021-10-31 21:39:47,874 p=42688 u=rob n=ansible | network_os is set to vyos
2021-10-31 21:39:47,874 p=42690 u=rob n=ansible | network_os is set to vyos
2021-10-31 21:39:47,874 p=42689 u=rob n=ansible | network_os is set to vyos
2021-10-31 21:39:48,506 p=42701 u=rob n=paramiko.transport | Connected (version 2.0, client OpenSSH_7.9p1)
2021-10-31 21:39:48,601 p=42701 u=rob n=paramiko.transport | Auth banner: b'Welcome to VyOS\n\n'
2021-10-31 21:39:48,601 p=42701 u=rob n=paramiko.transport | Authentication (publickey) successful!
2021-10-31 21:39:49,064 p=42700 u=rob n=paramiko.transport | Connected (version 2.0, client OpenSSH_7.9p1)
2021-10-31 21:39:49,067 p=42702 u=rob n=paramiko.transport | Connected (version 2.0, client OpenSSH_7.9p1)
2021-10-31 21:39:49,155 p=42700 u=rob n=paramiko.transport | Auth banner: b'Welcome to VyOS\n\n'
2021-10-31 21:39:49,156 p=42700 u=rob n=paramiko.transport | Authentication (publickey) successful!
2021-10-31 21:39:49,160 p=42702 u=rob n=paramiko.transport | Auth banner: b'Welcome to VyOS\n\n'
2021-10-31 21:39:49,161 p=42702 u=rob n=paramiko.transport | Authentication (publickey) successful!
2021-10-31 21:39:49,347 p=42701 u=rob n=paramiko.transport | Connected (version 2.0, client OpenSSH_7.9p1)
2021-10-31 21:39:49,443 p=42701 u=rob n=paramiko.transport | Auth banner: b'Welcome to VyOS\n\n'
2021-10-31 21:39:49,444 p=42701 u=rob n=paramiko.transport | Authentication (publickey) successful!
2021-10-31 21:39:49,808 p=42700 u=rob n=paramiko.transport | Connected (version 2.0, client OpenSSH_7.9p1)
2021-10-31 21:39:49,922 p=42700 u=rob n=paramiko.transport | Auth banner: b'Welcome to VyOS\n\n'
2021-10-31 21:39:49,923 p=42700 u=rob n=paramiko.transport | Authentication (publickey) successful!
2021-10-31 21:39:50,060 p=42702 u=rob n=paramiko.transport | Connected (version 2.0, client OpenSSH_7.9p1)
2021-10-31 21:39:50,161 p=42702 u=rob n=paramiko.transport | Auth banner: b'Welcome to VyOS\n\n'
2021-10-31 21:39:50,161 p=42702 u=rob n=paramiko.transport | Authentication (publickey) successful!
2021-10-31 21:40:30,012 p=41510 u=rob n=ansible | changed: [PE3]
2021-10-31 21:40:31,076 p=41510 u=rob n=ansible | changed: [PE1]
2021-10-31 21:40:31,157 p=41510 u=rob n=ansible | changed: [PE2]
2021-10-31 21:40:31,159 p=41510 u=rob n=ansible | TASK [eve-ng-lab-test : upgrade vyos] ********************************************************************************************************************************************
2021-10-31 21:40:31,175 p=41510 u=rob n=ansible | skipping: [eveng]
2021-10-31 21:40:31,182 p=41510 u=rob n=ansible | skipping: [vyos-oobm]
2021-10-31 21:40:32,754 p=42700 u=rob n=p=42700 u=rob | paramiko [PE1] | Connected (version 2.0, client OpenSSH_7.9p1)
2021-10-31 21:40:32,845 p=42700 u=rob n=p=42700 u=rob | paramiko [PE1] | Auth banner: b'Welcome to VyOS\n\n'
2021-10-31 21:40:32,846 p=42700 u=rob n=p=42700 u=rob | paramiko [PE1] | Authentication (publickey) successful!
2021-10-31 21:40:33,305 p=42702 u=rob n=p=42702 u=rob | paramiko [PE2] | Connected (version 2.0, client OpenSSH_7.9p1)
2021-10-31 21:40:33,305 p=42701 u=rob n=p=42701 u=rob | paramiko [PE3] | Connected (version 2.0, client OpenSSH_7.9p1)
2021-10-31 21:40:33,398 p=42701 u=rob n=p=42701 u=rob | paramiko [PE3] | Auth banner: b'Welcome to VyOS\n\n'
2021-10-31 21:40:33,398 p=42701 u=rob n=p=42701 u=rob | paramiko [PE3] | Authentication (publickey) successful!
2021-10-31 21:40:33,421 p=42702 u=rob n=p=42702 u=rob | paramiko [PE2] | Auth banner: b'Welcome to VyOS\n\n'
2021-10-31 21:40:33,421 p=42702 u=rob n=p=42702 u=rob | paramiko [PE2] | Authentication (publickey) successful!
2021-10-31 21:40:43,015 p=41510 u=rob n=ansible | ok: [PE1]
2021-10-31 21:40:44,234 p=41510 u=rob n=ansible | ok: [PE3]
2021-10-31 21:40:44,294 p=41510 u=rob n=ansible | ok: [PE2]
2021-10-31 21:40:44,298 p=41510 u=rob n=ansible | TASK [eve-ng-lab-test : Reboot vyos] *********************************************************************************************************************************************
2021-10-31 21:40:44,313 p=41510 u=rob n=ansible | skipping: [eveng]
2021-10-31 21:40:44,320 p=41510 u=rob n=ansible | skipping: [vyos-oobm]
2021-10-31 21:40:45,685 p=41510 u=rob n=ansible | ok: [PE1]
2021-10-31 21:40:45,690 p=41510 u=rob n=ansible | ok: [PE2]
2021-10-31 21:40:45,699 p=41510 u=rob n=ansible | ok: [PE3]
2021-10-31 21:40:45,702 p=41510 u=rob n=ansible | TASK [eve-ng-lab-test : wait while shutdown] *************************************************************************************************************************************
2021-10-31 21:40:45,712 p=41510 u=rob n=ansible | skipping: [eveng]
2021-10-31 21:40:45,714 p=41510 u=rob n=ansible | TASK [eve-ng-lab-test : Wait for vyos nodes] *************************************************************************************************************************************
2021-10-31 21:40:45,728 p=41510 u=rob n=ansible | skipping: [eveng]
2021-10-31 21:40:45,734 p=41510 u=rob n=ansible | skipping: [vyos-oobm]
2021-10-31 21:40:47,516 p=42845 u=rob n=p=42845 u=rob | paramiko [PE3] | Connected (version 2.0, client OpenSSH_7.9p1)
2021-10-31 21:40:47,610 p=42845 u=rob n=p=42845 u=rob | paramiko [PE3] | Auth banner: b'Welcome to VyOS\n\n'
2021-10-31 21:40:47,611 p=42845 u=rob n=p=42845 u=rob | paramiko [PE3] | Auth banner: b'System is going down. Unprivileged users are not permitted to log in anymore. For technical details, see pam_nologin(8).\n\n'
2021-10-31 21:40:47,767 p=42843 u=rob n=p=42843 u=rob | paramiko [PE1] | Connected (version 2.0, client OpenSSH_7.9p1)
2021-10-31 21:40:47,783 p=42844 u=rob n=p=42844 u=rob | paramiko [PE2] | Connected (version 2.0, client OpenSSH_7.9p1)
2021-10-31 21:40:47,821 p=42843 u=rob n=p=42843 u=rob | paramiko [PE1] | Auth banner: b'Welcome to VyOS\n\n'
2021-10-31 21:40:47,821 p=42843 u=rob n=p=42843 u=rob | paramiko [PE1] | Auth banner: b'System is going down. Unprivileged users are not permitted to log in anymore. For technical details, see pam_nologin(8).\n\n'
2021-10-31 21:40:47,838 p=42844 u=rob n=p=42844 u=rob | paramiko [PE2] | Auth banner: b'Welcome to VyOS\n\n'
2021-10-31 21:40:47,839 p=42844 u=rob n=p=42844 u=rob | paramiko [PE2] | Auth banner: b'System is going down. Unprivileged users are not permitted to log in anymore. For technical details, see pam_nologin(8).\n\n'
2021-10-31 21:41:45,956 p=42700 u=rob n=ansible | persistent connection idle timeout triggered, timeout value is 60 secs.
See the timeout setting options in the Network Debug and Troubleshooting Guide.
2021-10-31 21:41:45,962 p=42702 u=rob n=ansible | persistent connection idle timeout triggered, timeout value is 60 secs.
See the timeout setting options in the Network Debug and Troubleshooting Guide.
2021-10-31 21:41:45,967 p=42701 u=rob n=ansible | persistent connection idle timeout triggered, timeout value is 60 secs.
See the timeout setting options in the Network Debug and Troubleshooting Guide.
2021-10-31 21:41:46,060 p=42700 u=rob n=ansible | shutdown complete
2021-10-31 21:41:46,065 p=42702 u=rob n=ansible | shutdown complete
2021-10-31 21:41:46,076 p=42701 u=rob n=ansible | shutdown complete
2021-10-31 21:42:03,769 p=42845 u=rob n=p=42845 u=rob | paramiko [PE3] | Exception: Error reading SSH protocol banner
2021-10-31 21:42:03,773 p=42845 u=rob n=p=42845 u=rob | paramiko [PE3] | Traceback (most recent call last):
2021-10-31 21:42:03,773 p=42845 u=rob n=p=42845 u=rob | paramiko [PE3] |   File "/Users/rob/.local/share/virtualenvs/vyos-eveng-b9X2mBdh/lib/python3.9/site-packages/paramiko/transport.py", line 2211, in _check_banner
2021-10-31 21:42:03,773 p=42845 u=rob n=p=42845 u=rob | paramiko [PE3] |     buf = self.packetizer.readline(timeout)
2021-10-31 21:42:03,773 p=42845 u=rob n=p=42845 u=rob | paramiko [PE3] |   File "/Users/rob/.local/share/virtualenvs/vyos-eveng-b9X2mBdh/lib/python3.9/site-packages/paramiko/packet.py", line 380, in readline
2021-10-31 21:42:03,774 p=42845 u=rob n=p=42845 u=rob | paramiko [PE3] |     buf += self._read_timeout(timeout)
2021-10-31 21:42:03,774 p=42845 u=rob n=p=42845 u=rob | paramiko [PE3] |   File "/Users/rob/.local/share/virtualenvs/vyos-eveng-b9X2mBdh/lib/python3.9/site-packages/paramiko/packet.py", line 622, in _read_timeout
2021-10-31 21:42:03,774 p=42845 u=rob n=p=42845 u=rob | paramiko [PE3] |     raise socket.timeout()
2021-10-31 21:42:03,774 p=42845 u=rob n=p=42845 u=rob | paramiko [PE3] | socket.timeout
2021-10-31 21:42:03,774 p=42845 u=rob n=p=42845 u=rob | paramiko [PE3] | 
2021-10-31 21:42:03,774 p=42845 u=rob n=p=42845 u=rob | paramiko [PE3] | During handling of the above exception, another exception occurred:
2021-10-31 21:42:03,775 p=42845 u=rob n=p=42845 u=rob | paramiko [PE3] | 
2021-10-31 21:42:03,775 p=42845 u=rob n=p=42845 u=rob | paramiko [PE3] | Traceback (most recent call last):
2021-10-31 21:42:03,775 p=42845 u=rob n=p=42845 u=rob | paramiko [PE3] |   File "/Users/rob/.local/share/virtualenvs/vyos-eveng-b9X2mBdh/lib/python3.9/site-packages/paramiko/transport.py", line 2039, in run
2021-10-31 21:42:03,775 p=42845 u=rob n=p=42845 u=rob | paramiko [PE3] |     self._check_banner()
2021-10-31 21:42:03,775 p=42845 u=rob n=p=42845 u=rob | paramiko [PE3] |   File "/Users/rob/.local/share/virtualenvs/vyos-eveng-b9X2mBdh/lib/python3.9/site-packages/paramiko/transport.py", line 2215, in _check_banner
2021-10-31 21:42:03,775 p=42845 u=rob n=p=42845 u=rob | paramiko [PE3] |     raise SSHException(
2021-10-31 21:42:03,776 p=42845 u=rob n=p=42845 u=rob | paramiko [PE3] | paramiko.ssh_exception.SSHException: Error reading SSH protocol banner
2021-10-31 21:42:03,776 p=42845 u=rob n=p=42845 u=rob | paramiko [PE3] | 
2021-10-31 21:42:03,821 p=42843 u=rob n=p=42843 u=rob | paramiko [PE1] | Exception: Error reading SSH protocol banner
2021-10-31 21:42:03,822 p=42843 u=rob n=p=42843 u=rob | paramiko [PE1] | Traceback (most recent call last):
2021-10-31 21:42:03,822 p=42843 u=rob n=p=42843 u=rob | paramiko [PE1] |   File "/Users/rob/.local/share/virtualenvs/vyos-eveng-b9X2mBdh/lib/python3.9/site-packages/paramiko/transport.py", line 2211, in _check_banner
2021-10-31 21:42:03,822 p=42843 u=rob n=p=42843 u=rob | paramiko [PE1] |     buf = self.packetizer.readline(timeout)
2021-10-31 21:42:03,822 p=42843 u=rob n=p=42843 u=rob | paramiko [PE1] |   File "/Users/rob/.local/share/virtualenvs/vyos-eveng-b9X2mBdh/lib/python3.9/site-packages/paramiko/packet.py", line 380, in readline
2021-10-31 21:42:03,822 p=42843 u=rob n=p=42843 u=rob | paramiko [PE1] |     buf += self._read_timeout(timeout)
2021-10-31 21:42:03,823 p=42843 u=rob n=p=42843 u=rob | paramiko [PE1] |   File "/Users/rob/.local/share/virtualenvs/vyos-eveng-b9X2mBdh/lib/python3.9/site-packages/paramiko/packet.py", line 622, in _read_timeout
2021-10-31 21:42:03,823 p=42843 u=rob n=p=42843 u=rob | paramiko [PE1] |     raise socket.timeout()
2021-10-31 21:42:03,823 p=42843 u=rob n=p=42843 u=rob | paramiko [PE1] | socket.timeout
2021-10-31 21:42:03,823 p=42843 u=rob n=p=42843 u=rob | paramiko [PE1] | 
2021-10-31 21:42:03,823 p=42843 u=rob n=p=42843 u=rob | paramiko [PE1] | During handling of the above exception, another exception occurred:
2021-10-31 21:42:03,823 p=42843 u=rob n=p=42843 u=rob | paramiko [PE1] | 
2021-10-31 21:42:03,824 p=42843 u=rob n=p=42843 u=rob | paramiko [PE1] | Traceback (most recent call last):
2021-10-31 21:42:03,824 p=42843 u=rob n=p=42843 u=rob | paramiko [PE1] |   File "/Users/rob/.local/share/virtualenvs/vyos-eveng-b9X2mBdh/lib/python3.9/site-packages/paramiko/transport.py", line 2039, in run
2021-10-31 21:42:03,824 p=42843 u=rob n=p=42843 u=rob | paramiko [PE1] |     self._check_banner()
2021-10-31 21:42:03,824 p=42843 u=rob n=p=42843 u=rob | paramiko [PE1] |   File "/Users/rob/.local/share/virtualenvs/vyos-eveng-b9X2mBdh/lib/python3.9/site-packages/paramiko/transport.py", line 2215, in _check_banner
2021-10-31 21:42:03,824 p=42843 u=rob n=p=42843 u=rob | paramiko [PE1] |     raise SSHException(
2021-10-31 21:42:03,824 p=42843 u=rob n=p=42843 u=rob | paramiko [PE1] | paramiko.ssh_exception.SSHException: Error reading SSH protocol banner
2021-10-31 21:42:03,824 p=42843 u=rob n=p=42843 u=rob | paramiko [PE1] | 
2021-10-31 21:42:03,997 p=42844 u=rob n=p=42844 u=rob | paramiko [PE2] | Exception: Error reading SSH protocol banner
2021-10-31 21:42:03,998 p=42844 u=rob n=p=42844 u=rob | paramiko [PE2] | Traceback (most recent call last):
2021-10-31 21:42:03,999 p=42844 u=rob n=p=42844 u=rob | paramiko [PE2] |   File "/Users/rob/.local/share/virtualenvs/vyos-eveng-b9X2mBdh/lib/python3.9/site-packages/paramiko/transport.py", line 2211, in _check_banner
2021-10-31 21:42:03,999 p=42844 u=rob n=p=42844 u=rob | paramiko [PE2] |     buf = self.packetizer.readline(timeout)
2021-10-31 21:42:03,999 p=42844 u=rob n=p=42844 u=rob | paramiko [PE2] |   File "/Users/rob/.local/share/virtualenvs/vyos-eveng-b9X2mBdh/lib/python3.9/site-packages/paramiko/packet.py", line 380, in readline
2021-10-31 21:42:03,999 p=42844 u=rob n=p=42844 u=rob | paramiko [PE2] |     buf += self._read_timeout(timeout)
2021-10-31 21:42:03,999 p=42844 u=rob n=p=42844 u=rob | paramiko [PE2] |   File "/Users/rob/.local/share/virtualenvs/vyos-eveng-b9X2mBdh/lib/python3.9/site-packages/paramiko/packet.py", line 622, in _read_timeout
2021-10-31 21:42:03,999 p=42844 u=rob n=p=42844 u=rob | paramiko [PE2] |     raise socket.timeout()
2021-10-31 21:42:03,999 p=42844 u=rob n=p=42844 u=rob | paramiko [PE2] | socket.timeout
2021-10-31 21:42:04,000 p=42844 u=rob n=p=42844 u=rob | paramiko [PE2] | 
2021-10-31 21:42:04,000 p=42844 u=rob n=p=42844 u=rob | paramiko [PE2] | During handling of the above exception, another exception occurred:
2021-10-31 21:42:04,000 p=42844 u=rob n=p=42844 u=rob | paramiko [PE2] | 
2021-10-31 21:42:04,000 p=42844 u=rob n=p=42844 u=rob | paramiko [PE2] | Traceback (most recent call last):
2021-10-31 21:42:04,000 p=42844 u=rob n=p=42844 u=rob | paramiko [PE2] |   File "/Users/rob/.local/share/virtualenvs/vyos-eveng-b9X2mBdh/lib/python3.9/site-packages/paramiko/transport.py", line 2039, in run
2021-10-31 21:42:04,000 p=42844 u=rob n=p=42844 u=rob | paramiko [PE2] |     self._check_banner()
2021-10-31 21:42:04,000 p=42844 u=rob n=p=42844 u=rob | paramiko [PE2] |   File "/Users/rob/.local/share/virtualenvs/vyos-eveng-b9X2mBdh/lib/python3.9/site-packages/paramiko/transport.py", line 2215, in _check_banner
2021-10-31 21:42:04,001 p=42844 u=rob n=p=42844 u=rob | paramiko [PE2] |     raise SSHException(
2021-10-31 21:42:04,001 p=42844 u=rob n=p=42844 u=rob | paramiko [PE2] | paramiko.ssh_exception.SSHException: Error reading SSH protocol banner
2021-10-31 21:42:04,001 p=42844 u=rob n=p=42844 u=rob | paramiko [PE2] | 
2021-10-31 21:42:19,800 p=42845 u=rob n=p=42845 u=rob | paramiko [PE3] | Exception: Error reading SSH protocol banner
2021-10-31 21:42:19,801 p=42845 u=rob n=p=42845 u=rob | paramiko [PE3] | Traceback (most recent call last):
2021-10-31 21:42:19,801 p=42845 u=rob n=p=42845 u=rob | paramiko [PE3] |   File "/Users/rob/.local/share/virtualenvs/vyos-eveng-b9X2mBdh/lib/python3.9/site-packages/paramiko/transport.py", line 2211, in _check_banner
2021-10-31 21:42:19,801 p=42845 u=rob n=p=42845 u=rob | paramiko [PE3] |     buf = self.packetizer.readline(timeout)
2021-10-31 21:42:19,801 p=42845 u=rob n=p=42845 u=rob | paramiko [PE3] |   File "/Users/rob/.local/share/virtualenvs/vyos-eveng-b9X2mBdh/lib/python3.9/site-packages/paramiko/packet.py", line 380, in readline
2021-10-31 21:42:19,801 p=42845 u=rob n=p=42845 u=rob | paramiko [PE3] |     buf += self._read_timeout(timeout)
2021-10-31 21:42:19,802 p=42845 u=rob n=p=42845 u=rob | paramiko [PE3] |   File "/Users/rob/.local/share/virtualenvs/vyos-eveng-b9X2mBdh/lib/python3.9/site-packages/paramiko/packet.py", line 622, in _read_timeout
2021-10-31 21:42:19,802 p=42845 u=rob n=p=42845 u=rob | paramiko [PE3] |     raise socket.timeout()
2021-10-31 21:42:19,802 p=42845 u=rob n=p=42845 u=rob | paramiko [PE3] | socket.timeout
2021-10-31 21:42:19,802 p=42845 u=rob n=p=42845 u=rob | paramiko [PE3] | 
2021-10-31 21:42:19,802 p=42845 u=rob n=p=42845 u=rob | paramiko [PE3] | During handling of the above exception, another exception occurred:
2021-10-31 21:42:19,803 p=42845 u=rob n=p=42845 u=rob | paramiko [PE3] | 
2021-10-31 21:42:19,803 p=42845 u=rob n=p=42845 u=rob | paramiko [PE3] | Traceback (most recent call last):
2021-10-31 21:42:19,803 p=42845 u=rob n=p=42845 u=rob | paramiko [PE3] |   File "/Users/rob/.local/share/virtualenvs/vyos-eveng-b9X2mBdh/lib/python3.9/site-packages/paramiko/transport.py", line 2039, in run
2021-10-31 21:42:19,803 p=42845 u=rob n=p=42845 u=rob | paramiko [PE3] |     self._check_banner()
2021-10-31 21:42:19,803 p=42845 u=rob n=p=42845 u=rob | paramiko [PE3] |   File "/Users/rob/.local/share/virtualenvs/vyos-eveng-b9X2mBdh/lib/python3.9/site-packages/paramiko/transport.py", line 2215, in _check_banner
2021-10-31 21:42:19,803 p=42845 u=rob n=p=42845 u=rob | paramiko [PE3] |     raise SSHException(
2021-10-31 21:42:19,804 p=42845 u=rob n=p=42845 u=rob | paramiko [PE3] | paramiko.ssh_exception.SSHException: Error reading SSH protocol banner
2021-10-31 21:42:19,804 p=42845 u=rob n=p=42845 u=rob | paramiko [PE3] | 
2021-10-31 21:42:19,839 p=42843 u=rob n=p=42843 u=rob | paramiko [PE1] | Exception: Error reading SSH protocol banner
2021-10-31 21:42:19,839 p=42843 u=rob n=p=42843 u=rob | paramiko [PE1] | Traceback (most recent call last):
2021-10-31 21:42:19,840 p=42843 u=rob n=p=42843 u=rob | paramiko [PE1] |   File "/Users/rob/.local/share/virtualenvs/vyos-eveng-b9X2mBdh/lib/python3.9/site-packages/paramiko/transport.py", line 2211, in _check_banner
2021-10-31 21:42:19,840 p=42843 u=rob n=p=42843 u=rob | paramiko [PE1] |     buf = self.packetizer.readline(timeout)
2021-10-31 21:42:19,840 p=42843 u=rob n=p=42843 u=rob | paramiko [PE1] |   File "/Users/rob/.local/share/virtualenvs/vyos-eveng-b9X2mBdh/lib/python3.9/site-packages/paramiko/packet.py", line 380, in readline
2021-10-31 21:42:19,840 p=42843 u=rob n=p=42843 u=rob | paramiko [PE1] |     buf += self._read_timeout(timeout)
2021-10-31 21:42:19,840 p=42843 u=rob n=p=42843 u=rob | paramiko [PE1] |   File "/Users/rob/.local/share/virtualenvs/vyos-eveng-b9X2mBdh/lib/python3.9/site-packages/paramiko/packet.py", line 622, in _read_timeout
2021-10-31 21:42:19,840 p=42843 u=rob n=p=42843 u=rob | paramiko [PE1] |     raise socket.timeout()
2021-10-31 21:42:19,841 p=42843 u=rob n=p=42843 u=rob | paramiko [PE1] | socket.timeout
2021-10-31 21:42:19,841 p=42843 u=rob n=p=42843 u=rob | paramiko [PE1] | 
2021-10-31 21:42:19,841 p=42843 u=rob n=p=42843 u=rob | paramiko [PE1] | During handling of the above exception, another exception occurred:
2021-10-31 21:42:19,841 p=42843 u=rob n=p=42843 u=rob | paramiko [PE1] | 
2021-10-31 21:42:19,841 p=42843 u=rob n=p=42843 u=rob | paramiko [PE1] | Traceback (most recent call last):
2021-10-31 21:42:19,841 p=42843 u=rob n=p=42843 u=rob | paramiko [PE1] |   File "/Users/rob/.local/share/virtualenvs/vyos-eveng-b9X2mBdh/lib/python3.9/site-packages/paramiko/transport.py", line 2039, in run
2021-10-31 21:42:19,842 p=42843 u=rob n=p=42843 u=rob | paramiko [PE1] |     self._check_banner()
2021-10-31 21:42:19,842 p=42843 u=rob n=p=42843 u=rob | paramiko [PE1] |   File "/Users/rob/.local/share/virtualenvs/vyos-eveng-b9X2mBdh/lib/python3.9/site-packages/paramiko/transport.py", line 2215, in _check_banner
2021-10-31 21:42:19,842 p=42843 u=rob n=p=42843 u=rob | paramiko [PE1] |     raise SSHException(
2021-10-31 21:42:19,842 p=42843 u=rob n=p=42843 u=rob | paramiko [PE1] | paramiko.ssh_exception.SSHException: Error reading SSH protocol banner
2021-10-31 21:42:19,842 p=42843 u=rob n=p=42843 u=rob | paramiko [PE1] | 
2021-10-31 21:42:20,019 p=42844 u=rob n=p=42844 u=rob | paramiko [PE2] | Exception: Error reading SSH protocol banner
2021-10-31 21:42:20,020 p=42844 u=rob n=p=42844 u=rob | paramiko [PE2] | Traceback (most recent call last):
2021-10-31 21:42:20,020 p=42844 u=rob n=p=42844 u=rob | paramiko [PE2] |   File "/Users/rob/.local/share/virtualenvs/vyos-eveng-b9X2mBdh/lib/python3.9/site-packages/paramiko/transport.py", line 2211, in _check_banner
2021-10-31 21:42:20,020 p=42844 u=rob n=p=42844 u=rob | paramiko [PE2] |     buf = self.packetizer.readline(timeout)
2021-10-31 21:42:20,020 p=42844 u=rob n=p=42844 u=rob | paramiko [PE2] |   File "/Users/rob/.local/share/virtualenvs/vyos-eveng-b9X2mBdh/lib/python3.9/site-packages/paramiko/packet.py", line 380, in readline
2021-10-31 21:42:20,021 p=42844 u=rob n=p=42844 u=rob | paramiko [PE2] |     buf += self._read_timeout(timeout)
2021-10-31 21:42:20,021 p=42844 u=rob n=p=42844 u=rob | paramiko [PE2] |   File "/Users/rob/.local/share/virtualenvs/vyos-eveng-b9X2mBdh/lib/python3.9/site-packages/paramiko/packet.py", line 622, in _read_timeout
2021-10-31 21:42:20,021 p=42844 u=rob n=p=42844 u=rob | paramiko [PE2] |     raise socket.timeout()
2021-10-31 21:42:20,021 p=42844 u=rob n=p=42844 u=rob | paramiko [PE2] | socket.timeout
2021-10-31 21:42:20,021 p=42844 u=rob n=p=42844 u=rob | paramiko [PE2] | 
2021-10-31 21:42:20,021 p=42844 u=rob n=p=42844 u=rob | paramiko [PE2] | During handling of the above exception, another exception occurred:
2021-10-31 21:42:20,021 p=42844 u=rob n=p=42844 u=rob | paramiko [PE2] | 
2021-10-31 21:42:20,022 p=42844 u=rob n=p=42844 u=rob | paramiko [PE2] | Traceback (most recent call last):
2021-10-31 21:42:20,022 p=42844 u=rob n=p=42844 u=rob | paramiko [PE2] |   File "/Users/rob/.local/share/virtualenvs/vyos-eveng-b9X2mBdh/lib/python3.9/site-packages/paramiko/transport.py", line 2039, in run
2021-10-31 21:42:20,022 p=42844 u=rob n=p=42844 u=rob | paramiko [PE2] |     self._check_banner()
2021-10-31 21:42:20,022 p=42844 u=rob n=p=42844 u=rob | paramiko [PE2] |   File "/Users/rob/.local/share/virtualenvs/vyos-eveng-b9X2mBdh/lib/python3.9/site-packages/paramiko/transport.py", line 2215, in _check_banner
2021-10-31 21:42:20,022 p=42844 u=rob n=p=42844 u=rob | paramiko [PE2] |     raise SSHException(
2021-10-31 21:42:20,022 p=42844 u=rob n=p=42844 u=rob | paramiko [PE2] | paramiko.ssh_exception.SSHException: Error reading SSH protocol banner
2021-10-31 21:42:20,022 p=42844 u=rob n=p=42844 u=rob | paramiko [PE2] | 
2021-10-31 21:42:35,834 p=42845 u=rob n=p=42845 u=rob | paramiko [PE3] | Exception: Error reading SSH protocol banner
2021-10-31 21:42:35,834 p=42845 u=rob n=p=42845 u=rob | paramiko [PE3] | Traceback (most recent call last):
2021-10-31 21:42:35,834 p=42845 u=rob n=p=42845 u=rob | paramiko [PE3] |   File "/Users/rob/.local/share/virtualenvs/vyos-eveng-b9X2mBdh/lib/python3.9/site-packages/paramiko/transport.py", line 2211, in _check_banner
2021-10-31 21:42:35,835 p=42845 u=rob n=p=42845 u=rob | paramiko [PE3] |     buf = self.packetizer.readline(timeout)
2021-10-31 21:42:35,835 p=42845 u=rob n=p=42845 u=rob | paramiko [PE3] |   File "/Users/rob/.local/share/virtualenvs/vyos-eveng-b9X2mBdh/lib/python3.9/site-packages/paramiko/packet.py", line 380, in readline
2021-10-31 21:42:35,835 p=42845 u=rob n=p=42845 u=rob | paramiko [PE3] |     buf += self._read_timeout(timeout)
2021-10-31 21:42:35,835 p=42845 u=rob n=p=42845 u=rob | paramiko [PE3] |   File "/Users/rob/.local/share/virtualenvs/vyos-eveng-b9X2mBdh/lib/python3.9/site-packages/paramiko/packet.py", line 622, in _read_timeout
2021-10-31 21:42:35,835 p=42845 u=rob n=p=42845 u=rob | paramiko [PE3] |     raise socket.timeout()
2021-10-31 21:42:35,835 p=42845 u=rob n=p=42845 u=rob | paramiko [PE3] | socket.timeout
2021-10-31 21:42:35,836 p=42845 u=rob n=p=42845 u=rob | paramiko [PE3] | 
2021-10-31 21:42:35,836 p=42845 u=rob n=p=42845 u=rob | paramiko [PE3] | During handling of the above exception, another exception occurred:
2021-10-31 21:42:35,836 p=42845 u=rob n=p=42845 u=rob | paramiko [PE3] | 
2021-10-31 21:42:35,836 p=42845 u=rob n=p=42845 u=rob | paramiko [PE3] | Traceback (most recent call last):
2021-10-31 21:42:35,836 p=42845 u=rob n=p=42845 u=rob | paramiko [PE3] |   File "/Users/rob/.local/share/virtualenvs/vyos-eveng-b9X2mBdh/lib/python3.9/site-packages/paramiko/transport.py", line 2039, in run
2021-10-31 21:42:35,836 p=42845 u=rob n=p=42845 u=rob | paramiko [PE3] |     self._check_banner()
2021-10-31 21:42:35,837 p=42845 u=rob n=p=42845 u=rob | paramiko [PE3] |   File "/Users/rob/.local/share/virtualenvs/vyos-eveng-b9X2mBdh/lib/python3.9/site-packages/paramiko/transport.py", line 2215, in _check_banner
2021-10-31 21:42:35,837 p=42845 u=rob n=p=42845 u=rob | paramiko [PE3] |     raise SSHException(
2021-10-31 21:42:35,837 p=42845 u=rob n=p=42845 u=rob | paramiko [PE3] | paramiko.ssh_exception.SSHException: Error reading SSH protocol banner
2021-10-31 21:42:35,837 p=42845 u=rob n=p=42845 u=rob | paramiko [PE3] | 
2021-10-31 21:42:35,862 p=42843 u=rob n=p=42843 u=rob | paramiko [PE1] | Exception: Error reading SSH protocol banner
2021-10-31 21:42:35,862 p=42843 u=rob n=p=42843 u=rob | paramiko [PE1] | Traceback (most recent call last):
2021-10-31 21:42:35,862 p=42843 u=rob n=p=42843 u=rob | paramiko [PE1] |   File "/Users/rob/.local/share/virtualenvs/vyos-eveng-b9X2mBdh/lib/python3.9/site-packages/paramiko/transport.py", line 2211, in _check_banner
2021-10-31 21:42:35,863 p=42843 u=rob n=p=42843 u=rob | paramiko [PE1] |     buf = self.packetizer.readline(timeout)
2021-10-31 21:42:35,863 p=42843 u=rob n=p=42843 u=rob | paramiko [PE1] |   File "/Users/rob/.local/share/virtualenvs/vyos-eveng-b9X2mBdh/lib/python3.9/site-packages/paramiko/packet.py", line 380, in readline
2021-10-31 21:42:35,863 p=42843 u=rob n=p=42843 u=rob | paramiko [PE1] |     buf += self._read_timeout(timeout)
2021-10-31 21:42:35,863 p=42843 u=rob n=p=42843 u=rob | paramiko [PE1] |   File "/Users/rob/.local/share/virtualenvs/vyos-eveng-b9X2mBdh/lib/python3.9/site-packages/paramiko/packet.py", line 622, in _read_timeout
2021-10-31 21:42:35,863 p=42843 u=rob n=p=42843 u=rob | paramiko [PE1] |     raise socket.timeout()
2021-10-31 21:42:35,864 p=42843 u=rob n=p=42843 u=rob | paramiko [PE1] | socket.timeout
2021-10-31 21:42:35,864 p=42843 u=rob n=p=42843 u=rob | paramiko [PE1] | 
2021-10-31 21:42:35,864 p=42843 u=rob n=p=42843 u=rob | paramiko [PE1] | During handling of the above exception, another exception occurred:
2021-10-31 21:42:35,864 p=42843 u=rob n=p=42843 u=rob | paramiko [PE1] | 
2021-10-31 21:42:35,864 p=42843 u=rob n=p=42843 u=rob | paramiko [PE1] | Traceback (most recent call last):
2021-10-31 21:42:35,864 p=42843 u=rob n=p=42843 u=rob | paramiko [PE1] |   File "/Users/rob/.local/share/virtualenvs/vyos-eveng-b9X2mBdh/lib/python3.9/site-packages/paramiko/transport.py", line 2039, in run
2021-10-31 21:42:35,864 p=42843 u=rob n=p=42843 u=rob | paramiko [PE1] |     self._check_banner()
2021-10-31 21:42:35,865 p=42843 u=rob n=p=42843 u=rob | paramiko [PE1] |   File "/Users/rob/.local/share/virtualenvs/vyos-eveng-b9X2mBdh/lib/python3.9/site-packages/paramiko/transport.py", line 2215, in _check_banner
2021-10-31 21:42:35,865 p=42843 u=rob n=p=42843 u=rob | paramiko [PE1] |     raise SSHException(
2021-10-31 21:42:35,865 p=42843 u=rob n=p=42843 u=rob | paramiko [PE1] | paramiko.ssh_exception.SSHException: Error reading SSH protocol banner
2021-10-31 21:42:35,865 p=42843 u=rob n=p=42843 u=rob | paramiko [PE1] | 
2021-10-31 21:42:36,052 p=42844 u=rob n=p=42844 u=rob | paramiko [PE2] | Exception: Error reading SSH protocol banner
2021-10-31 21:42:36,052 p=42844 u=rob n=p=42844 u=rob | paramiko [PE2] | Traceback (most recent call last):
2021-10-31 21:42:36,052 p=42844 u=rob n=p=42844 u=rob | paramiko [PE2] |   File "/Users/rob/.local/share/virtualenvs/vyos-eveng-b9X2mBdh/lib/python3.9/site-packages/paramiko/transport.py", line 2211, in _check_banner
2021-10-31 21:42:36,053 p=42844 u=rob n=p=42844 u=rob | paramiko [PE2] |     buf = self.packetizer.readline(timeout)
2021-10-31 21:42:36,053 p=42844 u=rob n=p=42844 u=rob | paramiko [PE2] |   File "/Users/rob/.local/share/virtualenvs/vyos-eveng-b9X2mBdh/lib/python3.9/site-packages/paramiko/packet.py", line 380, in readline
2021-10-31 21:42:36,053 p=42844 u=rob n=p=42844 u=rob | paramiko [PE2] |     buf += self._read_timeout(timeout)
2021-10-31 21:42:36,053 p=42844 u=rob n=p=42844 u=rob | paramiko [PE2] |   File "/Users/rob/.local/share/virtualenvs/vyos-eveng-b9X2mBdh/lib/python3.9/site-packages/paramiko/packet.py", line 622, in _read_timeout
2021-10-31 21:42:36,053 p=42844 u=rob n=p=42844 u=rob | paramiko [PE2] |     raise socket.timeout()
2021-10-31 21:42:36,053 p=42844 u=rob n=p=42844 u=rob | paramiko [PE2] | socket.timeout
2021-10-31 21:42:36,053 p=42844 u=rob n=p=42844 u=rob | paramiko [PE2] | 
2021-10-31 21:42:36,054 p=42844 u=rob n=p=42844 u=rob | paramiko [PE2] | During handling of the above exception, another exception occurred:
2021-10-31 21:42:36,054 p=42844 u=rob n=p=42844 u=rob | paramiko [PE2] | 
2021-10-31 21:42:36,054 p=42844 u=rob n=p=42844 u=rob | paramiko [PE2] | Traceback (most recent call last):
2021-10-31 21:42:36,054 p=42844 u=rob n=p=42844 u=rob | paramiko [PE2] |   File "/Users/rob/.local/share/virtualenvs/vyos-eveng-b9X2mBdh/lib/python3.9/site-packages/paramiko/transport.py", line 2039, in run
2021-10-31 21:42:36,054 p=42844 u=rob n=p=42844 u=rob | paramiko [PE2] |     self._check_banner()
2021-10-31 21:42:36,054 p=42844 u=rob n=p=42844 u=rob | paramiko [PE2] |   File "/Users/rob/.local/share/virtualenvs/vyos-eveng-b9X2mBdh/lib/python3.9/site-packages/paramiko/transport.py", line 2215, in _check_banner
2021-10-31 21:42:36,054 p=42844 u=rob n=p=42844 u=rob | paramiko [PE2] |     raise SSHException(
2021-10-31 21:42:36,055 p=42844 u=rob n=p=42844 u=rob | paramiko [PE2] | paramiko.ssh_exception.SSHException: Error reading SSH protocol banner
2021-10-31 21:42:36,055 p=42844 u=rob n=p=42844 u=rob | paramiko [PE2] | 
2021-10-31 21:42:51,866 p=42845 u=rob n=p=42845 u=rob | paramiko [PE3] | Exception: Error reading SSH protocol banner
2021-10-31 21:42:51,867 p=42845 u=rob n=p=42845 u=rob | paramiko [PE3] | Traceback (most recent call last):
2021-10-31 21:42:51,867 p=42845 u=rob n=p=42845 u=rob | paramiko [PE3] |   File "/Users/rob/.local/share/virtualenvs/vyos-eveng-b9X2mBdh/lib/python3.9/site-packages/paramiko/transport.py", line 2211, in _check_banner
2021-10-31 21:42:51,867 p=42845 u=rob n=p=42845 u=rob | paramiko [PE3] |     buf = self.packetizer.readline(timeout)
2021-10-31 21:42:51,867 p=42845 u=rob n=p=42845 u=rob | paramiko [PE3] |   File "/Users/rob/.local/share/virtualenvs/vyos-eveng-b9X2mBdh/lib/python3.9/site-packages/paramiko/packet.py", line 380, in readline
2021-10-31 21:42:51,867 p=42845 u=rob n=p=42845 u=rob | paramiko [PE3] |     buf += self._read_timeout(timeout)
2021-10-31 21:42:51,868 p=42845 u=rob n=p=42845 u=rob | paramiko [PE3] |   File "/Users/rob/.local/share/virtualenvs/vyos-eveng-b9X2mBdh/lib/python3.9/site-packages/paramiko/packet.py", line 622, in _read_timeout
2021-10-31 21:42:51,868 p=42845 u=rob n=p=42845 u=rob | paramiko [PE3] |     raise socket.timeout()
2021-10-31 21:42:51,868 p=42845 u=rob n=p=42845 u=rob | paramiko [PE3] | socket.timeout
2021-10-31 21:42:51,868 p=42845 u=rob n=p=42845 u=rob | paramiko [PE3] | 
2021-10-31 21:42:51,868 p=42845 u=rob n=p=42845 u=rob | paramiko [PE3] | During handling of the above exception, another exception occurred:
2021-10-31 21:42:51,868 p=42845 u=rob n=p=42845 u=rob | paramiko [PE3] | 
2021-10-31 21:42:51,869 p=42845 u=rob n=p=42845 u=rob | paramiko [PE3] | Traceback (most recent call last):
2021-10-31 21:42:51,869 p=42845 u=rob n=p=42845 u=rob | paramiko [PE3] |   File "/Users/rob/.local/share/virtualenvs/vyos-eveng-b9X2mBdh/lib/python3.9/site-packages/paramiko/transport.py", line 2039, in run
2021-10-31 21:42:51,869 p=42845 u=rob n=p=42845 u=rob | paramiko [PE3] |     self._check_banner()
2021-10-31 21:42:51,869 p=42845 u=rob n=p=42845 u=rob | paramiko [PE3] |   File "/Users/rob/.local/share/virtualenvs/vyos-eveng-b9X2mBdh/lib/python3.9/site-packages/paramiko/transport.py", line 2215, in _check_banner
2021-10-31 21:42:51,869 p=42845 u=rob n=p=42845 u=rob | paramiko [PE3] |     raise SSHException(
2021-10-31 21:42:51,869 p=42845 u=rob n=p=42845 u=rob | paramiko [PE3] | paramiko.ssh_exception.SSHException: Error reading SSH protocol banner
2021-10-31 21:42:51,870 p=42845 u=rob n=p=42845 u=rob | paramiko [PE3] | 
2021-10-31 21:42:51,897 p=42843 u=rob n=p=42843 u=rob | paramiko [PE1] | Exception: Error reading SSH protocol banner
2021-10-31 21:42:51,897 p=42843 u=rob n=p=42843 u=rob | paramiko [PE1] | Traceback (most recent call last):
2021-10-31 21:42:51,898 p=42843 u=rob n=p=42843 u=rob | paramiko [PE1] |   File "/Users/rob/.local/share/virtualenvs/vyos-eveng-b9X2mBdh/lib/python3.9/site-packages/paramiko/transport.py", line 2211, in _check_banner
2021-10-31 21:42:51,898 p=42843 u=rob n=p=42843 u=rob | paramiko [PE1] |     buf = self.packetizer.readline(timeout)
2021-10-31 21:42:51,898 p=42843 u=rob n=p=42843 u=rob | paramiko [PE1] |   File "/Users/rob/.local/share/virtualenvs/vyos-eveng-b9X2mBdh/lib/python3.9/site-packages/paramiko/packet.py", line 380, in readline
2021-10-31 21:42:51,898 p=42843 u=rob n=p=42843 u=rob | paramiko [PE1] |     buf += self._read_timeout(timeout)
2021-10-31 21:42:51,898 p=42843 u=rob n=p=42843 u=rob | paramiko [PE1] |   File "/Users/rob/.local/share/virtualenvs/vyos-eveng-b9X2mBdh/lib/python3.9/site-packages/paramiko/packet.py", line 622, in _read_timeout
2021-10-31 21:42:51,898 p=42843 u=rob n=p=42843 u=rob | paramiko [PE1] |     raise socket.timeout()
2021-10-31 21:42:51,899 p=42843 u=rob n=p=42843 u=rob | paramiko [PE1] | socket.timeout
2021-10-31 21:42:51,899 p=42843 u=rob n=p=42843 u=rob | paramiko [PE1] | 
2021-10-31 21:42:51,899 p=42843 u=rob n=p=42843 u=rob | paramiko [PE1] | During handling of the above exception, another exception occurred:
2021-10-31 21:42:51,899 p=42843 u=rob n=p=42843 u=rob | paramiko [PE1] | 
2021-10-31 21:42:51,899 p=42843 u=rob n=p=42843 u=rob | paramiko [PE1] | Traceback (most recent call last):
2021-10-31 21:42:51,899 p=42843 u=rob n=p=42843 u=rob | paramiko [PE1] |   File "/Users/rob/.local/share/virtualenvs/vyos-eveng-b9X2mBdh/lib/python3.9/site-packages/paramiko/transport.py", line 2039, in run
2021-10-31 21:42:51,900 p=42843 u=rob n=p=42843 u=rob | paramiko [PE1] |     self._check_banner()
2021-10-31 21:42:51,900 p=42843 u=rob n=p=42843 u=rob | paramiko [PE1] |   File "/Users/rob/.local/share/virtualenvs/vyos-eveng-b9X2mBdh/lib/python3.9/site-packages/paramiko/transport.py", line 2215, in _check_banner
2021-10-31 21:42:51,900 p=42843 u=rob n=p=42843 u=rob | paramiko [PE1] |     raise SSHException(
2021-10-31 21:42:51,900 p=42843 u=rob n=p=42843 u=rob | paramiko [PE1] | paramiko.ssh_exception.SSHException: Error reading SSH protocol banner
2021-10-31 21:42:51,900 p=42843 u=rob n=p=42843 u=rob | paramiko [PE1] | 
2021-10-31 21:42:52,081 p=42844 u=rob n=p=42844 u=rob | paramiko [PE2] | Exception: Error reading SSH protocol banner
2021-10-31 21:42:52,081 p=42844 u=rob n=p=42844 u=rob | paramiko [PE2] | Traceback (most recent call last):
2021-10-31 21:42:52,081 p=42844 u=rob n=p=42844 u=rob | paramiko [PE2] |   File "/Users/rob/.local/share/virtualenvs/vyos-eveng-b9X2mBdh/lib/python3.9/site-packages/paramiko/transport.py", line 2211, in _check_banner
2021-10-31 21:42:52,082 p=42844 u=rob n=p=42844 u=rob | paramiko [PE2] |     buf = self.packetizer.readline(timeout)
2021-10-31 21:42:52,082 p=42844 u=rob n=p=42844 u=rob | paramiko [PE2] |   File "/Users/rob/.local/share/virtualenvs/vyos-eveng-b9X2mBdh/lib/python3.9/site-packages/paramiko/packet.py", line 380, in readline
2021-10-31 21:42:52,082 p=42844 u=rob n=p=42844 u=rob | paramiko [PE2] |     buf += self._read_timeout(timeout)
2021-10-31 21:42:52,082 p=42844 u=rob n=p=42844 u=rob | paramiko [PE2] |   File "/Users/rob/.local/share/virtualenvs/vyos-eveng-b9X2mBdh/lib/python3.9/site-packages/paramiko/packet.py", line 622, in _read_timeout
2021-10-31 21:42:52,082 p=42844 u=rob n=p=42844 u=rob | paramiko [PE2] |     raise socket.timeout()
2021-10-31 21:42:52,082 p=42844 u=rob n=p=42844 u=rob | paramiko [PE2] | socket.timeout
2021-10-31 21:42:52,082 p=42844 u=rob n=p=42844 u=rob | paramiko [PE2] | 
2021-10-31 21:42:52,083 p=42844 u=rob n=p=42844 u=rob | paramiko [PE2] | During handling of the above exception, another exception occurred:
2021-10-31 21:42:52,083 p=42844 u=rob n=p=42844 u=rob | paramiko [PE2] | 
2021-10-31 21:42:52,083 p=42844 u=rob n=p=42844 u=rob | paramiko [PE2] | Traceback (most recent call last):
2021-10-31 21:42:52,083 p=42844 u=rob n=p=42844 u=rob | paramiko [PE2] |   File "/Users/rob/.local/share/virtualenvs/vyos-eveng-b9X2mBdh/lib/python3.9/site-packages/paramiko/transport.py", line 2039, in run
2021-10-31 21:42:52,083 p=42844 u=rob n=p=42844 u=rob | paramiko [PE2] |     self._check_banner()
2021-10-31 21:42:52,083 p=42844 u=rob n=p=42844 u=rob | paramiko [PE2] |   File "/Users/rob/.local/share/virtualenvs/vyos-eveng-b9X2mBdh/lib/python3.9/site-packages/paramiko/transport.py", line 2215, in _check_banner
2021-10-31 21:42:52,083 p=42844 u=rob n=p=42844 u=rob | paramiko [PE2] |     raise SSHException(
2021-10-31 21:42:52,084 p=42844 u=rob n=p=42844 u=rob | paramiko [PE2] | paramiko.ssh_exception.SSHException: Error reading SSH protocol banner
2021-10-31 21:42:52,084 p=42844 u=rob n=p=42844 u=rob | paramiko [PE2] | 
2021-10-31 21:42:53,384 p=42845 u=rob n=p=42845 u=rob | paramiko [PE3] | Connected (version 2.0, client OpenSSH_8.4p1)
2021-10-31 21:42:53,459 p=42845 u=rob n=p=42845 u=rob | paramiko [PE3] | Auth banner: b'Welcome to VyOS\n'
2021-10-31 21:42:53,460 p=42845 u=rob n=p=42845 u=rob | paramiko [PE3] | Authentication (publickey) successful!
2021-10-31 21:42:53,638 p=42843 u=rob n=p=42843 u=rob | paramiko [PE1] | Connected (version 2.0, client OpenSSH_8.4p1)
2021-10-31 21:42:53,714 p=42843 u=rob n=p=42843 u=rob | paramiko [PE1] | Auth banner: b'Welcome to VyOS\n'
2021-10-31 21:42:53,714 p=42843 u=rob n=p=42843 u=rob | paramiko [PE1] | Authentication (publickey) successful!
2021-10-31 21:42:53,940 p=42844 u=rob n=p=42844 u=rob | paramiko [PE2] | Connected (version 2.0, client OpenSSH_8.4p1)
2021-10-31 21:42:54,022 p=42844 u=rob n=p=42844 u=rob | paramiko [PE2] | Auth banner: b'Welcome to VyOS\n'
2021-10-31 21:42:54,023 p=42844 u=rob n=p=42844 u=rob | paramiko [PE2] | Authentication (publickey) successful!
2021-10-31 21:42:55,263 p=41510 u=rob n=ansible | ok: [PE1]
2021-10-31 21:42:55,515 p=41510 u=rob n=ansible | ok: [PE3]
2021-10-31 21:42:55,629 p=41510 u=rob n=ansible | ok: [PE2]
2021-10-31 21:42:55,632 p=41510 u=rob n=ansible | TASK [eve-ng-lab-test : clear tmp dir] *******************************************************************************************************************************************
2021-10-31 21:42:55,641 p=41510 u=rob n=ansible | skipping: [eveng]
2021-10-31 21:42:55,643 p=41510 u=rob n=ansible | TASK [eve-ng-lab-test : wait, b/c the ping often failed without a short break] ***************************************************************************************************
2021-10-31 21:42:55,650 p=42957 u=rob n=ansible | Pausing for 30 seconds
2021-10-31 21:42:55,650 p=42957 u=rob n=ansible | (ctrl+C then 'C' = continue early, ctrl+C then 'A' = abort)
2021-10-31 21:43:25,660 p=41510 u=rob n=ansible | ok: [eveng]
2021-10-31 21:43:25,671 p=41510 u=rob n=ansible | TASK [eve-ng-lab-test : do ping test] ********************************************************************************************************************************************
2021-10-31 21:43:25,708 p=41510 u=rob n=ansible | skipping: [eveng]
2021-10-31 21:43:25,716 p=41510 u=rob n=ansible | skipping: [vyos-oobm]
2021-10-31 21:43:26,608 p=42963 u=rob n=ansible | network_os is set to vyos
2021-10-31 21:43:26,608 p=42964 u=rob n=ansible | network_os is set to vyos
2021-10-31 21:43:26,612 p=42965 u=rob n=ansible | network_os is set to vyos
2021-10-31 21:43:27,771 p=42974 u=rob n=p=42974 u=rob | paramiko [PE2] | Connected (version 2.0, client OpenSSH_8.4p1)
2021-10-31 21:43:27,772 p=42972 u=rob n=p=42972 u=rob | paramiko [PE1] | Connected (version 2.0, client OpenSSH_8.4p1)
2021-10-31 21:43:27,776 p=42977 u=rob n=p=42977 u=rob | paramiko [PE3] | Connected (version 2.0, client OpenSSH_8.4p1)
2021-10-31 21:43:27,869 p=42974 u=rob n=p=42974 u=rob | paramiko [PE2] | Auth banner: b'Welcome to VyOS\n'
2021-10-31 21:43:27,869 p=42972 u=rob n=p=42972 u=rob | paramiko [PE1] | Auth banner: b'Welcome to VyOS\n'
2021-10-31 21:43:27,869 p=42977 u=rob n=p=42977 u=rob | paramiko [PE3] | Auth banner: b'Welcome to VyOS\n'
2021-10-31 21:43:27,869 p=42974 u=rob n=p=42974 u=rob | paramiko [PE2] | Authentication (publickey) successful!
2021-10-31 21:43:27,869 p=42972 u=rob n=p=42972 u=rob | paramiko [PE1] | Authentication (publickey) successful!
2021-10-31 21:43:27,869 p=42977 u=rob n=p=42977 u=rob | paramiko [PE3] | Authentication (publickey) successful!
2021-10-31 21:43:33,659 p=41510 u=rob n=ansible | ok: [PE3] => (item=172.29.255.2)
2021-10-31 21:43:33,662 p=41510 u=rob n=ansible | ok: [PE2] => (item=172.29.255.1)
2021-10-31 21:43:33,733 p=41510 u=rob n=ansible | ok: [PE1] => (item=172.29.255.2)
2021-10-31 21:43:38,969 p=41510 u=rob n=ansible | ok: [PE3] => (item=172.29.255.1)
2021-10-31 21:43:38,971 p=41510 u=rob n=ansible | ok: [PE2] => (item=172.29.255.3)
2021-10-31 21:43:38,990 p=41510 u=rob n=ansible | ok: [PE1] => (item=172.29.255.3)
2021-10-31 21:43:38,996 p=41510 u=rob n=ansible | TASK [eve-ng-lab-test : execute test commands] ***********************************************************************************************************************************
2021-10-31 21:43:39,017 p=41510 u=rob n=ansible | skipping: [eveng]
2021-10-31 21:43:39,023 p=41510 u=rob n=ansible | skipping: [vyos-oobm]
2021-10-31 21:43:40,270 p=41510 u=rob n=ansible | ok: [PE3] => (item={'desc': 'PING vyos-oobm with VRF', 'command': 'ping 10.100.0.1 vrf mgmt count 1', 'wait_for': ["result[0] contains '1 packets transmitted, 1 received'"]})
2021-10-31 21:43:40,271 p=41510 u=rob n=ansible | ok: [PE2] => (item={'desc': 'PING vyos-oobm with VRF', 'command': 'ping 10.100.0.1 vrf mgmt count 1', 'wait_for': ["result[0] contains '1 packets transmitted, 1 received'"]})
2021-10-31 21:43:40,273 p=41510 u=rob n=ansible | ok: [PE1] => (item={'desc': 'PING vyos-oobm with VRF', 'command': 'ping 10.100.0.1 vrf mgmt count 1', 'wait_for': ["result[0] contains '1 packets transmitted, 1 received'"]})
2021-10-31 21:43:52,162 p=41510 u=rob n=ansible | failed: [PE1] (item={'desc': 'PING blue site 2', 'command': 'ping 10.1.2.10 vrf blue count 1', 'wait_for': ["result[0] contains '1 packets transmitted, 1 received'"]}) => {"ansible_loop_var": "item", "changed": false, "failed_conditions": ["result[0] contains '1 packets transmitted, 1 received'"], "item": {"command": "ping 10.1.2.10 vrf blue count 1", "desc": "PING blue site 2", "wait_for": ["result[0] contains '1 packets transmitted, 1 received'"]}, "msg": "One or more conditional statements have not been satisfied"}
2021-10-31 21:44:04,048 p=41510 u=rob n=ansible | failed: [PE1] (item={'desc': 'PING red site 2', 'command': 'ping 10.2.2.10 vrf red count 1', 'wait_for': ["result[0] contains '1 packets transmitted, 1 received'"]}) => {"ansible_loop_var": "item", "changed": false, "failed_conditions": ["result[0] contains '1 packets transmitted, 1 received'"], "item": {"command": "ping 10.2.2.10 vrf red count 1", "desc": "PING red site 2", "wait_for": ["result[0] contains '1 packets transmitted, 1 received'"]}, "msg": "One or more conditional statements have not been satisfied"}
2021-10-31 21:44:15,937 p=41510 u=rob n=ansible | failed: [PE1] (item={'desc': 'PING green site 3', 'command': 'ping 10.3.3.10 vrf green count 1', 'wait_for': ["result[0] contains '1 packets transmitted, 1 received'"]}) => {"ansible_loop_var": "item", "changed": false, "failed_conditions": ["result[0] contains '1 packets transmitted, 1 received'"], "item": {"command": "ping 10.3.3.10 vrf green count 1", "desc": "PING green site 3", "wait_for": ["result[0] contains '1 packets transmitted, 1 received'"]}, "msg": "One or more conditional statements have not been satisfied"}
2021-10-31 21:44:15,939 p=41510 u=rob n=ansible | NO MORE HOSTS LEFT ***************************************************************************************************************************************************************
2021-10-31 21:44:15,942 p=41510 u=rob n=ansible | PLAY RECAP ***********************************************************************************************************************************************************************
2021-10-31 21:44:15,942 p=41510 u=rob n=ansible | PE1                        : ok=14   changed=2    unreachable=0    failed=1    skipped=35   rescued=0    ignored=0   
2021-10-31 21:44:15,942 p=41510 u=rob n=ansible | PE2                        : ok=15   changed=3    unreachable=0    failed=0    skipped=35   rescued=0    ignored=0   
2021-10-31 21:44:15,942 p=41510 u=rob n=ansible | PE3                        : ok=13   changed=2    unreachable=0    failed=0    skipped=37   rescued=0    ignored=0   
2021-10-31 21:44:15,942 p=41510 u=rob n=ansible | eveng                      : ok=15   changed=1    unreachable=0    failed=0    skipped=39   rescued=0    ignored=0   
2021-10-31 21:44:15,943 p=41510 u=rob n=ansible | vyos-oobm                  : ok=1    changed=0    unreachable=0    failed=0    skipped=48   rescued=0    ignored=0   
2021-10-31 21:44:16,041 p=42974 u=rob n=ansible | shutdown complete
2021-10-31 21:44:16,042 p=42977 u=rob n=ansible | shutdown complete
2021-10-31 21:44:16,042 p=42972 u=rob n=ansible | shutdown complete
